Loading model...
  Loaded: checkpoints/d41s5/best.pt  (val_ppl=?)
  Sequence length: 269 tokens
Extracting attention weights...
  Loaded: checkpoints/d41s5/best.pt  (val_ppl=?)
  Layer 0 DSQG: alpha shape torch.Size([1, 8, 269, 47]), max=1.0000, mean=0.0213
  Layer 1 DSQG: alpha shape torch.Size([1, 8, 269, 47]), max=1.0000, mean=0.0213
  Layer 2 DSQG: alpha shape torch.Size([1, 8, 269, 47]), max=1.0000, mean=0.0213
  Layer 3 DSQG: alpha shape torch.Size([1, 8, 269, 47]), max=1.0000, mean=0.0213
  Layer 4 DSQG: alpha shape torch.Size([1, 8, 269, 47]), max=1.0000, mean=0.0213

Generating visualizations in /home/dlewis3/Desktop/AI/DWARF/tools/viz_output/d41s5_14m/
  Saved: /home/dlewis3/Desktop/AI/DWARF/tools/viz_output/d41s5_14m/d41s5_best_comparison.png
  Saved: /home/dlewis3/Desktop/AI/DWARF/tools/viz_output/d41s5_14m/d41s5_best_dsqg_layer0.png
  Saved: /home/dlewis3/Desktop/AI/DWARF/tools/viz_output/d41s5_14m/d41s5_best_dsqg_layer1.png
  Saved: /home/dlewis3/Desktop/AI/DWARF/tools/viz_output/d41s5_14m/d41s5_best_dsqg_layer2.png
  Saved: /home/dlewis3/Desktop/AI/DWARF/tools/viz_output/d41s5_14m/d41s5_best_dsqg_layer3.png
  Saved: /home/dlewis3/Desktop/AI/DWARF/tools/viz_output/d41s5_14m/d41s5_best_dsqg_layer4.png
  Saved: /home/dlewis3/Desktop/AI/DWARF/tools/viz_output/d41s5_14m/d41s5_best_full_attn.png
  Saved: /home/dlewis3/Desktop/AI/DWARF/tools/viz_output/d41s5_14m/d41s5_best_pos_bias.png
  Saved: /home/dlewis3/Desktop/AI/DWARF/tools/viz_output/d41s5_14m/d41s5_best_if_gains.png

Done. Files in /home/dlewis3/Desktop/AI/DWARF/tools/viz_output/d41s5_14m/
Key file: *_comparison.png — the DSQG comb vs full attention side-by-side
