Loading model...
  Loaded: checkpoints/2048_condM_85m_checkpoints/best.pt  (val_ppl=?)
  Sequence length: 269 tokens
Extracting attention weights...
  Loaded: checkpoints/2048_condM_85m_checkpoints/best.pt  (val_ppl=?)
  Layer 0 DSQG: alpha shape torch.Size([1, 8, 269, 44]), max=1.0000, mean=0.0227
  Layer 1 DSQG: alpha shape torch.Size([1, 8, 269, 44]), max=1.0000, mean=0.0227
  Layer 2 DSQG: alpha shape torch.Size([1, 8, 269, 44]), max=1.0000, mean=0.0227
  Layer 3 DSQG: alpha shape torch.Size([1, 8, 269, 44]), max=1.0000, mean=0.0227
  Layer 4 DSQG: alpha shape torch.Size([1, 8, 269, 44]), max=1.0000, mean=0.0227
  Layer 5 DSQG: alpha shape torch.Size([1, 8, 269, 44]), max=1.0000, mean=0.0227
  Layer 6 DSQG: alpha shape torch.Size([1, 8, 269, 44]), max=1.0000, mean=0.0227
  Layer 7 DSQG: alpha shape torch.Size([1, 8, 269, 44]), max=1.0000, mean=0.0227
  Layer 8 DSQG: alpha shape torch.Size([1, 8, 269, 44]), max=1.0000, mean=0.0227
  Layer 9 DSQG: alpha shape torch.Size([1, 8, 269, 44]), max=1.0000, mean=0.0227
  Layer 10 DSQG: alpha shape torch.Size([1, 8, 269, 44]), max=1.0000, mean=0.0227

Generating visualizations in /home/dlewis3/Desktop/AI/DWARF/tools/viz_output/condM_85m/
  Saved: /home/dlewis3/Desktop/AI/DWARF/tools/viz_output/condM_85m/2048_condM_85m_checkpoints_best_comparison.png
  Saved: /home/dlewis3/Desktop/AI/DWARF/tools/viz_output/condM_85m/2048_condM_85m_checkpoints_best_dsqg_layer0.png
  Saved: /home/dlewis3/Desktop/AI/DWARF/tools/viz_output/condM_85m/2048_condM_85m_checkpoints_best_dsqg_layer1.png
  Saved: /home/dlewis3/Desktop/AI/DWARF/tools/viz_output/condM_85m/2048_condM_85m_checkpoints_best_dsqg_layer2.png
  Saved: /home/dlewis3/Desktop/AI/DWARF/tools/viz_output/condM_85m/2048_condM_85m_checkpoints_best_dsqg_layer3.png
  Saved: /home/dlewis3/Desktop/AI/DWARF/tools/viz_output/condM_85m/2048_condM_85m_checkpoints_best_dsqg_layer4.png
  Saved: /home/dlewis3/Desktop/AI/DWARF/tools/viz_output/condM_85m/2048_condM_85m_checkpoints_best_dsqg_layer5.png
  Saved: /home/dlewis3/Desktop/AI/DWARF/tools/viz_output/condM_85m/2048_condM_85m_checkpoints_best_dsqg_layer6.png
  Saved: /home/dlewis3/Desktop/AI/DWARF/tools/viz_output/condM_85m/2048_condM_85m_checkpoints_best_dsqg_layer7.png
  Saved: /home/dlewis3/Desktop/AI/DWARF/tools/viz_output/condM_85m/2048_condM_85m_checkpoints_best_dsqg_layer8.png
  Saved: /home/dlewis3/Desktop/AI/DWARF/tools/viz_output/condM_85m/2048_condM_85m_checkpoints_best_dsqg_layer9.png
  Saved: /home/dlewis3/Desktop/AI/DWARF/tools/viz_output/condM_85m/2048_condM_85m_checkpoints_best_dsqg_layer10.png
  Saved: /home/dlewis3/Desktop/AI/DWARF/tools/viz_output/condM_85m/2048_condM_85m_checkpoints_best_full_attn.png
  Saved: /home/dlewis3/Desktop/AI/DWARF/tools/viz_output/condM_85m/2048_condM_85m_checkpoints_best_pos_bias.png

Done. Files in /home/dlewis3/Desktop/AI/DWARF/tools/viz_output/condM_85m/
Key file: *_comparison.png — the DSQG comb vs full attention side-by-side
