Device: cuda
Offsets (44): [0, 1, 2, 3, 4, 5, 6, 7, 8, 9, 10, 11, 12, 13, 14, 15, 16, 17, 18, 19, 20, 21, 22, 23, 24, 25, 26, 27, 28, 29, 30, 31, 32, 33, 34, 35, 36, 37, 38, 39, 40, 128, 384, 1536]
Two-θ design: θ_local=1.5 (heads 0-6), θ_distal=1.0 (head 7)
Wavelet coefficients (provenance only):
  local:  [0.3536, 0.7071, 0.6124, -0.1768]
  distal: [0.4903, 0.8345, 0.2168, -0.1274]
Loaded tokenizer from /home/dlewis3/Desktop/AI/DWARF/train/../results/2048_condI_tokenizer.json  (vocab=32000)
Loading pre-encoded dataset from logs/fineweb_encoded_2048.pt …
  train: 52,716  val: 5,582  test: 5,473 seqs
Parameters: 13,466,488
[Ep 1] train_loss=5.8211 (365s, 295875 tok/s)
[Ep 1] val_ppl=163.281
  L0: se_max=0.2804 pb_max=9.6161 if_gain=[0.936, 0.935, 0.919, 0.924, 0.925, 0.937, 0.932, 0.934]
  L1: se_max=0.3672 pb_max=9.6712 if_gain=[0.997, 0.971, 0.964, 0.95, 0.936, 0.959, 0.935, 0.956]
  L2: se_max=0.3332 pb_max=9.9061 if_gain=[1.01, 0.988, 0.981, 0.958, 0.979, 1.01, 0.933, 0.989]
  L3: se_max=0.3967 pb_max=9.8635 if_gain=[1.101, 0.991, 0.967, 1.002, 0.972, 0.968, 0.977, 0.987]
  L4: se_max=0.2077 pb_max=9.5993 if_gain=[1.001, 0.977, 0.999, 1.014, 0.953, 0.945, 0.949, 1.011]
  L5: se_max=0.0813 pb_max=9.8960 if_gain=[1.003, 0.992, 0.943, 0.981, 0.943, 0.936, 0.94, 0.978]
[Ep 1] passkey_mean=0.0%  per_dist=['d1:0%', 'd2:0%', 'd4:0%', 'd8:0%', 'd16:0%', 'd32:0%', 'd64:0%', 'd128:0%', 'd256:0%', 'd512:0%', 'd1024:0%', 'd1536:0%']
[Ep 1] ✓ new best: 163.281
[Ep 2] train_loss=4.9001 (366s, 294725 tok/s)
[Ep 2] val_ppl=108.172
  L0: se_max=0.3147 pb_max=9.2585 if_gain=[0.896, 0.886, 0.846, 0.877, 0.874, 0.898, 0.886, 0.906]
  L1: se_max=0.4063 pb_max=9.3076 if_gain=[0.957, 0.921, 0.896, 0.893, 0.869, 0.889, 0.868, 0.905]
  L2: se_max=0.4735 pb_max=9.6898 if_gain=[0.972, 0.934, 0.971, 0.91, 0.969, 0.97, 0.857, 0.943]
  L3: se_max=0.5133 pb_max=9.6695 if_gain=[1.294, 0.992, 0.943, 0.979, 0.933, 0.917, 0.941, 0.979]
  L4: se_max=0.3748 pb_max=9.2094 if_gain=[1.015, 0.956, 0.986, 0.983, 0.909, 0.901, 0.894, 0.993]
  L5: se_max=0.1575 pb_max=9.6983 if_gain=[1.012, 0.982, 0.896, 0.969, 0.882, 0.875, 0.879, 0.971]
[Ep 2] passkey_mean=0.0%  per_dist=['d1:0%', 'd2:0%', 'd4:0%', 'd8:0%', 'd16:0%', 'd32:0%', 'd64:0%', 'd128:0%', 'd256:0%', 'd512:0%', 'd1024:0%', 'd1536:0%']
[Ep 2] ✓ new best: 108.172
[Ep 3] train_loss=4.6170 (365s, 295680 tok/s)
[Ep 3] val_ppl=90.732
  L0: se_max=0.3178 pb_max=8.9294 if_gain=[0.869, 0.854, 0.801, 0.842, 0.835, 0.858, 0.846, 0.895]
  L1: se_max=0.4094 pb_max=9.0016 if_gain=[0.925, 0.891, 0.85, 0.848, 0.817, 0.838, 0.819, 0.862]
  L2: se_max=0.4699 pb_max=9.4536 if_gain=[0.943, 0.9, 0.941, 0.869, 0.937, 0.937, 0.819, 0.919]
  L3: se_max=0.5423 pb_max=9.4530 if_gain=[1.326, 1.004, 0.923, 0.959, 0.9, 0.875, 0.913, 0.984]
  L4: se_max=0.3646 pb_max=8.9166 if_gain=[1.025, 0.961, 0.976, 0.956, 0.891, 0.872, 0.863, 0.988]
  L5: se_max=0.2145 pb_max=9.4658 if_gain=[1.023, 0.975, 0.881, 0.967, 0.855, 0.84, 0.846, 0.967]
[Ep 3] passkey_mean=0.0%  per_dist=['d1:0%', 'd2:0%', 'd4:0%', 'd8:0%', 'd16:0%', 'd32:0%', 'd64:0%', 'd128:0%', 'd256:0%', 'd512:0%', 'd1024:0%', 'd1536:0%']
[Ep 3] ✓ new best: 90.732
[Ep 4] train_loss=4.4776 (364s, 296730 tok/s)
[Ep 4] val_ppl=81.788
  L0: se_max=0.3219 pb_max=8.6446 if_gain=[0.853, 0.832, 0.772, 0.816, 0.803, 0.826, 0.813, 0.884]
  L1: se_max=0.4159 pb_max=8.7299 if_gain=[0.899, 0.867, 0.818, 0.818, 0.786, 0.801, 0.786, 0.832]
  L2: se_max=0.4579 pb_max=9.2281 if_gain=[0.924, 0.877, 0.917, 0.835, 0.911, 0.908, 0.797, 0.905]
  L3: se_max=0.5463 pb_max=9.2611 if_gain=[1.305, 1.008, 0.902, 0.939, 0.873, 0.843, 0.89, 0.979]
  L4: se_max=0.4039 pb_max=8.7005 if_gain=[1.03, 0.968, 0.965, 0.934, 0.882, 0.855, 0.84, 0.982]
  L5: se_max=0.2664 pb_max=9.2379 if_gain=[1.033, 0.967, 0.878, 0.962, 0.837, 0.82, 0.827, 0.961]
[Ep 4] passkey_mean=0.0%  per_dist=['d1:0%', 'd2:0%', 'd4:0%', 'd8:0%', 'd16:0%', 'd32:0%', 'd64:0%', 'd128:0%', 'd256:0%', 'd512:0%', 'd1024:0%', 'd1536:0%']
[Ep 4] ✓ new best: 81.788
[Ep 5] train_loss=4.3927 (360s, 299527 tok/s)
[Ep 5] val_ppl=76.947
  L0: se_max=0.3188 pb_max=8.4092 if_gain=[0.842, 0.817, 0.751, 0.796, 0.779, 0.8, 0.788, 0.874]
  L1: se_max=0.4148 pb_max=8.5158 if_gain=[0.878, 0.851, 0.796, 0.795, 0.766, 0.772, 0.765, 0.81]
  L2: se_max=0.4442 pb_max=9.0317 if_gain=[0.909, 0.861, 0.895, 0.811, 0.889, 0.885, 0.786, 0.898]
  L3: se_max=0.5440 pb_max=9.0907 if_gain=[1.276, 1.005, 0.886, 0.922, 0.852, 0.82, 0.871, 0.969]
  L4: se_max=0.4145 pb_max=8.5302 if_gain=[1.029, 0.968, 0.953, 0.916, 0.879, 0.846, 0.827, 0.974]
  L5: se_max=0.2944 pb_max=9.0510 if_gain=[1.034, 0.959, 0.876, 0.954, 0.829, 0.811, 0.815, 0.953]
[Ep 5] passkey_mean=0.0%  per_dist=['d1:0%', 'd2:0%', 'd4:0%', 'd8:0%', 'd16:0%', 'd32:0%', 'd64:0%', 'd128:0%', 'd256:0%', 'd512:0%', 'd1024:0%', 'd1536:0%']
[Ep 5] ✓ new best: 76.947
[Ep 6] train_loss=4.3347 (368s, 292931 tok/s)
[Ep 6] val_ppl=73.855
  L0: se_max=0.3186 pb_max=8.2355 if_gain=[0.833, 0.806, 0.736, 0.782, 0.762, 0.782, 0.769, 0.865]
  L1: se_max=0.4132 pb_max=8.3538 if_gain=[0.861, 0.842, 0.781, 0.78, 0.751, 0.752, 0.751, 0.795]
  L2: se_max=0.4344 pb_max=8.8690 if_gain=[0.897, 0.849, 0.88, 0.793, 0.872, 0.868, 0.78, 0.892]
  L3: se_max=0.5379 pb_max=8.9561 if_gain=[1.25, 1.001, 0.872, 0.908, 0.835, 0.801, 0.857, 0.96]
  L4: se_max=0.4121 pb_max=8.4104 if_gain=[1.026, 0.969, 0.94, 0.902, 0.879, 0.839, 0.818, 0.965]
  L5: se_max=0.3057 pb_max=8.9031 if_gain=[1.033, 0.952, 0.88, 0.946, 0.824, 0.806, 0.807, 0.948]
[Ep 6] passkey_mean=0.0%  per_dist=['d1:0%', 'd2:0%', 'd4:0%', 'd8:0%', 'd16:0%', 'd32:0%', 'd64:0%', 'd128:0%', 'd256:0%', 'd512:0%', 'd1024:0%', 'd1536:0%']
[Ep 6] ✓ new best: 73.855
[Ep 7] train_loss=4.2928 (363s, 297101 tok/s)
[Ep 7] val_ppl=71.691
  L0: se_max=0.3152 pb_max=8.1094 if_gain=[0.825, 0.799, 0.727, 0.773, 0.751, 0.769, 0.757, 0.859]
  L1: se_max=0.4089 pb_max=8.2386 if_gain=[0.848, 0.835, 0.771, 0.769, 0.743, 0.738, 0.743, 0.785]
  L2: se_max=0.4254 pb_max=8.7515 if_gain=[0.888, 0.841, 0.868, 0.781, 0.858, 0.853, 0.779, 0.888]
  L3: se_max=0.5308 pb_max=8.8604 if_gain=[1.227, 0.995, 0.861, 0.897, 0.823, 0.788, 0.845, 0.953]
  L4: se_max=0.4119 pb_max=8.3173 if_gain=[1.023, 0.966, 0.931, 0.892, 0.879, 0.834, 0.813, 0.957]
  L5: se_max=0.3092 pb_max=8.7958 if_gain=[1.03, 0.947, 0.882, 0.939, 0.822, 0.803, 0.802, 0.943]
[Ep 7] passkey_mean=0.0%  per_dist=['d1:0%', 'd2:0%', 'd4:0%', 'd8:0%', 'd16:0%', 'd32:0%', 'd64:0%', 'd128:0%', 'd256:0%', 'd512:0%', 'd1024:0%', 'd1536:0%']
[Ep 7] ✓ new best: 71.691
