Device: cuda
Offsets (44): [0, 1, 2, 3, 4, 5, 6, 7, 8, 9, 10, 11, 12, 13, 14, 15, 16, 17, 18, 19, 20, 21, 22, 23, 24, 25, 26, 27, 28, 29, 30, 31, 32, 33, 34, 35, 36, 37, 38, 39, 40, 128, 384, 1536]
Uniform pos_bias init: linspace(0.2, 2.0, 8) — no θ asymmetry
Wavelet coefficients (provenance only):
  [0.4903, 0.8345, 0.2168, -0.1274]
Loaded tokenizer from /home/dlewis3/Desktop/AI/DWARF/train/../results/2048_condI_tokenizer.json  (vocab=32000)
Loading pre-encoded dataset from logs/fineweb_encoded_2048.pt …
  train: 52,716  val: 5,582  test: 5,473 seqs
Parameters: 13,466,488
[Ep 1] train_loss=5.8194 (365s, 295379 tok/s)
[Ep 1] val_ppl=163.329
  L0: se_max=0.3027 pb_max=9.4797 if_gain=[0.917, 0.911, 0.908, 0.935, 0.881, 0.912, 0.902, 0.917]
  L1: se_max=0.4009 pb_max=9.5508 if_gain=[0.982, 0.958, 0.949, 0.953, 0.944, 0.951, 0.969, 0.958]
  L2: se_max=0.3669 pb_max=9.5676 if_gain=[0.997, 0.974, 0.972, 0.993, 0.995, 0.99, 0.994, 0.96]
  L3: se_max=0.2948 pb_max=9.5476 if_gain=[1.101, 0.979, 1.006, 0.984, 0.97, 0.971, 0.991, 0.968]
  L4: se_max=0.1343 pb_max=9.5714 if_gain=[1.027, 0.979, 0.961, 0.957, 0.989, 0.99, 0.971, 0.971]
  L5: se_max=0.1902 pb_max=9.5462 if_gain=[1.002, 0.967, 0.964, 0.969, 1.014, 0.946, 0.957, 0.979]
[Ep 1] passkey_mean=0.0%  per_dist=['d1:0%', 'd2:0%', 'd4:0%', 'd8:0%', 'd16:0%', 'd32:0%', 'd64:0%', 'd128:0%', 'd256:0%', 'd512:0%', 'd1024:0%', 'd1536:0%']
[Ep 1] ✓ new best: 163.329
[Ep 2] train_loss=4.8934 (366s, 294496 tok/s)
[Ep 2] val_ppl=107.693
  L0: se_max=0.3411 pb_max=9.0259 if_gain=[0.863, 0.85, 0.854, 0.886, 0.802, 0.857, 0.841, 0.858]
  L1: se_max=0.4501 pb_max=9.1508 if_gain=[0.943, 0.916, 0.888, 0.886, 0.889, 0.908, 0.9, 0.894]
  L2: se_max=0.4554 pb_max=9.1738 if_gain=[0.973, 0.923, 0.916, 0.979, 0.967, 0.954, 0.953, 0.951]
  L3: se_max=0.5350 pb_max=9.1186 if_gain=[1.297, 1.007, 0.989, 0.975, 0.939, 0.924, 0.972, 0.92]
  L4: se_max=0.2212 pb_max=9.1852 if_gain=[1.038, 0.979, 0.911, 0.924, 0.954, 0.956, 0.927, 0.947]
  L5: se_max=0.3032 pb_max=9.1251 if_gain=[1.015, 0.95, 0.949, 0.94, 0.981, 0.892, 0.916, 0.959]
[Ep 2] passkey_mean=0.0%  per_dist=['d1:0%', 'd2:0%', 'd4:0%', 'd8:0%', 'd16:0%', 'd32:0%', 'd64:0%', 'd128:0%', 'd256:0%', 'd512:0%', 'd1024:0%', 'd1536:0%']
[Ep 2] ✓ new best: 107.693
