Device: cuda
Offsets (44): [0, 1, 2, 3, 4, 5, 6, 7, 8, 9, 10, 11, 12, 13, 14, 15, 16, 17, 18, 19, 20, 21, 22, 23, 24, 25, 26, 27, 28, 29, 30, 31, 32, 33, 34, 35, 36, 37, 38, 39, 40, 128, 384, 1536]
Uniform pos_bias init: linspace(0.2, 2.0, 8) — no θ asymmetry
Wavelet coefficients (provenance only):
  [0.4903, 0.8345, 0.2168, -0.1274]
Loaded tokenizer from /home/dlewis3/Desktop/AI/DWARF/train/../results/2048_condI_tokenizer.json  (vocab=32000)
Loading pre-encoded dataset from logs/fineweb_encoded_2048.pt …
  train: 52,716  val: 5,582  test: 5,473 seqs
Parameters: 27,288,392
[Ep 1] train_loss=5.5595 (660s, 163478 tok/s)
[Ep 1] val_ppl=123.223
  L0: se_max=0.2776 pb_max=9.4723 if_gain=[0.933, 0.924, 0.935, 0.922, 0.923, 0.933, 0.95, 0.953]
  L1: se_max=0.3736 pb_max=9.5231 if_gain=[0.951, 0.928, 0.912, 0.904, 0.919, 0.93, 0.962, 0.941]
  L2: se_max=0.3504 pb_max=9.5677 if_gain=[1.166, 0.976, 0.964, 0.959, 0.972, 0.947, 0.953, 0.95]
  L3: se_max=0.2970 pb_max=9.5844 if_gain=[0.994, 0.954, 0.955, 0.965, 0.959, 0.993, 1.026, 0.998]
  L4: se_max=0.2551 pb_max=9.6293 if_gain=[1.062, 0.965, 0.95, 0.962, 0.967, 0.963, 0.97, 0.987]
  L5: se_max=0.1705 pb_max=9.6445 if_gain=[0.989, 0.961, 0.959, 0.962, 1.012, 0.948, 0.952, 1.022]
  L6: se_max=0.1294 pb_max=9.6260 if_gain=[1.0, 0.984, 0.985, 0.973, 0.985, 0.975, 0.98, 0.951]
  L7: se_max=0.0928 pb_max=9.5400 if_gain=[0.961, 0.948, 0.982, 0.959, 0.941, 0.936, 0.993, 0.929]
[Ep 1] passkey_mean=0.0%  per_dist=['d1:0%', 'd2:0%', 'd4:0%', 'd8:0%', 'd16:0%', 'd32:0%', 'd64:0%', 'd128:0%', 'd256:0%', 'd512:0%', 'd1024:0%', 'd1536:0%']
[Ep 1] ✓ new best: 123.223
[Ep 2] train_loss=4.6010 (634s, 170297 tok/s)
[Ep 2] val_ppl=83.338
  L0: se_max=0.3039 pb_max=9.0004 if_gain=[0.894, 0.883, 0.919, 0.892, 0.892, 0.907, 0.923, 0.924]
  L1: se_max=0.3802 pb_max=9.0661 if_gain=[0.919, 0.863, 0.819, 0.808, 0.831, 0.851, 0.904, 0.858]
  L2: se_max=0.4435 pb_max=9.1483 if_gain=[1.203, 0.975, 0.932, 0.895, 0.915, 0.876, 0.884, 0.873]
  L3: se_max=0.3298 pb_max=9.1605 if_gain=[0.963, 0.926, 0.888, 0.911, 0.916, 0.954, 0.987, 0.942]
  L4: se_max=0.3486 pb_max=9.2868 if_gain=[1.111, 0.991, 0.893, 0.917, 0.937, 0.92, 0.919, 0.955]
  L5: se_max=0.2235 pb_max=9.2943 if_gain=[0.989, 0.93, 0.933, 0.896, 0.971, 0.897, 0.902, 0.98]
  L6: se_max=0.3596 pb_max=9.2932 if_gain=[1.018, 0.943, 0.974, 0.961, 0.937, 0.925, 0.938, 0.896]
  L7: se_max=0.1764 pb_max=9.1000 if_gain=[0.968, 0.899, 0.968, 0.926, 0.878, 0.874, 0.969, 0.868]
[Ep 2] passkey_mean=0.0%  per_dist=['d1:0%', 'd2:0%', 'd4:0%', 'd8:0%', 'd16:0%', 'd32:0%', 'd64:0%', 'd128:0%', 'd256:0%', 'd512:0%', 'd1024:0%', 'd1536:0%']
[Ep 2] ✓ new best: 83.338
[Ep 3] train_loss=4.3383 (625s, 172723 tok/s)
[Ep 3] val_ppl=70.868
  L0: se_max=0.3098 pb_max=8.5781 if_gain=[0.874, 0.863, 0.915, 0.878, 0.873, 0.887, 0.901, 0.897]
  L1: se_max=0.3670 pb_max=8.6816 if_gain=[0.892, 0.819, 0.758, 0.753, 0.774, 0.797, 0.858, 0.795]
  L2: se_max=0.4430 pb_max=8.7845 if_gain=[1.16, 0.95, 0.911, 0.846, 0.87, 0.826, 0.832, 0.816]
  L3: se_max=0.3344 pb_max=8.7987 if_gain=[0.93, 0.913, 0.84, 0.87, 0.878, 0.92, 0.948, 0.895]
  L4: se_max=0.3902 pb_max=8.9792 if_gain=[1.123, 1.029, 0.859, 0.886, 0.914, 0.893, 0.885, 0.919]
  L5: se_max=0.2486 pb_max=8.9676 if_gain=[0.983, 0.911, 0.925, 0.85, 0.937, 0.861, 0.873, 0.946]
  L6: se_max=0.4065 pb_max=8.9830 if_gain=[1.028, 0.913, 0.985, 0.956, 0.901, 0.891, 0.907, 0.86]
  L7: se_max=0.2240 pb_max=8.7029 if_gain=[0.99, 0.862, 0.96, 0.914, 0.837, 0.832, 0.945, 0.826]
[Ep 3] passkey_mean=0.0%  per_dist=['d1:0%', 'd2:0%', 'd4:0%', 'd8:0%', 'd16:0%', 'd32:0%', 'd64:0%', 'd128:0%', 'd256:0%', 'd512:0%', 'd1024:0%', 'd1536:0%']
[Ep 3] ✓ new best: 70.868
[Ep 4] train_loss=4.2000 (619s, 174257 tok/s)
[Ep 4] val_ppl=64.707
  L0: se_max=0.3118 pb_max=8.2243 if_gain=[0.862, 0.85, 0.906, 0.864, 0.853, 0.866, 0.877, 0.871]
  L1: se_max=0.3521 pb_max=8.3635 if_gain=[0.868, 0.789, 0.722, 0.715, 0.732, 0.761, 0.82, 0.751]
  L2: se_max=0.4374 pb_max=8.4701 if_gain=[1.119, 0.923, 0.895, 0.815, 0.837, 0.79, 0.795, 0.772]
  L3: se_max=0.3329 pb_max=8.5058 if_gain=[0.902, 0.906, 0.811, 0.84, 0.853, 0.891, 0.916, 0.86]
  L4: se_max=0.4068 pb_max=8.7398 if_gain=[1.12, 1.05, 0.836, 0.865, 0.893, 0.874, 0.854, 0.886]
  L5: se_max=0.2640 pb_max=8.7058 if_gain=[0.976, 0.906, 0.92, 0.816, 0.91, 0.839, 0.858, 0.916]
  L6: se_max=0.4417 pb_max=8.7119 if_gain=[1.035, 0.896, 0.995, 0.953, 0.877, 0.868, 0.882, 0.838]
  L7: se_max=0.2387 pb_max=8.3846 if_gain=[1.009, 0.834, 0.949, 0.906, 0.814, 0.8, 0.927, 0.8]
[Ep 4] passkey_mean=0.0%  per_dist=['d1:0%', 'd2:0%', 'd4:0%', 'd8:0%', 'd16:0%', 'd32:0%', 'd64:0%', 'd128:0%', 'd256:0%', 'd512:0%', 'd1024:0%', 'd1536:0%']
[Ep 4] ✓ new best: 64.707
[Ep 5] train_loss=4.1100 (635s, 169801 tok/s)
[Ep 5] val_ppl=60.801
  L0: se_max=0.3096 pb_max=7.9458 if_gain=[0.854, 0.842, 0.896, 0.851, 0.835, 0.846, 0.857, 0.849]
  L1: se_max=0.3407 pb_max=8.1109 if_gain=[0.848, 0.773, 0.699, 0.692, 0.705, 0.736, 0.791, 0.721]
  L2: se_max=0.4311 pb_max=8.2198 if_gain=[1.084, 0.9, 0.884, 0.788, 0.811, 0.766, 0.771, 0.742]
  L3: se_max=0.3284 pb_max=8.2545 if_gain=[0.881, 0.904, 0.792, 0.82, 0.835, 0.872, 0.89, 0.833]
  L4: se_max=0.4117 pb_max=8.5467 if_gain=[1.107, 1.059, 0.822, 0.849, 0.881, 0.862, 0.832, 0.859]
  L5: se_max=0.2707 pb_max=8.5247 if_gain=[0.968, 0.904, 0.916, 0.794, 0.89, 0.823, 0.848, 0.893]
  L6: se_max=0.4536 pb_max=8.4871 if_gain=[1.037, 0.887, 0.999, 0.949, 0.859, 0.85, 0.863, 0.827]
  L7: se_max=0.2388 pb_max=8.1426 if_gain=[1.023, 0.813, 0.94, 0.901, 0.802, 0.78, 0.911, 0.785]
[Ep 5] passkey_mean=0.0%  per_dist=['d1:0%', 'd2:0%', 'd4:0%', 'd8:0%', 'd16:0%', 'd32:0%', 'd64:0%', 'd128:0%', 'd256:0%', 'd512:0%', 'd1024:0%', 'd1536:0%']
[Ep 5] ✓ new best: 60.801
[Ep 6] train_loss=4.0450 (624s, 172970 tok/s)
[Ep 6] val_ppl=58.027
  L0: se_max=0.3070 pb_max=7.7332 if_gain=[0.846, 0.835, 0.885, 0.84, 0.817, 0.828, 0.837, 0.828]
  L1: se_max=0.3295 pb_max=7.9160 if_gain=[0.83, 0.763, 0.689, 0.678, 0.687, 0.719, 0.77, 0.702]
  L2: se_max=0.4207 pb_max=8.0430 if_gain=[1.056, 0.883, 0.876, 0.772, 0.793, 0.75, 0.755, 0.723]
  L3: se_max=0.3249 pb_max=8.0731 if_gain=[0.865, 0.905, 0.78, 0.806, 0.823, 0.855, 0.869, 0.812]
  L4: se_max=0.4147 pb_max=8.4046 if_gain=[1.092, 1.059, 0.814, 0.839, 0.87, 0.853, 0.817, 0.835]
  L5: se_max=0.2706 pb_max=8.3866 if_gain=[0.962, 0.905, 0.909, 0.78, 0.876, 0.814, 0.842, 0.876]
  L6: se_max=0.4577 pb_max=8.3285 if_gain=[1.035, 0.881, 0.998, 0.942, 0.848, 0.84, 0.849, 0.823]
  L7: se_max=0.2388 pb_max=7.9616 if_gain=[1.032, 0.799, 0.932, 0.899, 0.8, 0.767, 0.898, 0.779]
[Ep 6] passkey_mean=0.0%  per_dist=['d1:0%', 'd2:0%', 'd4:0%', 'd8:0%', 'd16:0%', 'd32:0%', 'd64:0%', 'd128:0%', 'd256:0%', 'd512:0%', 'd1024:0%', 'd1536:0%']
[Ep 6] ✓ new best: 58.027
[Ep 7] train_loss=3.9960 (613s, 176075 tok/s)
[Ep 7] val_ppl=56.170
  L0: se_max=0.3050 pb_max=7.5801 if_gain=[0.839, 0.83, 0.875, 0.831, 0.803, 0.814, 0.822, 0.813]
  L1: se_max=0.3195 pb_max=7.7850 if_gain=[0.817, 0.758, 0.684, 0.671, 0.676, 0.707, 0.753, 0.69]
  L2: se_max=0.4144 pb_max=7.9142 if_gain=[1.034, 0.87, 0.87, 0.761, 0.781, 0.739, 0.747, 0.709]
  L3: se_max=0.3205 pb_max=7.9448 if_gain=[0.855, 0.904, 0.774, 0.799, 0.816, 0.843, 0.853, 0.799]
  L4: se_max=0.4120 pb_max=8.3019 if_gain=[1.076, 1.052, 0.809, 0.832, 0.862, 0.849, 0.805, 0.818]
  L5: se_max=0.2705 pb_max=8.2888 if_gain=[0.957, 0.907, 0.905, 0.772, 0.867, 0.807, 0.839, 0.864]
  L6: se_max=0.4530 pb_max=8.2105 if_gain=[1.031, 0.877, 0.994, 0.937, 0.84, 0.834, 0.838, 0.823]
  L7: se_max=0.2376 pb_max=7.8361 if_gain=[1.037, 0.789, 0.927, 0.897, 0.8, 0.76, 0.891, 0.779]
[Ep 7] passkey_mean=0.0%  per_dist=['d1:0%', 'd2:0%', 'd4:0%', 'd8:0%', 'd16:0%', 'd32:0%', 'd64:0%', 'd128:0%', 'd256:0%', 'd512:0%', 'd1024:0%', 'd1536:0%']
[Ep 7] ✓ new best: 56.170
