Device: cuda
Offsets (44): [0, 1, 2, 3, 4, 5, 6, 7, 8, 9, 10, 11, 12, 13, 14, 15, 16, 17, 18, 19, 20, 21, 22, 23, 24, 25, 26, 27, 28, 29, 30, 31, 32, 33, 34, 35, 36, 37, 38, 39, 40, 128, 384, 1536]
Uniform pos_bias init: linspace(0.2, 2.0, 8) — no θ asymmetry
Wavelet coefficients (provenance only):
  [0.4903, 0.8345, 0.2168, -0.1274]
Loaded tokenizer from /home/dlewis3/Desktop/AI/DWARF/train/../results/2048_condI_tokenizer.json  (vocab=32000)
Loading pre-encoded dataset from logs/fineweb_encoded_2048.pt …
  train: 52,716  val: 5,582  test: 5,473 seqs
Parameters: 27,278,400
[Ep 1] train_loss=5.5620 (519s, 207988 tok/s)
[Ep 1] val_ppl=123.928
  L0: se_max=0.2590 pb_max=9.4613 if_gain=[0.93, 0.922, 0.915, 0.901, 0.926, 0.931, 0.954, 0.952]
  L1: se_max=0.3821 pb_max=9.5471 if_gain=[0.953, 0.942, 0.919, 0.915, 0.928, 0.938, 0.942, 0.943]
  L2: se_max=0.3993 pb_max=9.5465 if_gain=[1.056, 0.951, 0.949, 0.965, 0.946, 0.977, 0.956, 0.978]
  L3: se_max=0.3117 pb_max=9.5543 if_gain=[1.166, 0.975, 0.966, 0.961, 1.011, 1.002, 0.958, 0.962]
  L4: se_max=0.1981 pb_max=9.5682 if_gain=[1.079, 1.004, 0.954, 0.957, 0.953, 0.948, 0.975, 0.992]
  L5: se_max=0.1863 pb_max=9.5869 if_gain=[0.955, 0.976, 0.99, 0.971, 0.981, 0.995, 1.005, 1.02]
  L6: se_max=0.1028 pb_max=9.5799 if_gain=[0.978, 0.946, 1.0, 0.929, 0.96, 0.97, 0.961, 0.951]
  L7: se_max=0.1121 pb_max=9.5601 if_gain=[0.957, 0.959, 0.931, 0.942, 0.952, 0.99, 0.973, 0.934]
[Ep 1] passkey_mean=0.0%  per_dist=['d1:0%', 'd2:0%', 'd4:0%', 'd8:0%', 'd16:0%', 'd32:0%', 'd64:0%', 'd128:0%', 'd256:0%', 'd512:0%', 'd1024:0%', 'd1536:0%']
[Ep 1] ✓ new best: 123.928
[Ep 2] train_loss=4.6072 (511s, 211037 tok/s)
[Ep 2] val_ppl=83.389
  L0: se_max=0.3056 pb_max=9.0006 if_gain=[0.899, 0.885, 0.88, 0.847, 0.899, 0.894, 0.925, 0.919]
  L1: se_max=0.4095 pb_max=9.1254 if_gain=[0.92, 0.87, 0.826, 0.822, 0.844, 0.84, 0.857, 0.858]
  L2: se_max=0.4128 pb_max=9.1178 if_gain=[1.043, 0.891, 0.899, 0.911, 0.882, 0.927, 0.876, 0.94]
  L3: se_max=0.3884 pb_max=9.1327 if_gain=[1.263, 0.942, 0.94, 0.912, 0.966, 0.959, 0.894, 0.905]
  L4: se_max=0.2366 pb_max=9.1698 if_gain=[1.111, 0.961, 0.922, 0.912, 0.901, 0.889, 0.935, 0.936]
  L5: se_max=0.2399 pb_max=9.2185 if_gain=[0.923, 0.935, 1.013, 0.934, 0.944, 0.979, 0.955, 0.985]
  L6: se_max=0.2071 pb_max=9.1802 if_gain=[1.013, 0.904, 0.963, 0.884, 0.914, 0.951, 0.908, 0.898]
  L7: se_max=0.1602 pb_max=9.1713 if_gain=[0.973, 0.931, 0.872, 0.895, 0.916, 0.948, 0.938, 0.865]
[Ep 2] passkey_mean=0.0%  per_dist=['d1:0%', 'd2:0%', 'd4:0%', 'd8:0%', 'd16:0%', 'd32:0%', 'd64:0%', 'd128:0%', 'd256:0%', 'd512:0%', 'd1024:0%', 'd1536:0%']
[Ep 2] ✓ new best: 83.389
[Ep 3] train_loss=4.3421 (523s, 206421 tok/s)
[Ep 3] val_ppl=71.176
  L0: se_max=0.3222 pb_max=8.5898 if_gain=[0.884, 0.864, 0.868, 0.819, 0.878, 0.866, 0.896, 0.888]
  L1: se_max=0.3783 pb_max=8.7578 if_gain=[0.893, 0.824, 0.765, 0.767, 0.787, 0.775, 0.798, 0.793]
  L2: se_max=0.4037 pb_max=8.7361 if_gain=[1.006, 0.853, 0.864, 0.868, 0.837, 0.883, 0.816, 0.902]
  L3: se_max=0.4121 pb_max=8.7674 if_gain=[1.234, 0.915, 0.917, 0.871, 0.928, 0.918, 0.844, 0.862]
  L4: se_max=0.2663 pb_max=8.8169 if_gain=[1.112, 0.926, 0.896, 0.879, 0.861, 0.84, 0.903, 0.892]
  L5: se_max=0.2602 pb_max=8.8913 if_gain=[0.903, 0.917, 1.023, 0.905, 0.919, 0.959, 0.919, 0.949]
  L6: se_max=0.2944 pb_max=8.8376 if_gain=[1.053, 0.88, 0.938, 0.864, 0.877, 0.938, 0.87, 0.862]
  L7: se_max=0.1925 pb_max=8.8440 if_gain=[1.0, 0.915, 0.849, 0.869, 0.898, 0.919, 0.911, 0.816]
[Ep 3] passkey_mean=0.0%  per_dist=['d1:0%', 'd2:0%', 'd4:0%', 'd8:0%', 'd16:0%', 'd32:0%', 'd64:0%', 'd128:0%', 'd256:0%', 'd512:0%', 'd1024:0%', 'd1536:0%']
[Ep 3] ✓ new best: 71.176
[Ep 4] train_loss=4.2044 (521s, 207142 tok/s)
[Ep 4] val_ppl=64.629
  L0: se_max=0.3289 pb_max=8.2465 if_gain=[0.877, 0.849, 0.857, 0.797, 0.857, 0.841, 0.868, 0.859]
  L1: se_max=0.3666 pb_max=8.4572 if_gain=[0.873, 0.789, 0.729, 0.732, 0.745, 0.728, 0.759, 0.746]
  L2: se_max=0.3968 pb_max=8.4193 if_gain=[0.976, 0.827, 0.837, 0.831, 0.808, 0.848, 0.773, 0.87]
  L3: se_max=0.4161 pb_max=8.4673 if_gain=[1.196, 0.89, 0.898, 0.839, 0.897, 0.886, 0.803, 0.829]
  L4: se_max=0.2899 pb_max=8.5257 if_gain=[1.1, 0.901, 0.88, 0.856, 0.836, 0.812, 0.878, 0.86]
  L5: se_max=0.2749 pb_max=8.6198 if_gain=[0.891, 0.911, 1.025, 0.884, 0.899, 0.94, 0.892, 0.919]
  L6: se_max=0.3186 pb_max=8.5444 if_gain=[1.08, 0.87, 0.924, 0.852, 0.852, 0.927, 0.848, 0.84]
  L7: se_max=0.2481 pb_max=8.5749 if_gain=[1.017, 0.915, 0.847, 0.859, 0.892, 0.897, 0.894, 0.788]
[Ep 4] passkey_mean=0.0%  per_dist=['d1:0%', 'd2:0%', 'd4:0%', 'd8:0%', 'd16:0%', 'd32:0%', 'd64:0%', 'd128:0%', 'd256:0%', 'd512:0%', 'd1024:0%', 'd1536:0%']
[Ep 4] ✓ new best: 64.629
