Device: cuda
Offsets (44): [0, 1, 2, 3, 4, 5, 6, 7, 8, 9, 10, 11, 12, 13, 14, 15, 16, 17, 18, 19, 20, 21, 22, 23, 24, 25, 26, 27, 28, 29, 30, 31, 32, 33, 34, 35, 36, 37, 38, 39, 40, 128, 384, 1536]
Uniform pos_bias init: linspace(0.2, 2.0, 8) — no θ asymmetry
Wavelet coefficients (provenance only):
  [0.4903, 0.8345, 0.2168, -0.1274]
Loaded tokenizer from /home/dlewis3/Desktop/AI/DWARF/train/../results/2048_condI_tokenizer.json  (vocab=32000)
Loading pre-encoded dataset from logs/fineweb_encoded_2048.pt …
  train: 52,716  val: 5,582  test: 5,473 seqs
Parameters: 36,354,672
[Ep 1] train_loss=5.4016 (622s, 173461 tok/s)
[Ep 1] val_ppl=106.275
  L0: se_max=0.2729 pb_max=9.4734 if_gain=[0.937, 0.912, 0.932, 0.913, 0.926, 0.927, 0.938, 0.948]
  L1: se_max=0.3189 pb_max=9.5803 if_gain=[0.942, 0.876, 0.894, 0.883, 0.923, 0.905, 0.936, 0.927]
  L2: se_max=0.3046 pb_max=9.5488 if_gain=[1.171, 1.093, 0.933, 0.926, 0.967, 0.973, 0.936, 0.964]
  L3: se_max=0.3006 pb_max=9.6532 if_gain=[1.07, 1.033, 0.976, 0.953, 0.981, 1.002, 0.948, 0.989]
  L4: se_max=0.1530 pb_max=9.5469 if_gain=[0.995, 0.939, 0.955, 0.963, 0.972, 0.941, 0.976, 0.962]
  L5: se_max=0.1297 pb_max=9.6433 if_gain=[0.988, 0.97, 0.974, 0.934, 0.953, 0.987, 0.957, 0.933]
[Ep 1] passkey_mean=0.0%  per_dist=['d1:0%', 'd2:0%', 'd4:0%', 'd8:0%', 'd16:0%', 'd32:0%', 'd64:0%', 'd128:0%', 'd256:0%', 'd512:0%', 'd1024:0%', 'd1536:0%']
[Ep 1] ✓ new best: 106.275
[Ep 2] train_loss=4.4749 (580s, 185970 tok/s)
[Ep 2] val_ppl=75.574
  L0: se_max=0.3111 pb_max=9.0088 if_gain=[0.901, 0.867, 0.888, 0.868, 0.887, 0.887, 0.895, 0.901]
  L1: se_max=0.4036 pb_max=9.1348 if_gain=[0.901, 0.774, 0.805, 0.781, 0.849, 0.819, 0.846, 0.832]
  L2: se_max=0.3492 pb_max=9.1222 if_gain=[1.164, 1.109, 0.897, 0.849, 0.915, 0.911, 0.868, 0.898]
  L3: se_max=0.3531 pb_max=9.2925 if_gain=[1.101, 1.031, 0.957, 0.929, 0.957, 0.969, 0.879, 0.934]
  L4: se_max=0.2301 pb_max=9.1194 if_gain=[1.007, 0.885, 0.924, 0.923, 0.945, 0.891, 0.936, 0.921]
  L5: se_max=0.2306 pb_max=9.2777 if_gain=[0.986, 0.969, 0.99, 0.903, 0.911, 0.976, 0.902, 0.865]
[Ep 2] passkey_mean=0.0%  per_dist=['d1:0%', 'd2:0%', 'd4:0%', 'd8:0%', 'd16:0%', 'd32:0%', 'd64:0%', 'd128:0%', 'd256:0%', 'd512:0%', 'd1024:0%', 'd1536:0%']
[Ep 2] ✓ new best: 75.574
[Ep 3] train_loss=4.2324 (578s, 186595 tok/s)
[Ep 3] val_ppl=64.997
  L0: se_max=0.3254 pb_max=8.6203 if_gain=[0.875, 0.845, 0.861, 0.836, 0.855, 0.854, 0.858, 0.861]
  L1: se_max=0.3651 pb_max=8.7609 if_gain=[0.873, 0.717, 0.758, 0.721, 0.797, 0.763, 0.781, 0.766]
  L2: se_max=0.3503 pb_max=8.7409 if_gain=[1.116, 1.071, 0.877, 0.792, 0.872, 0.858, 0.819, 0.845]
  L3: se_max=0.3688 pb_max=9.0079 if_gain=[1.103, 1.01, 0.937, 0.902, 0.939, 0.938, 0.834, 0.892]
  L4: se_max=0.3378 pb_max=8.7840 if_gain=[1.029, 0.85, 0.909, 0.898, 0.923, 0.852, 0.904, 0.881]
  L5: se_max=0.3109 pb_max=8.9480 if_gain=[0.998, 0.969, 1.022, 0.892, 0.89, 0.959, 0.869, 0.821]
[Ep 3] passkey_mean=0.0%  per_dist=['d1:0%', 'd2:0%', 'd4:0%', 'd8:0%', 'd16:0%', 'd32:0%', 'd64:0%', 'd128:0%', 'd256:0%', 'd512:0%', 'd1024:0%', 'd1536:0%']
[Ep 3] ✓ new best: 64.997
