======================================================================
  condM-periodic 13.1M -- [DSQG×3, Full, DSQG×3, Full]
  D=224 H=8 L=8 FFN=896
  Full attention at layers: [3, 7]
======================================================================
  GPU: NVIDIA GeForce RTX 4090 (23.6 GB)
Loading OpenWebText (100,000 docs)...
  25,000...
  50,000...
  75,000...
  100,000...
  Train: 52,716 sequences
  Val: 1,435 sequences
  Test: 1,459 sequences

  Params: 13,075,648
  Layers: ['DSQG', 'DSQG', 'DSQG', 'FULL', 'DSQG', 'DSQG', 'DSQG', 'FULL']
  Interference at: [2, 5]
  Causality: PASS  (pre-10 max: 0.00000000)
  Step 200/1648 | Loss 6.5099
  Step 400/1648 | Loss 5.9867
  Step 600/1648 | Loss 5.7681
  Step 800/1648 | Loss 5.5363
  Step 1000/1648 | Loss 5.3503
  Step 1200/1648 | Loss 5.3444
  Step 1400/1648 | Loss 5.4283
  Step 1600/1648 | Loss 5.3352
Ep 1/10 | Train 5.1471 | Val 5.1535 PPL 173.0 * BEST | 1738s
  pos-bias: |mean|=3.5799 most-local=h7 most-global=h0
  -- greedy --
    'It was a dark and stormy'          -> '.\n\n"I was a very good thing," he said.\n\n"I was a very good thing. I was a l'
    'The length of the hypotenuse'      -> ' of the same time, the only one of the most important things that the most '
    'The President of the United'       -> ' States, and the United States, the United States, and the United States, t'
    'Once upon a time there was'        -> ' a lot of time to get a lot of time.\n\nThe first time I was to get a lot of '
    'The results indicate that'         -> ' the number of people were in the last few years.\n\nThe number of people who'
  Step 200/1648 | Loss 5.1125
  Step 400/1648 | Loss 5.0112
  Step 600/1648 | Loss 4.8006
  Step 800/1648 | Loss 4.9733
  Step 1000/1648 | Loss 4.8256
  Step 1200/1648 | Loss 4.6924
  Step 1400/1648 | Loss 4.6890
  Step 1600/1648 | Loss 4.5466
Ep 2/10 | Train 4.7265 | Val 4.5376 PPL 93.5 * BEST | 3482s
  pos-bias: |mean|=3.5117 most-local=h7 most-global=h0
  -- greedy --
    'It was a dark and stormy'          -> ', and it was a very good thing.\n\nThe first thing I was to say is that I was'
    'The length of the hypotenuse'      -> ', the body of the body, the body, the body, the body, the body, the body, t'
    'The President of the United'       -> ' States, the United States has been a major supporter of the United States.'
    'Once upon a time there was'        -> ' a lot of time to get a lot of time to get a lot of time to get a lot of ti'
    'The results indicate that'         -> ' the number of people who are not in the same way is that the number of peo'
  Step 200/1648 | Loss 4.4465
  Step 400/1648 | Loss 4.5001
  Step 600/1648 | Loss 4.4950
  Step 800/1648 | Loss 4.5641
  Step 1000/1648 | Loss 4.5785
  Step 1200/1648 | Loss 4.4778
  Step 1400/1648 | Loss 4.4190
  Step 1600/1648 | Loss 4.3778
Ep 3/10 | Train 4.1613 | Val 4.3087 PPL 74.3 * BEST | 5175s
  pos-bias: |mean|=3.4450 most-local=h7 most-global=h0
  -- greedy --
    'It was a dark and stormy'          -> ' night.\n\nThe first time I was to see the world of the world, I was a little'
    'The length of the hypotenuse'      -> ' of the body. The body is the body of the body. The body is the body of the'
    'The President of the United'       -> ' States, and the United States, the United States, and the United States, a'
    'Once upon a time there was'        -> ' a chance to get a chance to get a chance to get a chance to get a chance t'
    'The results indicate that'         -> ' the number of people who are in the same position is not the same as the n'
  Step 200/1648 | Loss 4.4076
  Step 400/1648 | Loss 4.3800
  Step 600/1648 | Loss 4.3304
  Step 800/1648 | Loss 4.3795
  Step 1000/1648 | Loss 4.4216
  Step 1200/1648 | Loss 4.2627
  Step 1400/1648 | Loss 4.1838
  Step 1600/1648 | Loss 4.3172
Ep 4/10 | Train 4.3053 | Val 4.1987 PPL 66.6 * BEST | 6838s
  pos-bias: |mean|=3.3839 most-local=h7 most-global=h0
  -- greedy --
    'It was a dark and stormy'          -> ', and it was a very good time to get the ball out of the box.\n\nThe ball was'
    'The length of the hypotenuse'      -> ' of the body, the body, the body, the body, the body, the body, the body, t'
    'The President of the United'       -> ' States, the United States and the United States.\n\nThe United States is the'
    'Once upon a time there was'        -> ' a chance to get a chance to get a chance to get a chance to get a chance t'
    'The results indicate that'         -> ' the results are not likely to be the case.\n\nThe results suggest that the r'
  Step 200/1648 | Loss 4.2937
  Step 400/1648 | Loss 4.4242
  Step 600/1648 | Loss 4.1997
  Step 800/1648 | Loss 4.1576
  Step 1000/1648 | Loss 4.2134
  Step 1200/1648 | Loss 3.9965
  Step 1400/1648 | Loss 4.2031
  Step 1600/1648 | Loss 4.2149
Ep 5/10 | Train 4.1529 | Val 4.1278 PPL 62.0 * BEST | 8503s
  pos-bias: |mean|=3.3335 most-local=h7 most-global=h0
  -- greedy --
    'It was a dark and stormy'          -> ', and it was a great thing to see.\n\nThe story of the story was a story of t'
    'The length of the hypotenuse'      -> ' of the body.\n\nThe body is a very small part of the body. The body is a ver'
    'The President of the United'       -> ' States, the United States and the United States.\n\nThe United States is a m'
    'Once upon a time there was'        -> ' a new, new, new, new, new, new, new, new, new, new, new, new, new, new, ne'
    'The results indicate that'         -> ' the new results are not necessarily true.\n\nThe results are not necessarily'
  Step 200/1648 | Loss 4.2235
  Step 400/1648 | Loss 4.2481
  Step 600/1648 | Loss 4.1001
  Step 800/1648 | Loss 4.2145
  Step 1000/1648 | Loss 4.3281
  Step 1200/1648 | Loss 4.1975
  Step 1400/1648 | Loss 4.1691
  Step 1600/1648 | Loss 4.1475
Ep 6/10 | Train 4.3192 | Val 4.0882 PPL 59.6 * BEST | 10169s
  pos-bias: |mean|=3.2961 most-local=h7 most-global=h0
  -- greedy --
    'It was a dark and stormy'          -> ', and it was a very dark, very dark, and very dark, and very dark, and very'
    'The length of the hypotenuse'      -> ' of the body.\n\nThe body is a very small part of the body. The body is a ver'
    'The President of the United'       -> ' States, who has been accused of being a member of the United States of the'
    'Once upon a time there was'        -> ' a time when the first thing was that the first thing I had to do was to ge'
    'The results indicate that'         -> ' the results are not statistically significant.\n\nThe results are not statis'
  Step 200/1648 | Loss 4.1433
  Step 400/1648 | Loss 4.1421
  Step 600/1648 | Loss 4.0985
  Step 800/1648 | Loss 4.1048
  Step 1000/1648 | Loss 4.0595
  Step 1200/1648 | Loss 4.0695
  Step 1400/1648 | Loss 4.2635
  Step 1600/1648 | Loss 4.1752
Ep 7/10 | Train 4.0133 | Val 4.0600 PPL 58.0 * BEST | 11835s
  pos-bias: |mean|=3.2714 most-local=h7 most-global=h0
  -- greedy --
    'It was a dark and stormy'          -> ' night.\n\nThe night was a night of a night, and the night was a night of a n'
    'The length of the hypotenuse'      -> ' of the body.\n\nThe body is a very small part of the body. The body is a ver'
    'The President of the United'       -> ' States, who has been accused of being a member of the United States of the'
    'Once upon a time there was'        -> ' a time when the first time I was in the middle of the day, I was in the mi'
    'The results indicate that'         -> ' the number of people who are in the same age is not the same as the number'
  Step 200/1648 | Loss 4.1669
  Step 400/1648 | Loss 4.0722
  Step 600/1648 | Loss 4.0394
  Step 800/1648 | Loss 4.2767
  Step 1000/1648 | Loss 4.0745
  Step 1200/1648 | Loss 4.2355
  Step 1400/1648 | Loss 4.0131
  Step 1600/1648 | Loss 4.1718
Ep 8/10 | Train 4.2576 | Val 4.0427 PPL 57.0 * BEST | 13503s
  pos-bias: |mean|=3.2579 most-local=h7 most-global=h0
  -- greedy --
    'It was a dark and stormy'          -> ', and it was a very dark, dark, and a very dark, dark, and a very dark, dar'
    'The length of the hypotenuse'      -> ' of the body, and the length of the body, and the length of the body, and t'
    'The President of the United'       -> ' States, who has been accused of being a member of the United States of the'
    'Once upon a time there was'        -> ' a time when the first person was in the office.\n\nThe first person was in t'
    'The results indicate that'         -> ' the number of people who are in the workforce is not the same as the numbe'
  Step 200/1648 | Loss 4.2421
  Step 400/1648 | Loss 3.9895
  Step 600/1648 | Loss 4.1999
  Step 800/1648 | Loss 4.0201
  Step 1000/1648 | Loss 3.9587
  Step 1200/1648 | Loss 4.0591
  Step 1400/1648 | Loss 4.0817
  Step 1600/1648 | Loss 3.8871
Ep 9/10 | Train 4.2382 | Val 4.0358 PPL 56.6 * BEST | 15168s
  pos-bias: |mean|=3.2527 most-local=h7 most-global=h0
  -- greedy --
    'It was a dark and stormy'          -> ', and it was a very dark, dark, and a very dark, dark, and a very dark, dar'
    'The length of the hypotenuse'      -> ' of the body, and the length of the body, the length of the body, the lengt'
    'The President of the United'       -> ' States, and the president of the United States, the United States, and the'
    'Once upon a time there was'        -> ' a time when the first time I was in the middle of the day, I was in the mi'
    'The results indicate that'         -> ' the number of people who are in the workforce is not the same as the numbe'
  Step 200/1648 | Loss 3.9839
  Step 400/1648 | Loss 4.0421
  Step 600/1648 | Loss 4.0405
  Step 800/1648 | Loss 4.1978
  Step 1000/1648 | Loss 3.9334
  Step 1200/1648 | Loss 4.1400
  Step 1400/1648 | Loss 4.0198
  Step 1600/1648 | Loss 3.9449
Ep 10/10 | Train 3.8720 | Val 4.0350 PPL 56.5 * BEST | 16937s
  pos-bias: |mean|=3.2519 most-local=h7 most-global=h0
  -- greedy --
    'It was a dark and stormy'          -> ', and it was a very dark, dark, and a very dark, dark, and a very dark, dar'
    'The length of the hypotenuse'      -> ' of the body, and the length of the body, the length of the body, the lengt'
    'The President of the United'       -> ' States, and the president of the United States, the United States, and the'
    'Once upon a time there was'        -> ' a time when the first thing was to do with the game was to be done.\n\nThe g'
    'The results indicate that'         -> ' the number of people who are in the workforce is not the same as the numbe'

  condM-periodic 13M TEST: PPL 55.315

  ======= Comparison =======
  Standard 13M                                64.07
  condM 13M (layer5, 5 DSQG)                 54.529
  condM 13M (layer3, 3+2 DSQG)               54.480
  condM-periodic 13M [3:1:3:1] (this)        55.315
  vs condM 13M (layer5): +0.786 PPL (worse with 13,075,648 params vs 13,984,480)
  Results -> /home/dlewis3/Desktop/AI/DWARF/benchmarks/condM_periodic_13m_results.json
