======================================================================
  condV -- Receiver-Chain Interference (13M, FineWeb-Edu)
======================================================================
  GPU: NVIDIA GeForce RTX 4090  (23.6 GB)
  Kernel: dsqg_attention_v3 (UNCHANGED from condU)
  Changes vs condU: Kalman-EMA + KdV soliton + AGC (interference)
  Retained: Q-weighted scale gains, IF amplifier, Huygens K/V inject
  Architecture: INTERFERENCE=3, gate=0, 1 FullAttn @ layer 5
  References: condU=52.206/43.3% | I3G0=52.948/53.3% | condM=54.529/83.3%
Loading FineWeb-Edu from cache: benchmarks/logs/condm_fineweb_edu_doc_cache.json
  Loaded 100,000 docs from cache

Loaded condI BPE tokenizer from /home/dlewis3/Desktop/AI/DWARF/train/../results/2048_condI_tokenizer.json
Encoding data (max_seq_len=2048)...
  Train: 121,232 sequences
  Capped to 52,716 train sequences (iso-compute)
  Val: 2,923 sequences
  Test: 3,464 sequences

condV: 14,057,554 parameters
  Layer types: ['DSQG', 'DSQG', 'DSQG', 'DSQG', 'DSQG', 'FULL']
Running causality check...
  Pre-10:  0.00000000  (expect 0.0)
  Pos-10:  1.198857  (expect >0)
  Post-10: 0.324088  (expect >0)
  PASS

  Tokens/epoch: 107,909,652
  Chinchilla:   281,151,080 tokens (epoch ~2.61)

  Step 200/1648 | Loss 6.5698
  Step 400/1648 | Loss 5.9789
  Step 600/1648 | Loss 5.8426
  Step 800/1648 | Loss 5.6400
  Step 1000/1648 | Loss 5.3894
  Step 1200/1648 | Loss 5.2878
  Step 1400/1648 | Loss 5.1647
  Step 1600/1648 | Loss 5.1680
Ep 1/10 | Train 5.7633 | Val 4.9571 PPL 142.2 * BEST | 539s (38%C)
  DSQG pos-bias: |mean|=3.1616 |max|=11.4254 most-local=h7 most-global=h0
  scale_embed:   |mean|=0.1198 |max|=0.3582
  IF gains:      h0:1.03  h1:1.02  h2:1.00  h3:1.01  h4:1.02  h5:1.01  h6:1.00  h7:1.01
  -- Generation samples (greedy) --
    'It was a dark and stormy' -> '.\nThe first time the first time the day was to be the first time.\nThe first time'
    'The length of the hypotenuse' -> ' is the length of the length of the length of the length of the length of the le'
    'The President of the United' -> ' States, the United States, and the United States, and the United States, and th'
    'Once upon a time there was' -> ' a lot of time to be a good thing.\nThe first thing is that the first thing is th'
    'The results indicate that' -> ' the results of the study are not only the same.\nThe study of the study was publ'
  --
  Passkey...
  mean=0.0%  (0/12 distances >50%)
  d=1:0%  d=2:0%  d=4:0%  d=8:0%  d=16:0%  d=32:0%  d=64:0%  d=128:0%  d=256:0%  d=512:0%  d=1024:0%  d=1536:0%
  Step 200/1648 | Loss 5.0210
  Step 400/1648 | Loss 4.8619
  Step 600/1648 | Loss 4.8884
  Step 800/1648 | Loss 4.8136
  Step 1000/1648 | Loss 5.0138
  Step 1200/1648 | Loss 4.8195
  Step 1400/1648 | Loss 4.4883
  Step 1600/1648 | Loss 4.6367
Ep 2/10 | Train 4.7831 | Val 4.3856 PPL 80.3 * BEST | 1055s (77%C)
  DSQG pos-bias: |mean|=3.0452 |max|=10.9881 most-local=h7 most-global=h0
  scale_embed:   |mean|=0.1668 |max|=0.5215
  IF gains:      h0:1.04  h1:1.02  h2:0.98  h3:1.00  h4:1.02  h5:0.99  h6:0.99  h7:0.99
  -- Generation samples (greedy) --
    'It was a dark and stormy' -> ', and the storm was a very cold, and the storm was a very cold, cold, cold, and '
    'The length of the hypotenuse' -> ' is the length of the intestines.\nThe length of the intestines is the length of '
    'The President of the United' -> ' States, the President of the United States, and the President of the United Sta'
    'Once upon a time there was' -> ' a number of people who had been in the same way.\nThe first time the first time '
    'The results indicate that' -> ' the number of the population is not limited to the number of individuals.\nThe n'
  --
  Passkey...
  mean=6.7%  (0/12 distances >50%)
  d=1:20%  d=2:20%  d=4:20%  d=8:20%  d=16:0%  d=32:0%  d=64:0%  d=128:0%  d=256:0%  d=512:0%  d=1024:0%  d=1536:0%
  Step 200/1648 | Loss 4.3775
  Step 400/1648 | Loss 4.5684
  Step 600/1648 | Loss 4.5251
  Step 800/1648 | Loss 4.3821
  Step 1000/1648 | Loss 4.3061
  Step 1200/1648 | Loss 4.2434
  Step 1400/1648 | Loss 4.2453
  Step 1600/1648 | Loss 4.6372
Ep 3/10 | Train 4.3701 | Val 4.1476 PPL 63.3 * BEST | 1565s (115%C)
  DSQG pos-bias: |mean|=2.9349 |max|=10.6041 most-local=h7 most-global=h0
  scale_embed:   |mean|=0.1918 |max|=0.7157
  IF gains:      h0:1.02  h1:1.02  h2:0.97  h3:0.99  h4:1.01  h5:0.98  h6:0.98  h7:0.99
  -- Generation samples (greedy) --
    'It was a dark and stormy' -> ' night.\nThe first day of the night was the night of the night. The night was the'
    'The length of the hypotenuse' -> ' is a very small number of times.\nThe most common type of hyperactivity is the a'
    'The President of the United' -> ' States, the President of the United States, was the first president of the Unit'
    'Once upon a time there was' -> ' a number of things that could be done in the next few years.\nThe first thing to'
    'The results indicate that' -> ' the first step is to make the decision to make decisions.\nThe first step is to '
  --
  Passkey...
  mean=18.3%  (0/12 distances >50%)
  d=1:40%  d=2:40%  d=4:20%  d=8:20%  d=16:20%  d=32:20%  d=64:20%  d=128:20%  d=256:20%  d=512:0%  d=1024:0%  d=1536:0%
  Step 200/1648 | Loss 4.3223
  Step 400/1648 | Loss 4.1644
  Step 600/1648 | Loss 4.1296
  Step 800/1648 | Loss 4.1035
  Step 1000/1648 | Loss 4.0508
  Step 1200/1648 | Loss 4.2628
  Step 1400/1648 | Loss 4.4212
  Step 1600/1648 | Loss 4.3300
Ep 4/10 | Train 4.2095 | Val 4.0412 PPL 56.9 * BEST | 2066s (154%C)
  DSQG pos-bias: |mean|=2.8414 |max|=10.2804 most-local=h7 most-global=h0
  scale_embed:   |mean|=0.2059 |max|=0.8434
  IF gains:      h0:1.02  h1:1.02  h2:0.97  h3:0.99  h4:1.00  h5:0.97  h6:0.97  h7:0.98
  -- Generation samples (greedy) --
    'It was a dark and stormy' -> ' night.\nThe first day of the day, the day was a day. The day was a day. The day '
    'The length of the hypotenuse' -> ' is a very small amount of time. The amount of time the hypotenuse is a bit more'
    'The President of the United' -> ' States, the United States, and the United States, and the United States, the Un'
    'Once upon a time there was' -> ' a great deal of confusion about the subject.\nThe first thing to do is to make a'
    'The results indicate that' -> ' the average temperature of the Earth is about 1.5°C.\nThe average temperature of'
  --
  Passkey...
  mean=30.0%  (2/12 distances >50%)
  d=1:40%  d=2:40%  d=4:40%  d=8:40%  d=16:20%  d=32:60%  d=64:60%  d=128:20%  d=256:40%  d=512:0%  d=1024:0%  d=1536:0%
  Step 200/1648 | Loss 4.1816
  Step 400/1648 | Loss 4.0038
  Step 600/1648 | Loss 4.2257
  Step 800/1648 | Loss 4.2231
  Step 1000/1648 | Loss 4.2576
  Step 1200/1648 | Loss 4.0282
  Step 1400/1648 | Loss 4.0429
  Step 1600/1648 | Loss 4.0243
Ep 5/10 | Train 4.1259 | Val 3.9829 PPL 53.7 * BEST | 2573s (192%C)
  DSQG pos-bias: |mean|=2.7684 |max|=10.0254 most-local=h7 most-global=h0
  scale_embed:   |mean|=0.2137 |max|=0.9203
  IF gains:      h0:1.02  h1:1.02  h2:0.96  h3:0.98  h4:0.99  h5:0.96  h6:0.96  h7:0.98
  -- Generation samples (greedy) --
    'It was a dark and stormy' -> ' night.\nThe first day of the night, the night was a night of night. The night wa'
    'The length of the hypotenuse' -> ' is a very small amount of time. The hypotenuse is a very small amount of time, '
    'The President of the United' -> ' States, the United States, and the United States, was the first to be elected t'
    'Once upon a time there was' -> ' a new set of rules, the first rules were adopted.\nThe first rules were adopted '
    'The results indicate that' -> ' the number of people who are born in the United States is not a significant fac'
  --
  Passkey...
  mean=45.0%  (5/12 distances >50%)
  d=1:60%  d=2:40%  d=4:40%  d=8:80%  d=16:60%  d=32:80%  d=64:60%  d=128:40%  d=256:40%  d=512:40%  d=1024:0%  d=1536:0%
  Step 200/1648 | Loss 4.0320
  Step 400/1648 | Loss 4.3683
  Step 600/1648 | Loss 4.2017
  Step 800/1648 | Loss 4.1285
  Step 1000/1648 | Loss 4.0451
  Step 1200/1648 | Loss 4.1734
  Step 1400/1648 | Loss 4.0339
  Step 1600/1648 | Loss 4.1319
Ep 6/10 | Train 4.0712 | Val 3.9426 PPL 51.6 * BEST | 3080s (230%C)
  DSQG pos-bias: |mean|=2.7164 |max|=9.8431 most-local=h7 most-global=h0
  scale_embed:   |mean|=0.2179 |max|=0.9667
  IF gains:      h0:1.02  h1:1.02  h2:0.96  h3:0.98  h4:0.99  h5:0.96  h6:0.95  h7:0.98
  -- Generation samples (greedy) --
    'It was a dark and stormy' -> ' night.\nThe first day of the day, the night was a day of the day. The night was '
    'The length of the hypotenuse' -> ' is a very small number of times the length of the hypotenuse is a very small nu'
    'The President of the United' -> ' States, the United States, and the United States, would have been the first to '
    'Once upon a time there was' -> ' a new time in the world, the new technology was developed.\nThe new technology w'
    'The results indicate that' -> ' the number of people who are not in the United States is not as high as the num'
  --
  Passkey...
  mean=56.7%  (8/12 distances >50%)
  d=1:80%  d=2:40%  d=4:60%  d=8:80%  d=16:60%  d=32:80%  d=64:80%  d=128:60%  d=256:60%  d=512:40%  d=1024:40%  d=1536:0%
  Step 200/1648 | Loss 4.3287
  Step 400/1648 | Loss 4.0773
  Step 600/1648 | Loss 4.0662
  Step 800/1648 | Loss 4.1831
  Step 1000/1648 | Loss 4.0916
  Step 1200/1648 | Loss 3.9903
  Step 1400/1648 | Loss 4.1559
  Step 1600/1648 | Loss 3.9655
Ep 7/10 | Train 4.0347 | Val 3.9186 PPL 50.3 * BEST | 3587s (269%C)
  DSQG pos-bias: |mean|=2.6829 |max|=9.7292 most-local=h7 most-global=h0
  scale_embed:   |mean|=0.2199 |max|=0.9944
  IF gains:      h0:1.02  h1:1.02  h2:0.96  h3:0.98  h4:0.99  h5:0.95  h6:0.95  h7:0.98
  -- Generation samples (greedy) --
    'It was a dark and stormy' -> ' night.\nThe first day of the day, the night was a day of the day. The night was '
    'The length of the hypotenuse' -> ' is a very small number of times the length of the hypotenuse is a small number '
    'The President of the United' -> ' States, the United States, and the United States, was the first to be elected t'
    'Once upon a time there was' -> ' a time when the people were not able to find the best way to find the best way '
    'The results indicate that' -> ' the number of people who are in the United States is not as high as the number '
  --
  Passkey...
  mean=71.7%  (9/12 distances >50%)
  d=1:100%  d=2:80%  d=4:80%  d=8:80%  d=16:80%  d=32:100%  d=64:100%  d=128:80%  d=256:80%  d=512:40%  d=1024:40%  d=1536:0%
  Step 200/1648 | Loss 4.1587
  Step 400/1648 | Loss 3.8937
  Step 600/1648 | Loss 3.8494
  Step 800/1648 | Loss 4.1362
  Step 1000/1648 | Loss 4.0950
  Step 1200/1648 | Loss 3.9725
  Step 1400/1648 | Loss 3.8700
  Step 1600/1648 | Loss 4.1255
Ep 8/10 | Train 4.0146 | Val 3.9031 PPL 49.6 * BEST | 4090s (307%C)
  DSQG pos-bias: |mean|=2.6648 |max|=9.6661 most-local=h7 most-global=h0
  scale_embed:   |mean|=0.2207 |max|=1.0078
  IF gains:      h0:1.02  h1:1.02  h2:0.96  h3:0.98  h4:0.99  h5:0.95  h6:0.95  h7:0.97
  -- Generation samples (greedy) --
    'It was a dark and stormy' -> ' night.\nThe first day of the day, the first day of the day, was a day of the day'
    'The length of the hypotenuse' -> ' is a very small number of times the length of the hypotenuse is a small number '
    'The President of the United' -> ' States, the United States, and the United States, would have been the first to '
    'Once upon a time there was' -> ' a time when the first person was born.\nThe first person was born in the United '
    'The results indicate that' -> ' the number of people who are not eligible for the program is not a significant '
  --
  Passkey...
  mean=76.7%  (10/12 distances >50%)
  d=1:100%  d=2:80%  d=4:80%  d=8:100%  d=16:80%  d=32:100%  d=64:100%  d=128:80%  d=256:100%  d=512:60%  d=1024:40%  d=1536:0%
  Step 200/1648 | Loss 4.0625
  Step 400/1648 | Loss 3.9292
  Step 600/1648 | Loss 3.9321
  Step 800/1648 | Loss 4.1545
  Step 1000/1648 | Loss 3.6780
  Step 1200/1648 | Loss 3.8710
  Step 1400/1648 | Loss 4.0107
  Step 1600/1648 | Loss 3.9421
Ep 9/10 | Train 3.9957 | Val 3.8949 PPL 49.2 * BEST | 4593s (345%C)
  DSQG pos-bias: |mean|=2.6579 |max|=9.6422 most-local=h7 most-global=h0
  scale_embed:   |mean|=0.2209 |max|=1.0129
  IF gains:      h0:1.02  h1:1.02  h2:0.96  h3:0.98  h4:0.99  h5:0.95  h6:0.95  h7:0.97
  -- Generation samples (greedy) --
    'It was a dark and stormy' -> ' night.\nThe first day of the day, the night was a day of the day. The night was '
    'The length of the hypotenuse' -> ' is a very small amount of the hypotenuse. The hypotenuse is a very small amount'
    'The President of the United' -> ' States, the United States, and the United States, would be the first to be the '
    'Once upon a time there was' -> ' a time when the first person was to be given a time to study the history of the'
    'The results indicate that' -> ' the number of people who are in the United States is not as high as the number '
  --
  Passkey...
  mean=76.7%  (9/12 distances >50%)
  d=1:100%  d=2:80%  d=4:80%  d=8:80%  d=16:80%  d=32:100%  d=64:100%  d=128:80%  d=256:100%  d=512:40%  d=1024:40%  d=1536:40%
  Step 200/1648 | Loss 4.1752
  Step 400/1648 | Loss 4.0461
  Step 600/1648 | Loss 3.8344
  Step 800/1648 | Loss 3.9928
  Step 1000/1648 | Loss 3.8412
  Step 1200/1648 | Loss 4.1110
  Step 1400/1648 | Loss 4.1581
  Step 1600/1648 | Loss 3.9931
Ep 10/10 | Train 3.9890 | Val 3.8935 PPL 49.1 * BEST | 5088s (384%C)
  DSQG pos-bias: |mean|=2.6569 |max|=9.6388 most-local=h7 most-global=h0
  scale_embed:   |mean|=0.2209 |max|=1.0137
  IF gains:      h0:1.02  h1:1.02  h2:0.96  h3:0.98  h4:0.99  h5:0.95  h6:0.95  h7:0.97
  -- Generation samples (greedy) --
    'It was a dark and stormy' -> ' night.\nThe first day of the day, the night was a day of the day. The night was '
    'The length of the hypotenuse' -> ' is a very small amount of the hypotenuse. The hypotenuse is a very small amount'
    'The President of the United' -> ' States, the United States, and the United States, would be the first to be the '
    'Once upon a time there was' -> ' a time when the first person was to be given a time to study the history of the'
    'The results indicate that' -> ' the number of people who are in the United States is not as high as the number '
  --
  Passkey...
  mean=76.7%  (9/12 distances >50%)
  d=1:100%  d=2:80%  d=4:80%  d=8:80%  d=16:80%  d=32:100%  d=64:100%  d=128:80%  d=256:100%  d=512:40%  d=1024:40%  d=1536:40%

  condU TEST: PPL 52.457 | Loss 3.9600
  I3G0 reference:  52.948 PPL | delta = -0.491
  condM reference: 54.529 PPL | delta = -2.072

  -- Temperature sweep (best checkpoint) --

  [greedy]
    'It was a dark and stormy' -> ' night.\nThe first day of the day, the night was a day of the day. The night was '
    'The length of the hypotenuse' -> ' is a very small amount of the hypotenuse. The hypotenuse is a very small amount'
    'The President of the United' -> ' States, the United States, and the United States, would be the first to be the '
    'Once upon a time there was' -> ' a time when the first person was to be given a time to study the history of the'
    'The results indicate that' -> ' the number of people who are in the United States is not as high as the number '

  [T=0.5]
    'It was a dark and stormy' -> ' night.\nThe first day of the war was to look at the main city of the city. The c'
    'The length of the hypotenuse' -> ' is the time of the intestines. The intestines are the most important parts of t'
    'The President of the United' -> ' States, the President of the United States, and the President of the United Sta'
    'Once upon a time there was' -> ' a new time in the world, and the future of the universe is now a new era.\nThe u'
    'The results indicate that' -> ' the population of the United States is not as strong as the United States, as i'

  [T=0.7]
    'It was a dark and stormy' -> ' day, a tale of a large and beautiful and brilliant boy, and the story of a youn'
    'The length of the hypotenuse' -> ' is 10.10 cm.\nThe level of interest in the calorie is 0.7 cm.\nThe exact length o'
    'The President of the United' -> ' States was President of the United States and President of the United States. T'
    'Once upon a time there was' -> ' no reason to be a reusable tool that could be used in a single way. This approa'
    'The results indicate that' -> ' the average person is still exposed to a loss of one’s weight.\nAn increase in t'

  [T=1.0]
    'It was a dark and stormy' -> ' while facing the franks. Already, the nearby mullet slopes of our central stand'
    'The length of the hypotenuse' -> ' end is 30-30\npretures 10.3 and 40 degrees per second (notably the exhaustive me'
    'The President of the United' -> ' States included a member of the Senate. On the other hand, then the president, '
    'Once upon a time there was' -> ' a modern term, with time holding every month in place and holding his staff on '
    'The results indicate that' -> ' the International Prohibition Act of 2005 is federal law that most countries do'

  Final passkey: mean=76.7%  (9/12 distances >50%)
  d=1:100%  d=2:80%  d=4:80%  d=8:80%  d=16:80%  d=32:100%  d=64:100%  d=128:80%  d=256:100%  d=512:40%  d=1024:40%  d=1536:40%
  I3G0 reference:  53.3% passkey
  condM reference: 83.3% passkey

  Final IF gains: h0:1.017  h1:1.025  h2:0.962  h3:0.978  h4:0.986  h5:0.952  h6:0.951  h7:0.975
  Final scale_embed: |mean|=0.2209 |max|=1.0137
  Final EMA factors:  b0:0.0023   (window≈435t)
  Final KdV alphas:   b0:-0.0014

  Results -> benchmarks/logs/d41s3_results.json
