======================================================================
  d48_film_pure_14m_v2 -- FiLM-Conditioned FFN + Pure DSQG (14M, FineWeb-Edu)
======================================================================
  GPU: NVIDIA GeForce RTX 4090  (23.6 GB)
  Kernel: dsqg_attention_v3 (d48 offsets)
  FiLM v2 conditioning: per-head via IF gains, normalized init (0.1), detached signal
  Architecture: INTERFERENCE=3, gate=0, ALL DSQG (no full attention)
  Offsets: dense=48, sparse=[96, 128, 384], J=52
Loading FineWeb-Edu from cache: benchmarks/logs/condm_fineweb_edu_doc_cache.json
  Loaded 100,000 docs from cache

Loaded condI BPE tokenizer from /home/dlewis3/Desktop/AI/DWARF/train/../results/2048_condI_tokenizer.json
Encoding data (max_seq_len=2048)...
  Train: 121,232 sequences
  Val: 2,923 sequences
  Test: 3,464 sequences

d48_film_pure_14m_v2: 14,262,004 parameters (3,072 FiLM)
  Layer types: ['DSQG', 'DSQG', 'DSQG', 'DSQG', 'DSQG', 'DSQG']
Running causality check...
  Pre-10:  0.00000000  (expect 0.0)
  Pos-10:  1.482417  (expect >0)
  Post-10: 0.306893  (expect >0)
  PASS

  Tokens/epoch: 248,161,904
  Chinchilla:   285,240,080 tokens (epoch ~1.15)

  Step 200/3789 | Loss 6.5464
  Step 400/3789 | Loss 6.0793
  Step 600/3789 | Loss 5.7754
  Step 800/3789 | Loss 5.5077
  Step 1000/3789 | Loss 5.4534
  Step 1200/3789 | Loss 5.3506
  Step 1400/3789 | Loss 5.2243
  Step 1600/3789 | Loss 4.9515
  Step 1800/3789 | Loss 4.9606
  Step 2000/3789 | Loss 5.1076
  Step 2200/3789 | Loss 5.0308
  Step 2400/3789 | Loss 5.1121
  Step 2600/3789 | Loss 4.6927
  Step 2800/3789 | Loss 4.8554
  Step 3000/3789 | Loss 4.6789
  Step 3200/3789 | Loss 4.7508
  Step 3400/3789 | Loss 4.8266
  Step 3600/3789 | Loss 4.6025
Ep 1/3 | Train 5.2006 | Val 4.4484 PPL 85.5 * BEST | 1520s (87%C)
  DSQG pos-bias: |mean|=3.1433 |max|=10.8403 most-local=h7 most-global=h0
  scale_embed:   |mean|=0.1611 |max|=0.5360
  IF gains:      h0:1.08  h1:1.05  h2:1.03  h3:1.04  h4:1.03  h5:1.01  h6:1.01  h7:1.01
  FiLM:          gamma |mean|=0.0662  beta |mean|=0.0085
  -- Generation samples (greedy) --
    'It was a dark and stormy' -> ', and the storm was a very hot, and the storm was a very hot, cold, and cold.\nTh'
    'The length of the hypotenuse' -> ' of the heart, and the length of the heart, the length of the heart, the length '
    'The President of the United' -> ' States, and the President of the United States, was elected to the United State'
    'Once upon a time there was' -> ' a number of other things that could be made to the people.\nThe first thing that'
    'The results indicate that' -> ' the average average average average average average is about 1.5 percent of the'
  --
  Passkey...
  mean=0.0%  (0/6 distances >50%)
  d=64:0%  d=128:0%  d=256:0%  d=512:0%  d=1024:0%  d=1536:0%
  Step 200/3789 | Loss 4.6135
  Step 400/3789 | Loss 4.4496
  Step 600/3789 | Loss 4.5153
  Step 800/3789 | Loss 4.5331
  Step 1000/3789 | Loss 4.4622
  Step 1200/3789 | Loss 4.4105
