  File "/home/dlewis3/Desktop/AI/DWARF/train/train_2048_14m_d49_optimal.py", line 660
    f'per_dist={[f"d{r[\"distance\"]}:{r[\"accuracy\"]:.0%}" for r in passkey]}')
                        ^
SyntaxError: unexpected character after line continuation character
Device: cuda
Offsets (52): [0, 1, 2, 3, 4, 5, 6, 7, 8, 9, 10, 11, 12, 13, 14, 15, 16, 17, 18, 19, 20, 21, 22, 23, 24, 25, 26, 27, 28, 29, 30, 31, 32, 33, 34, 35, 36, 37, 38, 39, 40, 96, 128, 145, 163, 185, 209, 236, 266, 301, 340, 384]
Head split: 7 local + 1 distal
Wavelet θ=1.0625  coefficients: [0.4903, 0.8345, 0.2168, -0.1274]
Traceback (most recent call last):
  File "/home/dlewis3/Desktop/AI/DWARF/train/train_2048_14m_d49_optimal.py", line 690, in <module>
    train()
  File "/home/dlewis3/Desktop/AI/DWARF/train/train_2048_14m_d49_optimal.py", line 533, in train
    tokenizer = load_tokenizer()
                ^^^^^^^^^^^^^^^^
  File "/home/dlewis3/Desktop/AI/DWARF/train/train_2048_14m_d49_optimal.py", line 452, in load_tokenizer
    from transformers import AutoTokenizer
ModuleNotFoundError: No module named 'transformers'
Device: cuda
Offsets (52): [0, 1, 2, 3, 4, 5, 6, 7, 8, 9, 10, 11, 12, 13, 14, 15, 16, 17, 18, 19, 20, 21, 22, 23, 24, 25, 26, 27, 28, 29, 30, 31, 32, 33, 34, 35, 36, 37, 38, 39, 40, 96, 128, 145, 163, 185, 209, 236, 266, 301, 340, 384]
Head split: 7 local + 1 distal
Wavelet θ=1.0625  coefficients: [0.4903, 0.8345, 0.2168, -0.1274]
Loaded tokenizer from /home/dlewis3/Desktop/AI/DWARF/train/../results/2048_condI_tokenizer.json  (vocab=32000)
Streaming FineWeb-Edu (no cache found) …
`trust_remote_code` is not supported anymore.
Please check that the Hugging Face dataset 'HuggingFaceFW/fineweb-edu' isn't based on a loading script and remove `trust_remote_code`.
If the dataset is based on a loading script, please ask the dataset author to remove it and convert it to a standard format like Parquet.
Device: cuda
Offsets (52): [0, 1, 2, 3, 4, 5, 6, 7, 8, 9, 10, 11, 12, 13, 14, 15, 16, 17, 18, 19, 20, 21, 22, 23, 24, 25, 26, 27, 28, 29, 30, 31, 32, 33, 34, 35, 36, 37, 38, 39, 40, 96, 128, 145, 163, 185, 209, 236, 266, 301, 340, 384]
Head split: 7 local + 1 distal
Wavelet θ=1.0625  coefficients: [0.4903, 0.8345, 0.2168, -0.1274]
Loaded tokenizer from /home/dlewis3/Desktop/AI/DWARF/train/../results/2048_condI_tokenizer.json  (vocab=32000)
Loading pre-encoded dataset from logs/fineweb_encoded_2048.pt …
  train: 52,716  val: 5,582  test: 5,473 seqs
Parameters: 13,469,432
Traceback (most recent call last):
  File "/home/dlewis3/Desktop/AI/DWARF/train/train_2048_14m_d49_optimal.py", line 718, in <module>
    train()
  File "/home/dlewis3/Desktop/AI/DWARF/train/train_2048_14m_d49_optimal.py", line 581, in train
    total_steps = (len(seqs) // (BATCH_SIZE * GRAD_ACCUM)) * NUM_EPOCHS
                       ^^^^
NameError: name 'seqs' is not defined
Device: cuda
Offsets (52): [0, 1, 2, 3, 4, 5, 6, 7, 8, 9, 10, 11, 12, 13, 14, 15, 16, 17, 18, 19, 20, 21, 22, 23, 24, 25, 26, 27, 28, 29, 30, 31, 32, 33, 34, 35, 36, 37, 38, 39, 40, 96, 128, 145, 163, 185, 209, 236, 266, 301, 340, 384]
Head split: 7 local + 1 distal
Wavelet θ=1.0625  coefficients: [0.4903, 0.8345, 0.2168, -0.1274]
Loaded tokenizer from /home/dlewis3/Desktop/AI/DWARF/train/../results/2048_condI_tokenizer.json  (vocab=32000)
Loading pre-encoded dataset from logs/fineweb_encoded_2048.pt …
  train: 52,716  val: 5,582  test: 5,473 seqs
Parameters: 13,469,432
Traceback (most recent call last):
  File "/home/dlewis3/Desktop/AI/DWARF/train/train_2048_14m_d49_optimal.py", line 718, in <module>
    train()
  File "/home/dlewis3/Desktop/AI/DWARF/train/train_2048_14m_d49_optimal.py", line 608, in train
    logits = model(inp)
             ^^^^^^^^^^
  File "/home/dlewis3/Desktop/AI/DWARF/.venv/lib/python3.12/site-packages/torch/nn/modules/module.py", line 1739, in _wrapped_call_impl
    return self._call_impl(*args, **kwargs)
           ^^^^^^^^^^^^^^^^^^^^^^^^^^^^^^^^
  File "/home/dlewis3/Desktop/AI/DWARF/.venv/lib/python3.12/site-packages/torch/nn/modules/module.py", line 1750, in _call_impl
    return forward_call(*args, **kwargs)
           ^^^^^^^^^^^^^^^^^^^^^^^^^^^^^
  File "/home/dlewis3/Desktop/AI/DWARF/train/train_2048_14m_d49_optimal.py", line 440, in forward
    x = layer(x)
        ^^^^^^^^
  File "/home/dlewis3/Desktop/AI/DWARF/.venv/lib/python3.12/site-packages/torch/nn/modules/module.py", line 1739, in _wrapped_call_impl
    return self._call_impl(*args, **kwargs)
           ^^^^^^^^^^^^^^^^^^^^^^^^^^^^^^^^
  File "/home/dlewis3/Desktop/AI/DWARF/.venv/lib/python3.12/site-packages/torch/nn/modules/module.py", line 1750, in _call_impl
    return forward_call(*args, **kwargs)
           ^^^^^^^^^^^^^^^^^^^^^^^^^^^^^
  File "/home/dlewis3/Desktop/AI/DWARF/train/train_2048_14m_d49_optimal.py", line 393, in forward
    attn_out = self.attn(res)
               ^^^^^^^^^^^^^^
  File "/home/dlewis3/Desktop/AI/DWARF/.venv/lib/python3.12/site-packages/torch/nn/modules/module.py", line 1739, in _wrapped_call_impl
    return self._call_impl(*args, **kwargs)
           ^^^^^^^^^^^^^^^^^^^^^^^^^^^^^^^^
  File "/home/dlewis3/Desktop/AI/DWARF/.venv/lib/python3.12/site-packages/torch/nn/modules/module.py", line 1750, in _call_impl
    return forward_call(*args, **kwargs)
           ^^^^^^^^^^^^^^^^^^^^^^^^^^^^^
  File "/home/dlewis3/Desktop/AI/DWARF/train/train_2048_14m_d49_optimal.py", line 258, in forward
    out = dsqg_attention_v3(q, k, v, masked_pb, self.scale_embed)
          ^^^^^^^^^^^^^^^^^^^^^^^^^^^^^^^^^^^^^^^^^^^^^^^^^^^^^^^
  File "/home/dlewis3/Desktop/AI/DWARF/kernels/dsqg_probe_d49_bridge_384.py", line 437, in dsqg_attention_v3
    out = _DSQGFnV3.apply(q, k, v, pos_bias.float(), scale_embed.float())
          ^^^^^^^^^^^^^^^^^^^^^^^^^^^^^^^^^^^^^^^^^^^^^^^^^^^^^^^^^^^^^^^
  File "/home/dlewis3/Desktop/AI/DWARF/.venv/lib/python3.12/site-packages/torch/autograd/function.py", line 575, in apply
    return super().apply(*args, **kwargs)  # type: ignore[misc]
           ^^^^^^^^^^^^^^^^^^^^^^^^^^^^^^
  File "/home/dlewis3/Desktop/AI/DWARF/kernels/dsqg_probe_d49_bridge_384.py", line 344, in forward
    assert pos_bias.shape    == (52, H)
           ^^^^^^^^^^^^^^^^^^^^^^^^^^^^
AssertionError
Device: cuda
Offsets (52): [0, 1, 2, 3, 4, 5, 6, 7, 8, 9, 10, 11, 12, 13, 14, 15, 16, 17, 18, 19, 20, 21, 22, 23, 24, 25, 26, 27, 28, 29, 30, 31, 32, 33, 34, 35, 36, 37, 38, 39, 40, 96, 128, 145, 163, 185, 209, 236, 266, 301, 340, 384]
Head split: 7 local + 1 distal
Wavelet θ=1.0625  coefficients: [0.4903, 0.8345, 0.2168, -0.1274]
Loaded tokenizer from /home/dlewis3/Desktop/AI/DWARF/train/../results/2048_condI_tokenizer.json  (vocab=32000)
Loading pre-encoded dataset from logs/fineweb_encoded_2048.pt …
  train: 52,716  val: 5,582  test: 5,473 seqs
Parameters: 13,469,432
[Ep 1] train_loss=57.5643 (412s, 261749 tok/s)
[Ep 1] val_ppl=6176.424
  L0: se_max=0.1307 pb_max=10000.0000 if_gain=[1.025, 1.052, 1.034, 1.024, 0.998, 0.995, 0.988, 0.956]
  L1: se_max=0.1023 pb_max=10000.0000 if_gain=[0.986, 0.988, 0.974, 0.972, 0.966, 0.967, 0.962, 0.962]
  L2: se_max=0.1264 pb_max=10000.0000 if_gain=[0.99, 0.975, 0.975, 0.965, 0.967, 0.97, 0.961, 0.965]
  L3: se_max=0.1741 pb_max=10000.0000 if_gain=[0.974, 0.971, 0.969, 0.973, 0.971, 0.968, 0.967, 0.964]
  L4: se_max=0.1577 pb_max=10000.0000 if_gain=[0.976, 0.984, 0.96, 0.966, 0.967, 0.965, 0.967, 0.968]
  L5: se_max=0.1064 pb_max=10000.0000 if_gain=[0.971, 0.978, 0.967, 0.974, 0.959, 0.968, 0.964, 0.965]
Traceback (most recent call last):
  File "/home/dlewis3/Desktop/AI/DWARF/train/train_2048_14m_d49_optimal.py", line 721, in <module>
    train()
  File "/home/dlewis3/Desktop/AI/DWARF/train/train_2048_14m_d49_optimal.py", line 684, in train
    passkey = run_passkey_eval(model, tokenizer, device)
              ^^^^^^^^^^^^^^^^^^^^^^^^^^^^^^^^^^^^^^^^^^
  File "/home/dlewis3/Desktop/AI/DWARF/train/train_2048_14m_d49_optimal.py", line 539, in run_passkey_eval
    ids     = tokenizer.encode(prompt, add_special_tokens=False)
              ^^^^^^^^^^^^^^^^^^^^^^^^^^^^^^^^^^^^^^^^^^^^^^^^^^
TypeError: BPETokenizerWrapper.encode() got an unexpected keyword argument 'add_special_tokens'
Device: cuda
Offsets (52): [0, 1, 2, 3, 4, 5, 6, 7, 8, 9, 10, 11, 12, 13, 14, 15, 16, 17, 18, 19, 20, 21, 22, 23, 24, 25, 26, 27, 28, 29, 30, 31, 32, 33, 34, 35, 36, 37, 38, 39, 40, 96, 128, 145, 163, 185, 209, 236, 266, 301, 340, 384]
Head split: 7 local + 1 distal
Wavelet θ=1.0625  coefficients: [0.4903, 0.8345, 0.2168, -0.1274]
Loaded tokenizer from /home/dlewis3/Desktop/AI/DWARF/train/../results/2048_condI_tokenizer.json  (vocab=32000)
Loading pre-encoded dataset from logs/fineweb_encoded_2048.pt …
  train: 52,716  val: 5,582  test: 5,473 seqs
Parameters: 13,469,432
[Ep 1] train_loss=52.9677 (369s, 292356 tok/s)
[Ep 1] val_ppl=2850.675
  L0: se_max=0.1932 pb_max=10000.0000 if_gain=[1.073, 1.083, 1.056, 1.052, 1.016, 1.02, 1.004, 0.973]
  L1: se_max=0.1323 pb_max=10000.0000 if_gain=[1.0, 0.977, 0.979, 0.972, 0.966, 0.966, 0.967, 0.956]
  L2: se_max=0.1685 pb_max=10000.0000 if_gain=[0.982, 0.975, 0.971, 0.971, 0.967, 0.965, 0.971, 0.962]
  L3: se_max=0.2480 pb_max=10000.0000 if_gain=[0.982, 0.975, 0.977, 0.964, 0.964, 0.959, 0.966, 0.965]
  L4: se_max=0.2761 pb_max=10000.0000 if_gain=[0.964, 0.978, 0.965, 0.967, 0.964, 0.968, 0.963, 0.97]
  L5: se_max=0.1913 pb_max=10000.0000 if_gain=[0.969, 0.976, 0.975, 0.963, 0.966, 0.963, 0.967, 0.967]
[Ep 1] passkey_mean=0.0%  per_dist=['d1:0%', 'd2:0%', 'd4:0%', 'd8:0%', 'd16:0%', 'd32:0%', 'd64:0%', 'd128:0%', 'd256:0%', 'd512:0%', 'd1024:0%', 'd1536:0%']
[Ep 1] ✓ new best: 2850.675
[Ep 2] train_loss=32.3211 (363s, 297220 tok/s)
[Ep 2] val_ppl=1592.129
  L0: se_max=0.2878 pb_max=10000.0000 if_gain=[1.075, 1.106, 1.085, 1.137, 1.066, 1.068, 1.037, 0.937]
  L1: se_max=0.2135 pb_max=10000.0000 if_gain=[0.967, 0.933, 0.943, 0.925, 0.92, 0.917, 0.924, 0.899]
  L2: se_max=0.2314 pb_max=10000.0000 if_gain=[0.921, 0.918, 0.913, 0.919, 0.915, 0.91, 0.921, 0.906]
  L3: se_max=0.3259 pb_max=10000.0000 if_gain=[0.921, 0.92, 0.923, 0.909, 0.912, 0.908, 0.913, 0.91]
  L4: se_max=0.3591 pb_max=10000.0000 if_gain=[0.909, 0.92, 0.912, 0.911, 0.909, 0.916, 0.912, 0.915]
  L5: se_max=0.2776 pb_max=10000.0000 if_gain=[0.91, 0.919, 0.921, 0.91, 0.915, 0.909, 0.916, 0.913]
[Ep 2] passkey_mean=0.0%  per_dist=['d1:0%', 'd2:0%', 'd4:0%', 'd8:0%', 'd16:0%', 'd32:0%', 'd64:0%', 'd128:0%', 'd256:0%', 'd512:0%', 'd1024:0%', 'd1536:0%']
[Ep 2] ✓ new best: 1592.129
[Ep 3] train_loss=30.6611 (363s, 297244 tok/s)
[Ep 3] val_ppl=1500.032
  L0: se_max=0.3916 pb_max=10000.0000 if_gain=[1.064, 1.085, 1.076, 1.184, 1.07, 1.068, 1.045, 0.884]
  L1: se_max=0.2812 pb_max=10000.0000 if_gain=[0.932, 0.894, 0.942, 0.9, 0.922, 0.878, 0.914, 0.842]
  L2: se_max=0.2859 pb_max=10000.0000 if_gain=[0.876, 0.869, 0.866, 0.882, 0.869, 0.873, 0.876, 0.85]
  L3: se_max=0.3624 pb_max=10000.0000 if_gain=[0.867, 0.872, 0.874, 0.861, 0.864, 0.863, 0.863, 0.852]
  L4: se_max=0.3525 pb_max=10000.0000 if_gain=[0.859, 0.867, 0.866, 0.86, 0.859, 0.867, 0.868, 0.861]
  L5: se_max=0.2916 pb_max=10000.0000 if_gain=[0.858, 0.864, 0.872, 0.862, 0.866, 0.859, 0.868, 0.858]
[Ep 3] passkey_mean=0.0%  per_dist=['d1:0%', 'd2:0%', 'd4:0%', 'd8:0%', 'd16:0%', 'd32:0%', 'd64:0%', 'd128:0%', 'd256:0%', 'd512:0%', 'd1024:0%', 'd1536:0%']
[Ep 3] ✓ new best: 1500.032
[Ep 4] train_loss=29.5353 (369s, 292721 tok/s)
[Ep 4] val_ppl=1099.592
  L0: se_max=0.4805 pb_max=10000.0000 if_gain=[1.038, 1.054, 1.046, 1.179, 1.049, 1.052, 1.038, 0.84]
  L1: se_max=0.3702 pb_max=10000.0000 if_gain=[0.904, 0.889, 0.943, 0.887, 0.95, 0.872, 0.937, 0.79]
  L2: se_max=0.2839 pb_max=10000.0000 if_gain=[0.863, 0.835, 0.835, 0.85, 0.84, 0.831, 0.846, 0.802]
  L3: se_max=0.4059 pb_max=10000.0000 if_gain=[0.823, 0.837, 0.836, 0.826, 0.834, 0.838, 0.827, 0.806]
  L4: se_max=0.4110 pb_max=10000.0000 if_gain=[0.823, 0.826, 0.833, 0.822, 0.822, 0.827, 0.836, 0.816]
  L5: se_max=0.3740 pb_max=10000.0000 if_gain=[0.819, 0.824, 0.835, 0.824, 0.83, 0.823, 0.831, 0.813]
[Ep 4] passkey_mean=0.0%  per_dist=['d1:0%', 'd2:0%', 'd4:0%', 'd8:0%', 'd16:0%', 'd32:0%', 'd64:0%', 'd128:0%', 'd256:0%', 'd512:0%', 'd1024:0%', 'd1536:0%']
[Ep 4] ✓ new best: 1099.592
[Ep 5] train_loss=28.4863 (373s, 289502 tok/s)
[Ep 5] val_ppl=981.215
  L0: se_max=0.5880 pb_max=10000.0000 if_gain=[1.013, 1.027, 1.013, 1.163, 1.03, 1.031, 1.026, 0.807]
  L1: se_max=0.4033 pb_max=10000.0000 if_gain=[0.888, 0.89, 0.94, 0.883, 0.939, 0.891, 0.95, 0.754]
  L2: se_max=0.2856 pb_max=10000.0000 if_gain=[0.867, 0.818, 0.829, 0.83, 0.838, 0.8, 0.845, 0.765]
  L3: se_max=0.4237 pb_max=10000.0000 if_gain=[0.794, 0.825, 0.817, 0.831, 0.837, 0.856, 0.811, 0.777]
  L4: se_max=0.4251 pb_max=10000.0000 if_gain=[0.814, 0.8, 0.818, 0.804, 0.807, 0.808, 0.825, 0.783]
  L5: se_max=0.3984 pb_max=10000.0000 if_gain=[0.797, 0.797, 0.814, 0.802, 0.814, 0.81, 0.816, 0.78]
[Ep 5] passkey_mean=0.0%  per_dist=['d1:0%', 'd2:0%', 'd4:0%', 'd8:0%', 'd16:0%', 'd32:0%', 'd64:0%', 'd128:0%', 'd256:0%', 'd512:0%', 'd1024:0%', 'd1536:0%']
[Ep 5] ✓ new best: 981.215
[Ep 6] train_loss=27.6866 (372s, 290091 tok/s)
[Ep 6] val_ppl=782.076
  L0: se_max=0.6954 pb_max=10000.0000 if_gain=[0.989, 1.006, 0.99, 1.144, 1.013, 1.014, 1.019, 0.778]
  L1: se_max=0.4491 pb_max=10000.0000 if_gain=[0.882, 0.917, 0.944, 0.885, 0.931, 0.891, 0.967, 0.719]
  L2: se_max=0.2839 pb_max=10000.0000 if_gain=[0.88, 0.815, 0.827, 0.831, 0.855, 0.783, 0.866, 0.733]
  L3: se_max=0.4254 pb_max=10000.0000 if_gain=[0.763, 0.833, 0.801, 0.848, 0.864, 0.907, 0.823, 0.738]
  L4: se_max=0.4220 pb_max=10000.0000 if_gain=[0.801, 0.789, 0.831, 0.802, 0.833, 0.812, 0.844, 0.751]
  L5: se_max=0.4079 pb_max=10000.0000 if_gain=[0.773, 0.779, 0.812, 0.798, 0.835, 0.832, 0.829, 0.74]
[Ep 6] passkey_mean=0.0%  per_dist=['d1:0%', 'd2:0%', 'd4:0%', 'd8:0%', 'd16:0%', 'd32:0%', 'd64:0%', 'd128:0%', 'd256:0%', 'd512:0%', 'd1024:0%', 'd1536:0%']
[Ep 6] ✓ new best: 782.076
Device: cuda
Offsets (52): [0, 1, 2, 3, 4, 5, 6, 7, 8, 9, 10, 11, 12, 13, 14, 15, 16, 17, 18, 19, 20, 21, 22, 23, 24, 25, 26, 27, 28, 29, 30, 31, 32, 33, 34, 35, 36, 37, 38, 39, 40, 96, 128, 145, 163, 185, 209, 236, 266, 301, 340, 384]
Head split: 7 local + 1 distal
Wavelet θ=1.0625  coefficients: [0.4903, 0.8345, 0.2168, -0.1274]
Loaded tokenizer from /home/dlewis3/Desktop/AI/DWARF/train/../results/2048_condI_tokenizer.json  (vocab=32000)
Loading pre-encoded dataset from logs/fineweb_encoded_2048.pt …
  train: 52,716  val: 5,582  test: 5,473 seqs
Parameters: 13,469,432
[Ep 1] train_loss=13.0092 (375s, 287659 tok/s)
[Ep 1] val_ppl=2099.780
  L0: se_max=0.2485 pb_max=10000.0000 if_gain=[1.088, 1.114, 1.079, 1.063, 1.05, 1.055, 1.024, 1.026]
  L1: se_max=0.1747 pb_max=10000.0000 if_gain=[0.991, 0.991, 0.968, 0.97, 0.966, 0.968, 0.97, 0.97]
  L2: se_max=0.2310 pb_max=10000.0000 if_gain=[0.976, 0.975, 0.974, 0.969, 0.973, 0.969, 0.964, 0.966]
  L3: se_max=0.2334 pb_max=10000.0000 if_gain=[0.972, 0.974, 0.968, 0.971, 0.968, 0.967, 0.968, 0.965]
  L4: se_max=0.2453 pb_max=10000.0000 if_gain=[0.969, 0.978, 0.97, 0.967, 0.964, 0.964, 0.961, 0.964]
  L5: se_max=0.2326 pb_max=10000.0000 if_gain=[0.972, 0.966, 0.971, 0.967, 0.966, 0.963, 0.965, 0.967]
[Ep 1] passkey_mean=0.0%  per_dist=['d1:0%', 'd2:0%', 'd4:0%', 'd8:0%', 'd16:0%', 'd32:0%', 'd64:0%', 'd128:0%', 'd256:0%', 'd512:0%', 'd1024:0%', 'd1536:0%']
[Ep 1] ✓ new best: 2099.780
[Ep 2] train_loss=7.9214 (371s, 290648 tok/s)
[Ep 2] val_ppl=1494.521
  L0: se_max=0.3321 pb_max=10000.0000 if_gain=[1.066, 1.121, 1.12, 1.075, 1.094, 1.113, 1.063, 0.981]
  L1: se_max=0.2680 pb_max=10000.0000 if_gain=[0.958, 0.962, 0.933, 0.929, 0.92, 0.931, 0.928, 0.931]
  L2: se_max=0.2839 pb_max=10000.0000 if_gain=[0.95, 0.917, 0.926, 0.918, 0.924, 0.918, 0.915, 0.907]
  L3: se_max=0.2343 pb_max=10000.0000 if_gain=[0.912, 0.916, 0.913, 0.917, 0.916, 0.918, 0.919, 0.908]
  L4: se_max=0.3062 pb_max=10000.0000 if_gain=[0.912, 0.922, 0.918, 0.914, 0.914, 0.912, 0.912, 0.906]
  L5: se_max=0.2854 pb_max=10000.0000 if_gain=[0.914, 0.914, 0.918, 0.914, 0.914, 0.91, 0.917, 0.911]
[Ep 2] passkey_mean=0.0%  per_dist=['d1:0%', 'd2:0%', 'd4:0%', 'd8:0%', 'd16:0%', 'd32:0%', 'd64:0%', 'd128:0%', 'd256:0%', 'd512:0%', 'd1024:0%', 'd1536:0%']
[Ep 2] ✓ new best: 1494.521
[Ep 3] train_loss=7.5825 (370s, 291410 tok/s)
[Ep 3] val_ppl=1226.994
  L0: se_max=0.3664 pb_max=10000.0000 if_gain=[1.051, 1.102, 1.126, 1.064, 1.117, 1.112, 1.065, 0.929]
  L1: se_max=0.2791 pb_max=10000.0000 if_gain=[0.949, 0.939, 0.914, 0.936, 0.89, 0.937, 0.925, 0.899]
  L2: se_max=0.2829 pb_max=10000.0000 if_gain=[0.901, 0.868, 0.885, 0.875, 0.882, 0.874, 0.876, 0.851]
  L3: se_max=0.2927 pb_max=10000.0000 if_gain=[0.859, 0.866, 0.862, 0.868, 0.869, 0.875, 0.876, 0.852]
  L4: se_max=0.3491 pb_max=10000.0000 if_gain=[0.863, 0.87, 0.872, 0.867, 0.87, 0.864, 0.869, 0.847]
  L5: se_max=0.3239 pb_max=10000.0000 if_gain=[0.865, 0.869, 0.87, 0.865, 0.868, 0.864, 0.874, 0.858]
[Ep 3] passkey_mean=0.0%  per_dist=['d1:0%', 'd2:0%', 'd4:0%', 'd8:0%', 'd16:0%', 'd32:0%', 'd64:0%', 'd128:0%', 'd256:0%', 'd512:0%', 'd1024:0%', 'd1536:0%']
[Ep 3] ✓ new best: 1226.994
[Ep 4] train_loss=7.2875 (375s, 287966 tok/s)
[Ep 4] val_ppl=1350.946
  L0: se_max=0.4143 pb_max=10000.0000 if_gain=[1.035, 1.07, 1.112, 1.051, 1.124, 1.092, 1.06, 0.884]
  L1: se_max=0.3852 pb_max=10000.0000 if_gain=[0.962, 0.92, 0.918, 0.956, 0.921, 0.938, 0.934, 0.871]
  L2: se_max=0.3148 pb_max=10000.0000 if_gain=[0.862, 0.829, 0.857, 0.85, 0.857, 0.843, 0.853, 0.824]
  L3: se_max=0.3172 pb_max=10000.0000 if_gain=[0.835, 0.827, 0.826, 0.834, 0.836, 0.842, 0.848, 0.801]
  L4: se_max=0.4013 pb_max=10000.0000 if_gain=[0.829, 0.829, 0.835, 0.833, 0.838, 0.829, 0.836, 0.795]
  L5: se_max=0.3842 pb_max=10000.0000 if_gain=[0.828, 0.833, 0.831, 0.828, 0.833, 0.828, 0.842, 0.809]
[Ep 4] passkey_mean=0.0%  per_dist=['d1:0%', 'd2:0%', 'd4:0%', 'd8:0%', 'd16:0%', 'd32:0%', 'd64:0%', 'd128:0%', 'd256:0%', 'd512:0%', 'd1024:0%', 'd1536:0%']
Device: cuda
Offsets (52): [0, 1, 2, 3, 4, 5, 6, 7, 8, 9, 10, 11, 12, 13, 14, 15, 16, 17, 18, 19, 20, 21, 22, 23, 24, 25, 26, 27, 28, 29, 30, 31, 32, 33, 34, 35, 36, 37, 38, 39, 40, 96, 128, 145, 163, 185, 209, 236, 266, 301, 340, 384]
Head split: 7 local + 1 distal
Wavelet θ=1.0625  coefficients: [0.4903, 0.8345, 0.2168, -0.1274]
Loaded tokenizer from /home/dlewis3/Desktop/AI/DWARF/train/../results/2048_condI_tokenizer.json  (vocab=32000)
Loading pre-encoded dataset from logs/fineweb_encoded_2048.pt …
  train: 52,716  val: 5,582  test: 5,473 seqs
Parameters: 13,469,432
Traceback (most recent call last):
  File "/home/dlewis3/Desktop/AI/DWARF/train/train_2048_14m_d49_optimal.py", line 746, in <module>
    train()
  File "/home/dlewis3/Desktop/AI/DWARF/train/train_2048_14m_d49_optimal.py", line 636, in train
    logits = model(inp)
             ^^^^^^^^^^
  File "/home/dlewis3/Desktop/AI/DWARF/.venv/lib/python3.12/site-packages/torch/nn/modules/module.py", line 1739, in _wrapped_call_impl
    return self._call_impl(*args, **kwargs)
           ^^^^^^^^^^^^^^^^^^^^^^^^^^^^^^^^
  File "/home/dlewis3/Desktop/AI/DWARF/.venv/lib/python3.12/site-packages/torch/nn/modules/module.py", line 1750, in _call_impl
    return forward_call(*args, **kwargs)
           ^^^^^^^^^^^^^^^^^^^^^^^^^^^^^
  File "/home/dlewis3/Desktop/AI/DWARF/train/train_2048_14m_d49_optimal.py", line 471, in forward
    logits = self.lm_head(x)
             ^^^^^^^^^^^^^^^
  File "/home/dlewis3/Desktop/AI/DWARF/.venv/lib/python3.12/site-packages/torch/nn/modules/module.py", line 1739, in _wrapped_call_impl
    return self._call_impl(*args, **kwargs)
           ^^^^^^^^^^^^^^^^^^^^^^^^^^^^^^^^
  File "/home/dlewis3/Desktop/AI/DWARF/.venv/lib/python3.12/site-packages/torch/nn/modules/module.py", line 1750, in _call_impl
    return forward_call(*args, **kwargs)
           ^^^^^^^^^^^^^^^^^^^^^^^^^^^^^
  File "/home/dlewis3/Desktop/AI/DWARF/.venv/lib/python3.12/site-packages/torch/nn/modules/linear.py", line 125, in forward
    return F.linear(input, self.weight, self.bias)
           ^^^^^^^^^^^^^^^^^^^^^^^^^^^^^^^^^^^^^^^
torch.OutOfMemoryError: CUDA out of memory. Tried to allocate 1000.00 MiB. GPU 0 has a total capacity of 21.99 GiB of which 762.69 MiB is free. Process 2665207 has 572.00 MiB memory in use. Process 305861 has 8.24 GiB memory in use. Process 350433 has 9.65 GiB memory in use. Including non-PyTorch memory, this process has 1.76 GiB memory in use. Of the allocated memory 1.29 GiB is allocated by PyTorch, and 14.97 MiB is reserved by PyTorch but unallocated. If reserved but unallocated memory is large try setting PYTORCH_CUDA_ALLOC_CONF=expandable_segments:True to avoid fragmentation.  See documentation for Memory Management  (https://pytorch.org/docs/stable/notes/cuda.html#environment-variables)
Device: cuda
Offsets (52): [0, 1, 2, 3, 4, 5, 6, 7, 8, 9, 10, 11, 12, 13, 14, 15, 16, 17, 18, 19, 20, 21, 22, 23, 24, 25, 26, 27, 28, 29, 30, 31, 32, 33, 34, 35, 36, 37, 38, 39, 40, 96, 128, 145, 163, 185, 209, 236, 266, 301, 340, 384]
Head split: 7 local + 1 distal
Wavelet θ=1.0625  coefficients: [0.4903, 0.8345, 0.2168, -0.1274]
Loaded tokenizer from /home/dlewis3/Desktop/AI/DWARF/train/../results/2048_condI_tokenizer.json  (vocab=32000)
Loading pre-encoded dataset from logs/fineweb_encoded_2048.pt …
  train: 52,716  val: 5,582  test: 5,473 seqs
Parameters: 13,469,432
[Ep 1] train_loss=5.8305 (373s, 289633 tok/s)
[Ep 1] val_ppl=166.100
  L0: se_max=0.2441 pb_max=10000.0000 if_gain=[0.965, 0.915, 0.944, 0.94, 0.935, 0.939, 0.951, 0.757]
  L1: se_max=0.3564 pb_max=10000.0000 if_gain=[0.98, 0.945, 0.935, 0.94, 0.928, 0.914, 0.901, 0.871]
  L2: se_max=0.5133 pb_max=10000.0000 if_gain=[0.996, 0.966, 0.973, 0.959, 0.943, 0.925, 0.922, 1.034]
  L3: se_max=0.4938 pb_max=10000.0000 if_gain=[0.999, 0.955, 0.95, 0.963, 0.971, 0.978, 0.939, 1.044]
  L4: se_max=0.4846 pb_max=10000.0000 if_gain=[0.964, 0.985, 0.994, 0.949, 0.959, 0.956, 0.943, 1.013]
  L5: se_max=0.4904 pb_max=10000.0000 if_gain=[1.018, 0.982, 0.976, 0.979, 0.966, 0.931, 0.951, 1.067]
[Ep 1] passkey_mean=0.0%  per_dist=['d1:0%', 'd2:0%', 'd4:0%', 'd8:0%', 'd16:0%', 'd32:0%', 'd64:0%', 'd128:0%', 'd256:0%', 'd512:0%', 'd1024:0%', 'd1536:0%']
[Ep 1] ✓ new best: 166.100
[Ep 2] train_loss=4.9086 (377s, 286522 tok/s)
[Ep 2] val_ppl=109.196
  L0: se_max=0.2781 pb_max=10000.0000 if_gain=[0.931, 0.864, 0.903, 0.899, 0.893, 0.896, 0.907, 0.658]
  L1: se_max=0.4861 pb_max=10000.0000 if_gain=[0.929, 0.899, 0.878, 0.886, 0.86, 0.838, 0.813, 0.788]
  L2: se_max=0.5397 pb_max=10000.0000 if_gain=[0.987, 0.927, 0.918, 0.893, 0.88, 0.863, 0.855, 1.228]
  L3: se_max=0.5119 pb_max=10000.0000 if_gain=[0.982, 0.905, 0.889, 0.912, 0.922, 0.927, 0.87, 1.048]
  L4: se_max=0.4682 pb_max=10000.0000 if_gain=[0.919, 0.946, 0.947, 0.893, 0.898, 0.898, 0.885, 1.064]
  L5: se_max=0.5556 pb_max=10000.0000 if_gain=[1.008, 0.971, 0.913, 0.938, 0.902, 0.874, 0.888, 1.175]
[Ep 2] passkey_mean=0.0%  per_dist=['d1:0%', 'd2:0%', 'd4:0%', 'd8:0%', 'd16:0%', 'd32:0%', 'd64:0%', 'd128:0%', 'd256:0%', 'd512:0%', 'd1024:0%', 'd1536:0%']
[Ep 2] ✓ new best: 109.196
[Ep 3] train_loss=4.6186 (378s, 285600 tok/s)
[Ep 3] val_ppl=90.946
  L0: se_max=0.3004 pb_max=10000.0000 if_gain=[0.915, 0.831, 0.874, 0.868, 0.86, 0.862, 0.871, 0.621]
  L1: se_max=0.4980 pb_max=10000.0000 if_gain=[0.9, 0.853, 0.825, 0.835, 0.809, 0.79, 0.762, 0.77]
  L2: se_max=0.5327 pb_max=10000.0000 if_gain=[0.975, 0.899, 0.875, 0.847, 0.83, 0.83, 0.813, 1.267]
  L3: se_max=0.5234 pb_max=10000.0000 if_gain=[0.967, 0.873, 0.843, 0.876, 0.885, 0.889, 0.829, 1.047]
  L4: se_max=0.4235 pb_max=10000.0000 if_gain=[0.889, 0.922, 0.912, 0.858, 0.858, 0.858, 0.852, 1.085]
  L5: se_max=0.5492 pb_max=10000.0000 if_gain=[1.008, 0.964, 0.876, 0.914, 0.864, 0.838, 0.849, 1.227]
[Ep 3] passkey_mean=0.0%  per_dist=['d1:0%', 'd2:0%', 'd4:0%', 'd8:0%', 'd16:0%', 'd32:0%', 'd64:0%', 'd128:0%', 'd256:0%', 'd512:0%', 'd1024:0%', 'd1536:0%']
[Ep 3] ✓ new best: 90.946
[Ep 4] train_loss=4.4769 (372s, 290068 tok/s)
[Ep 4] val_ppl=82.317
  L0: se_max=0.3072 pb_max=10000.0000 if_gain=[0.902, 0.807, 0.852, 0.842, 0.832, 0.833, 0.841, 0.609]
  L1: se_max=0.4898 pb_max=10000.0000 if_gain=[0.879, 0.819, 0.785, 0.797, 0.774, 0.762, 0.736, 0.783]
  L2: se_max=0.5070 pb_max=10000.0000 if_gain=[0.962, 0.878, 0.842, 0.811, 0.795, 0.809, 0.781, 1.243]
  L3: se_max=0.5248 pb_max=10000.0000 if_gain=[0.955, 0.851, 0.807, 0.848, 0.855, 0.858, 0.802, 1.044]
  L4: se_max=0.4765 pb_max=10000.0000 if_gain=[0.868, 0.903, 0.885, 0.835, 0.835, 0.83, 0.828, 1.09]
  L5: se_max=0.5266 pb_max=10000.0000 if_gain=[1.008, 0.959, 0.851, 0.898, 0.844, 0.819, 0.831, 1.245]
[Ep 4] passkey_mean=0.0%  per_dist=['d1:0%', 'd2:0%', 'd4:0%', 'd8:0%', 'd16:0%', 'd32:0%', 'd64:0%', 'd128:0%', 'd256:0%', 'd512:0%', 'd1024:0%', 'd1536:0%']
[Ep 4] ✓ new best: 82.317
[Ep 5] train_loss=4.3911 (376s, 287071 tok/s)
[Ep 5] val_ppl=77.232
  L0: se_max=0.3117 pb_max=10000.0000 if_gain=[0.889, 0.787, 0.833, 0.821, 0.809, 0.809, 0.816, 0.608]
  L1: se_max=0.4794 pb_max=10000.0000 if_gain=[0.864, 0.793, 0.757, 0.77, 0.75, 0.744, 0.718, 0.793]
  L2: se_max=0.4850 pb_max=10000.0000 if_gain=[0.95, 0.859, 0.817, 0.785, 0.768, 0.794, 0.759, 1.214]
  L3: se_max=0.5077 pb_max=10000.0000 if_gain=[0.943, 0.838, 0.781, 0.826, 0.833, 0.833, 0.786, 1.037]
  L4: se_max=0.5023 pb_max=10000.0000 if_gain=[0.851, 0.887, 0.864, 0.818, 0.819, 0.812, 0.81, 1.086]
  L5: se_max=0.4995 pb_max=10000.0000 if_gain=[1.006, 0.951, 0.836, 0.887, 0.834, 0.81, 0.823, 1.245]
[Ep 5] passkey_mean=0.0%  per_dist=['d1:0%', 'd2:0%', 'd4:0%', 'd8:0%', 'd16:0%', 'd32:0%', 'd64:0%', 'd128:0%', 'd256:0%', 'd512:0%', 'd1024:0%', 'd1536:0%']
[Ep 5] ✓ new best: 77.232
[Ep 6] train_loss=4.3327 (376s, 287116 tok/s)
[Ep 6] val_ppl=73.915
  L0: se_max=0.3151 pb_max=10000.0000 if_gain=[0.876, 0.773, 0.817, 0.804, 0.789, 0.79, 0.796, 0.613]
  L1: se_max=0.4689 pb_max=10000.0000 if_gain=[0.853, 0.774, 0.738, 0.751, 0.732, 0.733, 0.708, 0.798]
  L2: se_max=0.4665 pb_max=10000.0000 if_gain=[0.938, 0.845, 0.798, 0.768, 0.751, 0.784, 0.742, 1.187]
  L3: se_max=0.4933 pb_max=10000.0000 if_gain=[0.932, 0.826, 0.763, 0.808, 0.819, 0.814, 0.776, 1.027]
  L4: se_max=0.5130 pb_max=10000.0000 if_gain=[0.84, 0.874, 0.849, 0.807, 0.806, 0.798, 0.797, 1.079]
  L5: se_max=0.4761 pb_max=10000.0000 if_gain=[1.002, 0.943, 0.826, 0.878, 0.829, 0.804, 0.818, 1.236]
[Ep 6] passkey_mean=0.0%  per_dist=['d1:0%', 'd2:0%', 'd4:0%', 'd8:0%', 'd16:0%', 'd32:0%', 'd64:0%', 'd128:0%', 'd256:0%', 'd512:0%', 'd1024:0%', 'd1536:0%']
[Ep 6] ✓ new best: 73.915
[Ep 7] train_loss=4.2905 (376s, 287206 tok/s)
[Ep 7] val_ppl=71.747
  L0: se_max=0.3147 pb_max=10000.0000 if_gain=[0.866, 0.762, 0.807, 0.791, 0.777, 0.777, 0.783, 0.618]
  L1: se_max=0.4598 pb_max=10000.0000 if_gain=[0.844, 0.762, 0.724, 0.738, 0.72, 0.728, 0.702, 0.798]
  L2: se_max=0.4503 pb_max=10000.0000 if_gain=[0.929, 0.834, 0.786, 0.756, 0.738, 0.777, 0.73, 1.166]
  L3: se_max=0.4762 pb_max=10000.0000 if_gain=[0.921, 0.817, 0.75, 0.796, 0.809, 0.8, 0.771, 1.017]
  L4: se_max=0.5181 pb_max=10000.0000 if_gain=[0.833, 0.864, 0.838, 0.8, 0.799, 0.789, 0.788, 1.071]
  L5: se_max=0.4593 pb_max=10000.0000 if_gain=[0.996, 0.937, 0.82, 0.872, 0.828, 0.801, 0.816, 1.224]
[Ep 7] passkey_mean=0.0%  per_dist=['d1:0%', 'd2:0%', 'd4:0%', 'd8:0%', 'd16:0%', 'd32:0%', 'd64:0%', 'd128:0%', 'd256:0%', 'd512:0%', 'd1024:0%', 'd1536:0%']
[Ep 7] ✓ new best: 71.747
[Ep 8] train_loss=4.2601 (381s, 283548 tok/s)
[Ep 8] val_ppl=70.376
  L0: se_max=0.3153 pb_max=10000.0000 if_gain=[0.858, 0.755, 0.799, 0.784, 0.768, 0.768, 0.773, 0.623]
  L1: se_max=0.4520 pb_max=10000.0000 if_gain=[0.838, 0.753, 0.716, 0.73, 0.714, 0.725, 0.699, 0.797]
  L2: se_max=0.4379 pb_max=10000.0000 if_gain=[0.92, 0.825, 0.778, 0.749, 0.731, 0.772, 0.722, 1.15]
  L3: se_max=0.4640 pb_max=10000.0000 if_gain=[0.914, 0.811, 0.742, 0.787, 0.801, 0.79, 0.768, 1.009]
  L4: se_max=0.5194 pb_max=10000.0000 if_gain=[0.828, 0.857, 0.83, 0.795, 0.794, 0.784, 0.781, 1.064]
  L5: se_max=0.4443 pb_max=10000.0000 if_gain=[0.992, 0.931, 0.815, 0.866, 0.827, 0.798, 0.814, 1.214]
[Ep 8] passkey_mean=0.0%  per_dist=['d1:0%', 'd2:0%', 'd4:0%', 'd8:0%', 'd16:0%', 'd32:0%', 'd64:0%', 'd128:0%', 'd256:0%', 'd512:0%', 'd1024:0%', 'd1536:0%']
[Ep 8] ✓ new best: 70.376
[Ep 9] train_loss=4.2390 (378s, 285251 tok/s)
[Ep 9] val_ppl=69.428
  L0: se_max=0.3145 pb_max=10000.0000 if_gain=[0.852, 0.751, 0.794, 0.778, 0.762, 0.762, 0.767, 0.625]
  L1: se_max=0.4461 pb_max=10000.0000 if_gain=[0.834, 0.748, 0.71, 0.724, 0.71, 0.724, 0.698, 0.796]
  L2: se_max=0.4281 pb_max=10000.0000 if_gain=[0.916, 0.82, 0.772, 0.744, 0.726, 0.769, 0.717, 1.139]
  L3: se_max=0.4544 pb_max=10000.0000 if_gain=[0.908, 0.807, 0.736, 0.781, 0.796, 0.783, 0.766, 1.003]
  L4: se_max=0.5187 pb_max=10000.0000 if_gain=[0.825, 0.852, 0.824, 0.793, 0.791, 0.78, 0.777, 1.059]
  L5: se_max=0.4334 pb_max=10000.0000 if_gain=[0.988, 0.927, 0.812, 0.862, 0.827, 0.797, 0.813, 1.205]
[Ep 9] passkey_mean=0.0%  per_dist=['d1:0%', 'd2:0%', 'd4:0%', 'd8:0%', 'd16:0%', 'd32:0%', 'd64:0%', 'd128:0%', 'd256:0%', 'd512:0%', 'd1024:0%', 'd1536:0%']
[Ep 9] ✓ new best: 69.428
[Ep 10] train_loss=4.2260 (382s, 282818 tok/s)
[Ep 10] val_ppl=68.913
  L0: se_max=0.3136 pb_max=10000.0000 if_gain=[0.848, 0.748, 0.79, 0.774, 0.758, 0.759, 0.763, 0.627]
  L1: se_max=0.4422 pb_max=10000.0000 if_gain=[0.831, 0.744, 0.706, 0.72, 0.707, 0.723, 0.697, 0.795]
  L2: se_max=0.4213 pb_max=10000.0000 if_gain=[0.911, 0.816, 0.768, 0.741, 0.723, 0.766, 0.714, 1.131]
  L3: se_max=0.4460 pb_max=10000.0000 if_gain=[0.904, 0.804, 0.732, 0.777, 0.793, 0.778, 0.764, 0.998]
  L4: se_max=0.5176 pb_max=10000.0000 if_gain=[0.823, 0.848, 0.821, 0.791, 0.789, 0.778, 0.775, 1.054]
  L5: se_max=0.4272 pb_max=10000.0000 if_gain=[0.985, 0.923, 0.81, 0.859, 0.826, 0.796, 0.812, 1.199]
[Ep 10] passkey_mean=0.0%  per_dist=['d1:0%', 'd2:0%', 'd4:0%', 'd8:0%', 'd16:0%', 'd32:0%', 'd64:0%', 'd128:0%', 'd256:0%', 'd512:0%', 'd1024:0%', 'd1536:0%']
[Ep 10] ✓ new best: 68.913
