
========================================================================
  Champion Ablation Probe: j26d_int2_physics
  Checkpoint: autoresearch/checkpoints/99437df_j26d_int2_physics_best.pt
========================================================================

Tokenizer: results/2048_condI_tokenizer.json  (vocab=32000)
Val data: 5582 sequences
  Loaded autoresearch/checkpoints/99437df_j26d_int2_physics_best.pt  (val_ppl=?)
  Offsets: J=24, max=1024, dense=[0..48], sparse=[64, 96, 192, 384, 512, 768, 1024]
  Arch: D=512, L=6, H=8, FFN=2048, FA=L5, IF=/2
  Passkey words from script: ['apple', 'banana', 'orange', 'cherry']...

─── Baseline ───────────────────────────────────────────────────────────
  Passkey: 94.2%  |  PPL: 39.5822  (2s)

─── Section 1: Offset Importance ───────────────────────────────────────
  δ=    1: passkey=89.2% (-5.0%)  ppl=41.803 (+2.22)  [1s]
  δ=    2: passkey=94.2% (+0.0%)  ppl=41.1919 (+1.61)  [1s]
  δ=    3: passkey=65.8% (-28.4%)  ppl=42.6558 (+3.07)  [1s]
  δ=    4: passkey=50.0% (-44.2%)  ppl=43.6793 (+4.10)  [1s]
  δ=    5: passkey=87.5% (-6.7%)  ppl=44.44 (+4.86)  [1s]
  δ=    6: passkey=89.2% (-5.0%)  ppl=45.1187 (+5.54)  [1s]
  δ=    7: passkey=85.0% (-9.2%)  ppl=45.5099 (+5.93)  [1s]
  δ=    8: passkey=89.2% (-5.0%)  ppl=46.0949 (+6.51)  [1s]
  δ=    9: passkey=84.2% (-10.0%)  ppl=46.5019 (+6.92)  [1s]
  δ=   10: passkey=90.8% (-3.4%)  ppl=46.7368 (+7.16)  [1s]
  δ=   13: passkey=88.3% (-5.9%)  ppl=47.3376 (+7.75)  [1s]
  δ=   15: passkey=82.5% (-11.7%)  ppl=47.6288 (+8.05)  [1s]
  δ=   16: passkey=86.7% (-7.5%)  ppl=47.7536 (+8.17)  [1s]
  δ=   21: passkey=93.3% (-0.9%)  ppl=48.0511 (+8.47)  [1s]
  δ=   23: passkey=87.5% (-6.7%)  ppl=48.3146 (+8.73)  [1s]
  δ=   28: passkey=87.5% (-6.7%)  ppl=48.4469 (+8.87)  [1s]
  δ=   48: passkey=84.2% (-10.0%)  ppl=48.7012 (+9.12)  [1s]
  δ=   64: passkey=85.0% (-9.2%)  ppl=48.8994 (+9.32)  [1s]
  δ=   96: passkey=90.8% (-3.4%)  ppl=48.8422 (+9.26)  [1s]
  δ=  192: passkey=88.3% (-5.9%)  ppl=48.4961 (+8.91)  [1s]
  δ=  384: passkey=92.5% (-1.7%)  ppl=47.5266 (+7.94)  [1s]
  δ=  512: passkey=87.5% (-6.7%)  ppl=46.8831 (+7.30)  [1s]
  δ=  768: passkey=91.7% (-2.5%)  ppl=45.8955 (+6.31)  [1s]
  δ= 1024: passkey=90.0% (-4.2%)  ppl=44.6297 (+5.05)  [1s]

  Group ablations:
  dense[33-48] (n=1): passkey=84.2% (-10.0%)  ppl=48.7012 (+9.12)
  all_sparse (n=7): passkey=72.5% (-21.7%)  ppl=82.6625 (+43.08)
  ultra-long (≥512, n=3): passkey=81.7% (-12.5%)  ppl=55.8776 (+16.30)

─── Section 2: Layer Residual Knockouts ────────────────────────────────
  L0 (DSQG) skip: passkey=10.0% (-84.2%)  ppl=9523.9266 (+9484.34)  [1s]
  L1 (DSQG) skip: passkey=10.0% (-84.2%)  ppl=56847.3566 (+56807.77)  [1s]
  L2 (DSQG) skip: passkey=10.0% (-84.2%)  ppl=74386.6114 (+74347.03)  [1s]
  L3 (DSQG) skip: passkey=10.0% (-84.2%)  ppl=5128.5494 (+5088.97)  [1s]
  L4 (DSQG) skip: passkey=10.0% (-84.2%)  ppl=18882573.1666 (+18882533.58)  [1s]
  L5 (FULL) skip: passkey=10.0% (-84.2%)  ppl=6977.659 (+6938.08)  [1s]

─── Section 3: Head Knockouts ──────────────────────────────────────────
  L4-H0 (penultimate-DSQG): passkey=90.0% (-4.2%)  ppl=38.7512 (-0.83)  [1s]
  L4-H1 (penultimate-DSQG): passkey=94.2% (+0.0%)  ppl=38.7941 (-0.79)  [1s]
  L4-H2 (penultimate-DSQG): passkey=94.2% (+0.0%)  ppl=38.8851 (-0.70)  [1s]
  L4-H3 (penultimate-DSQG): passkey=95.8% (+1.6%)  ppl=38.7436 (-0.84)  [1s]
  L4-H4 (penultimate-DSQG): passkey=90.8% (-3.4%)  ppl=38.7411 (-0.84)  [1s]
  L4-H5 (penultimate-DSQG): passkey=86.7% (-7.5%)  ppl=38.6831 (-0.90)  [1s]
  L4-H6 (penultimate-DSQG): passkey=94.2% (+0.0%)  ppl=38.7739 (-0.81)  [1s]
  L4-H7 (penultimate-DSQG): passkey=94.2% (+0.0%)  ppl=38.7689 (-0.81)  [1s]
  L5-H0 (FULL): passkey=78.3% (-15.9%)  ppl=39.1111 (-0.47)  [1s]
  L5-H1 (FULL): passkey=94.2% (+0.0%)  ppl=39.0729 (-0.51)  [1s]
  L5-H2 (FULL): passkey=94.2% (+0.0%)  ppl=39.3563 (-0.23)  [1s]
  L5-H3 (FULL): passkey=83.3% (-10.9%)  ppl=39.1238 (-0.46)  [1s]
  L5-H4 (FULL): passkey=88.3% (-5.9%)  ppl=39.2054 (-0.38)  [1s]
  L5-H5 (FULL): passkey=82.5% (-11.7%)  ppl=39.0018 (-0.58)  [1s]
  L5-H6 (FULL): passkey=90.8% (-3.4%)  ppl=39.5309 (-0.05)  [1s]
  L5-H7 (FULL): passkey=95.0% (+0.8%)  ppl=39.9657 (+0.38)  [1s]

─── Section 5: EMA Differential (b1 vs b3 isolation) ───────────────────
  Interference blocks at layers: [1, 3]
  b1 (L1) EMA-gate zeroed: passkey=94.2% (+0.0%)  ppl=40.37 (+0.79)  [1s]
  b1 (L1) full block zeroed: passkey=10.0% (-84.2%)  ppl=56847.3566 (+56807.77)  [1s]
    → EMA-only contribution to b1: -84.2% passkey (full_zeroed − ema_zeroed)
  b2 (L3) EMA-gate zeroed: passkey=90.0% (-4.2%)  ppl=40.1153 (+0.53)  [1s]
  b2 (L3) full block zeroed: passkey=10.0% (-84.2%)  ppl=5128.5494 (+5088.97)  [1s]
    → EMA-only contribution to b2: -80.0% passkey (full_zeroed − ema_zeroed)

─── Section 6: Interference Layer Position ─────────────────────────────
  Testing each IF block in isolation (full residual zero)
  IF at L1 (b1) full knockout: -84.2% passkey, +56807.77 PPL
  IF at L3 (b2) full knockout: -84.2% passkey, +5088.97 PPL
  Most critical IF position: L1_b1 (-84.2% passkey)
  Less critical IF position: L3_b2 (-84.2% passkey)

─── Summary ────────────────────────────────────────────────────────────
  Most critical offsets (by passkey loss):
    δ=4: -44.2% passkey, +4.10 PPL
    δ=3: -28.4% passkey, +3.07 PPL
    δ=15: -11.7% passkey, +8.05 PPL
    δ=9: -10.0% passkey, +6.92 PPL
    δ=48: -10.0% passkey, +9.12 PPL
  Most critical layers (by passkey loss):
    L0 (DSQG): -84.2% passkey, +9484.34 PPL
    L1 (DSQG): -84.2% passkey, +56807.77 PPL
    L2 (DSQG): -84.2% passkey, +74347.03 PPL

  Saved → logs/probe_j26d_int2_physics_results.json
