
========================================================================
  Champion Ablation Probe: j20d_v10_L12
  Checkpoint: autoresearch/checkpoints/bf948d1_j20d_v10_L12_best.pt
========================================================================

Tokenizer: results/2048_condI_tokenizer.json  (vocab=32000)
Val data: 5582 sequences
  Loaded autoresearch/checkpoints/bf948d1_j20d_v10_L12_best.pt  (val_ppl=?)
  Offsets: J=20, max=1024, dense=[0..32], sparse=[64, 128, 256, 512, 1024]
  Arch: D=512, L=12, H=8, FFN=2048, FA=L11, IF=/2
  Passkey words from script: ['apple', 'banana', 'orange', 'cherry']...

─── Baseline ───────────────────────────────────────────────────────────
  Passkey: 87.5%  |  PPL: 38.6268  (3s)

─── Section 1: Offset Importance ───────────────────────────────────────
  δ=    1: passkey=75.0% (-12.5%)  ppl=40.6373 (+2.01)  [1s]
  δ=    2: passkey=95.8% (+8.3%)  ppl=40.1733 (+1.55)  [1s]
  δ=    3: passkey=55.0% (-32.5%)  ppl=41.4858 (+2.86)  [1s]
  δ=    4: passkey=45.8% (-41.7%)  ppl=42.5726 (+3.95)  [1s]
  δ=    5: passkey=80.8% (-6.7%)  ppl=43.3496 (+4.72)  [1s]
  δ=    6: passkey=79.2% (-8.3%)  ppl=44.2668 (+5.64)  [1s]
  δ=    7: passkey=78.3% (-9.2%)  ppl=44.8393 (+6.21)  [1s]
  δ=    8: passkey=77.5% (-10.0%)  ppl=45.4779 (+6.85)  [1s]
  δ=    9: passkey=79.2% (-8.3%)  ppl=45.6987 (+7.07)  [1s]
  δ=   11: passkey=82.5% (-5.0%)  ppl=46.4601 (+7.83)  [1s]
  δ=   13: passkey=78.3% (-9.2%)  ppl=46.8739 (+8.25)  [1s]
  δ=   15: passkey=78.3% (-9.2%)  ppl=47.1401 (+8.51)  [1s]
  δ=   16: passkey=80.8% (-6.7%)  ppl=47.2637 (+8.64)  [1s]
  δ=   23: passkey=80.8% (-6.7%)  ppl=47.8189 (+9.19)  [1s]
  δ=   32: passkey=83.3% (-4.2%)  ppl=48.1056 (+9.48)  [1s]
  δ=   64: passkey=80.0% (-7.5%)  ppl=48.5208 (+9.89)  [1s]
  δ=  128: passkey=80.0% (-7.5%)  ppl=48.4886 (+9.86)  [1s]
  δ=  256: passkey=82.5% (-5.0%)  ppl=47.8694 (+9.24)  [1s]
  δ=  512: passkey=84.2% (-3.3%)  ppl=46.4293 (+7.80)  [1s]
  δ= 1024: passkey=85.0% (-2.5%)  ppl=43.7818 (+5.16)  [1s]

  Group ablations:
  all_sparse (n=5): passkey=71.7% (-15.8%)  ppl=73.1177 (+34.49)
  ultra-long (≥512, n=2): passkey=81.7% (-5.8%)  ppl=50.7045 (+12.08)

─── Section 2: Layer Residual Knockouts ────────────────────────────────
  L0 (DSQG) skip: passkey=10.0% (-77.5%)  ppl=73370.7952 (+73332.17)  [1s]
  L1 (DSQG) skip: passkey=10.0% (-77.5%)  ppl=308468.4969 (+308429.87)  [1s]
  L2 (DSQG) skip: passkey=10.0% (-77.5%)  ppl=7692.2511 (+7653.62)  [1s]
  L3 (DSQG) skip: passkey=10.0% (-77.5%)  ppl=14711.8159 (+14673.19)  [1s]
  L4 (DSQG) skip: passkey=10.0% (-77.5%)  ppl=7147.0369 (+7108.41)  [1s]
  L5 (DSQG) skip: passkey=10.0% (-77.5%)  ppl=14529.0627 (+14490.44)  [1s]
  L6 (DSQG) skip: passkey=10.0% (-77.5%)  ppl=11828.6668 (+11790.04)  [1s]
  L7 (DSQG) skip: passkey=10.0% (-77.5%)  ppl=41936.2652 (+41897.64)  [1s]
  L8 (DSQG) skip: passkey=10.0% (-77.5%)  ppl=38320.8725 (+38282.25)  [1s]
  L9 (DSQG) skip: passkey=10.0% (-77.5%)  ppl=98315.5517 (+98276.93)  [1s]
  L10 (DSQG) skip: passkey=10.0% (-77.5%)  ppl=16175.451 (+16136.82)  [1s]
  L11 (FULL) skip: passkey=10.0% (-77.5%)  ppl=7449.763 (+7411.14)  [1s]

─── Section 3: Head Knockouts ──────────────────────────────────────────
  L10-H0 (penultimate-DSQG): passkey=87.5% (+0.0%)  ppl=37.7477 (-0.88)  [1s]
  L10-H1 (penultimate-DSQG): passkey=87.5% (+0.0%)  ppl=37.7059 (-0.92)  [1s]
  L10-H2 (penultimate-DSQG): passkey=87.5% (+0.0%)  ppl=37.7821 (-0.84)  [1s]
  L10-H3 (penultimate-DSQG): passkey=86.7% (-0.8%)  ppl=37.7109 (-0.92)  [1s]
  L10-H4 (penultimate-DSQG): passkey=87.5% (+0.0%)  ppl=37.7256 (-0.90)  [1s]
  L10-H5 (penultimate-DSQG): passkey=87.5% (+0.0%)  ppl=37.7526 (-0.87)  [1s]
  L10-H6 (penultimate-DSQG): passkey=86.7% (-0.8%)  ppl=37.7624 (-0.86)  [1s]
  L10-H7 (penultimate-DSQG): passkey=88.3% (+0.8%)  ppl=37.674 (-0.95)  [1s]
  L11-H0 (FULL): passkey=83.3% (-4.2%)  ppl=38.1902 (-0.44)  [1s]
  L11-H1 (FULL): passkey=87.5% (+0.0%)  ppl=37.7821 (-0.84)  [1s]
  L11-H2 (FULL): passkey=83.3% (-4.2%)  ppl=38.2275 (-0.40)  [1s]
  L11-H3 (FULL): passkey=90.8% (+3.3%)  ppl=38.8093 (+0.18)  [1s]
  L11-H4 (FULL): passkey=76.7% (-10.8%)  ppl=38.2126 (-0.41)  [1s]
  L11-H5 (FULL): passkey=83.3% (-4.2%)  ppl=38.1902 (-0.44)  [1s]
  L11-H6 (FULL): passkey=85.8% (-1.7%)  ppl=38.0165 (-0.61)  [1s]
  L11-H7 (FULL): passkey=85.0% (-2.5%)  ppl=38.1008 (-0.53)  [1s]

─── Section 5: EMA Differential (b1 vs b3 isolation) ───────────────────
  Interference blocks at layers: [1, 3, 5, 7, 9]
  b1 (L1) EMA-gate zeroed: passkey=85.8% (-1.7%)  ppl=39.1845 (+0.56)  [1s]
  b1 (L1) full block zeroed: passkey=10.0% (-77.5%)  ppl=308468.4969 (+308429.87)  [1s]
    → EMA-only contribution to b1: -75.8% passkey (full_zeroed − ema_zeroed)
  b2 (L3) EMA-gate zeroed: passkey=85.8% (-1.7%)  ppl=39.1172 (+0.49)  [1s]
  b2 (L3) full block zeroed: passkey=10.0% (-77.5%)  ppl=14711.8159 (+14673.19)  [1s]
    → EMA-only contribution to b2: -75.8% passkey (full_zeroed − ema_zeroed)
  b3 (L5) EMA-gate zeroed: passkey=81.7% (-5.8%)  ppl=39.0668 (+0.44)  [1s]
  b3 (L5) full block zeroed: passkey=10.0% (-77.5%)  ppl=14529.0627 (+14490.44)  [1s]
    → EMA-only contribution to b3: -71.7% passkey (full_zeroed − ema_zeroed)
  b4 (L7) EMA-gate zeroed: passkey=85.0% (-2.5%)  ppl=38.9952 (+0.37)  [1s]
  b4 (L7) full block zeroed: passkey=10.0% (-77.5%)  ppl=41936.2652 (+41897.64)  [1s]
    → EMA-only contribution to b4: -75.0% passkey (full_zeroed − ema_zeroed)
  b5 (L9) EMA-gate zeroed: passkey=88.3% (+0.8%)  ppl=38.9891 (+0.36)  [1s]
  b5 (L9) full block zeroed: passkey=10.0% (-77.5%)  ppl=98315.5517 (+98276.93)  [1s]
    → EMA-only contribution to b5: -78.3% passkey (full_zeroed − ema_zeroed)

─── Section 6: Interference Layer Position ─────────────────────────────
  Testing each IF block in isolation (full residual zero)
  IF at L1 (b1) full knockout: -77.5% passkey, +308429.87 PPL
  IF at L3 (b2) full knockout: -77.5% passkey, +14673.19 PPL
  IF at L5 (b3) full knockout: -77.5% passkey, +14490.44 PPL
  IF at L7 (b4) full knockout: -77.5% passkey, +41897.64 PPL
  IF at L9 (b5) full knockout: -77.5% passkey, +98276.93 PPL
  Most critical IF position: L1_b1 (-77.5% passkey)
  Less critical IF position: L9_b5 (-77.5% passkey)

─── Summary ────────────────────────────────────────────────────────────
  Most critical offsets (by passkey loss):
    δ=4: -41.7% passkey, +3.95 PPL
    δ=3: -32.5% passkey, +2.86 PPL
    δ=1: -12.5% passkey, +2.01 PPL
    δ=8: -10.0% passkey, +6.85 PPL
    δ=7: -9.2% passkey, +6.21 PPL
  Most critical layers (by passkey loss):
    L0 (DSQG): -77.5% passkey, +73332.17 PPL
    L1 (DSQG): -77.5% passkey, +308429.87 PPL
    L2 (DSQG): -77.5% passkey, +7653.62 PPL

  Saved → logs/probe_j20d_v10_L12_results.json
