======================================================================
  probe_bypass_gate.py — condX checkpoint gate sweep
======================================================================
  GPU: NVIDIA GeForce RTX 3090  (25.3 GB)
  Checkpoint: checkpoints/condX/best.pt
  Gate values: [0.0, 0.02, 0.05, 0.08, 0.1, 0.12, 0.15, 0.2, 0.25, 0.3, 0.4, 0.5, 0.6, 0.7, 0.8, 0.9, 1.0]
  Trials/distance: 10
  Distances: [1, 2, 4, 8, 16, 32, 64, 128, 256, 512, 1024, 1536]

  Tokenizer: /home/dlewis3/Desktop/AI/DWARF/results/2048_condI_tokenizer.json  (vocab=32000)
  Loaded checkpoint: checkpoints/condX/best.pt  (14,057,354 params)
  Patched FullCausalAttentionBypass — gate controlled by gate_ref

gate=0.00  mean=46.7%  (6/12 >50%)  [1s]
  d=1:60%  d=2:60%  d=4:70%  d=8:60%  d=16:60%  d=32:70%  d=64:50%  d=128:40%  d=256:40%  d=512:20%  d=1024:20%  d=1536:10%
gate=0.02  mean=46.7%  (6/12 >50%)  [0s]
  d=1:60%  d=2:60%  d=4:70%  d=8:60%  d=16:60%  d=32:70%  d=64:50%  d=128:40%  d=256:40%  d=512:20%  d=1024:20%  d=1536:10%
gate=0.05  mean=46.7%  (6/12 >50%)  [0s]
  d=1:60%  d=2:60%  d=4:70%  d=8:60%  d=16:60%  d=32:70%  d=64:50%  d=128:40%  d=256:40%  d=512:20%  d=1024:20%  d=1536:10%
gate=0.08  mean=46.7%  (6/12 >50%)  [0s]
  d=1:60%  d=2:60%  d=4:70%  d=8:60%  d=16:60%  d=32:70%  d=64:50%  d=128:40%  d=256:40%  d=512:20%  d=1024:20%  d=1536:10%
gate=0.10  mean=46.7%  (6/12 >50%)  [0s]
  d=1:60%  d=2:60%  d=4:70%  d=8:60%  d=16:60%  d=32:70%  d=64:50%  d=128:40%  d=256:40%  d=512:20%  d=1024:20%  d=1536:10%
gate=0.12  mean=45.8%  (6/12 >50%)  [0s]
  d=1:60%  d=2:60%  d=4:70%  d=8:60%  d=16:60%  d=32:70%  d=64:50%  d=128:40%  d=256:30%  d=512:20%  d=1024:20%  d=1536:10%
gate=0.15  mean=45.8%  (6/12 >50%)  [0s]
  d=1:60%  d=2:60%  d=4:70%  d=8:60%  d=16:60%  d=32:70%  d=64:50%  d=128:40%  d=256:30%  d=512:20%  d=1024:20%  d=1536:10%
gate=0.20  mean=45.8%  (6/12 >50%)  [0s]
  d=1:60%  d=2:60%  d=4:70%  d=8:60%  d=16:60%  d=32:70%  d=64:50%  d=128:40%  d=256:30%  d=512:20%  d=1024:20%  d=1536:10%
gate=0.25  mean=44.2%  (5/12 >50%)  [0s]
  d=1:60%  d=2:60%  d=4:70%  d=8:60%  d=16:50%  d=32:70%  d=64:50%  d=128:30%  d=256:30%  d=512:20%  d=1024:20%  d=1536:10%
gate=0.30  mean=43.3%  (4/12 >50%)  [0s]
  d=1:60%  d=2:50%  d=4:70%  d=8:60%  d=16:50%  d=32:70%  d=64:50%  d=128:30%  d=256:30%  d=512:20%  d=1024:20%  d=1536:10%
gate=0.40  mean=40.0%  (3/12 >50%)  [0s]
  d=1:60%  d=2:50%  d=4:70%  d=8:50%  d=16:50%  d=32:60%  d=64:50%  d=128:30%  d=256:20%  d=512:10%  d=1024:20%  d=1536:10%
gate=0.50  mean=40.0%  (3/12 >50%)  [0s]
  d=1:60%  d=2:50%  d=4:70%  d=8:50%  d=16:50%  d=32:60%  d=64:50%  d=128:30%  d=256:20%  d=512:10%  d=1024:20%  d=1536:10%
gate=0.60  mean=40.0%  (2/12 >50%)  [0s]
  d=1:60%  d=2:50%  d=4:70%  d=8:50%  d=16:50%  d=32:50%  d=64:50%  d=128:30%  d=256:20%  d=512:10%  d=1024:20%  d=1536:20%
gate=0.70  mean=35.8%  (2/12 >50%)  [0s]
  d=1:60%  d=2:50%  d=4:70%  d=8:50%  d=16:40%  d=32:50%  d=64:30%  d=128:20%  d=256:20%  d=512:10%  d=1024:20%  d=1536:10%
gate=0.80  mean=33.3%  (2/12 >50%)  [0s]
  d=1:60%  d=2:50%  d=4:60%  d=8:40%  d=16:40%  d=32:50%  d=64:30%  d=128:20%  d=256:20%  d=512:10%  d=1024:10%  d=1536:10%
gate=0.90  mean=32.5%  (2/12 >50%)  [0s]
  d=1:60%  d=2:50%  d=4:60%  d=8:40%  d=16:40%  d=32:40%  d=64:30%  d=128:20%  d=256:20%  d=512:10%  d=1024:10%  d=1536:10%
gate=1.00  mean=31.7%  (2/12 >50%)  [0s]
  d=1:60%  d=2:50%  d=4:60%  d=8:40%  d=16:30%  d=32:40%  d=64:30%  d=128:20%  d=256:20%  d=512:10%  d=1024:10%  d=1536:10%

Results → benchmarks/logs/probe_bypass_gate_results.json

Summary (gate → mean passkey):
  gate=0.00   46.7%  ██████████████████
  gate=0.02   46.7%  ██████████████████
  gate=0.05   46.7%  ██████████████████
  gate=0.08   46.7%  ██████████████████
  gate=0.10   46.7%  ██████████████████
  gate=0.12   45.8%  ██████████████████
  gate=0.15   45.8%  ██████████████████
  gate=0.20   45.8%  ██████████████████
  gate=0.25   44.2%  █████████████████
  gate=0.30   43.3%  █████████████████
  gate=0.40   40.0%  ███████████████
  gate=0.50   40.0%  ███████████████
  gate=0.60   40.0%  ███████████████
  gate=0.70   35.8%  ██████████████
  gate=0.80   33.3%  █████████████
  gate=0.90   32.5%  █████████████
  gate=1.00   31.7%  ████████████
