======================================================================
  probe_bypass_gate_v2.py — condX-v2 checkpoint gate sweep
======================================================================
  GPU: NVIDIA GeForce RTX 3090  (25.3 GB)
  Checkpoint: checkpoints/condX_v2/best.pt
  Gate values: [0.0, 0.02, 0.05, 0.08, 0.1, 0.12, 0.15, 0.2, 0.25, 0.3, 0.4, 0.5, 0.6, 0.7, 0.8, 0.9, 1.0]
  Trials/distance: 10
  Distances: [1, 2, 4, 8, 16, 32, 64, 128, 256, 512, 1024, 1536]

  Tokenizer: /home/dlewis3/Desktop/AI/DWARF/results/2048_condI_tokenizer.json  (vocab=32000)
  Loaded checkpoint: checkpoints/condX_v2/best.pt  (14,057,355 params)
  Patched FullCausalAttentionBypass — gate controlled by gate_ref

gate=0.00  mean=54.2%  (7/12 >50%)  [1s]
  d=1:30%  d=2:40%  d=4:50%  d=8:60%  d=16:60%  d=32:60%  d=64:80%  d=128:70%  d=256:70%  d=512:60%  d=1024:50%  d=1536:20%
gate=0.02  mean=54.2%  (7/12 >50%)  [0s]
  d=1:30%  d=2:40%  d=4:50%  d=8:60%  d=16:60%  d=32:60%  d=64:80%  d=128:70%  d=256:70%  d=512:60%  d=1024:50%  d=1536:20%
gate=0.05  mean=54.2%  (7/12 >50%)  [0s]
  d=1:30%  d=2:40%  d=4:50%  d=8:60%  d=16:60%  d=32:60%  d=64:80%  d=128:70%  d=256:70%  d=512:60%  d=1024:50%  d=1536:20%
gate=0.08  mean=52.5%  (6/12 >50%)  [0s]
  d=1:30%  d=2:40%  d=4:50%  d=8:60%  d=16:60%  d=32:60%  d=64:80%  d=128:60%  d=256:70%  d=512:50%  d=1024:50%  d=1536:20%
gate=0.10  mean=51.7%  (6/12 >50%)  [0s]
  d=1:30%  d=2:40%  d=4:50%  d=8:60%  d=16:60%  d=32:60%  d=64:70%  d=128:60%  d=256:70%  d=512:50%  d=1024:50%  d=1536:20%
gate=0.12  mean=51.7%  (6/12 >50%)  [0s]
  d=1:30%  d=2:40%  d=4:50%  d=8:60%  d=16:60%  d=32:60%  d=64:70%  d=128:60%  d=256:70%  d=512:50%  d=1024:50%  d=1536:20%
gate=0.15  mean=51.7%  (6/12 >50%)  [0s]
  d=1:30%  d=2:40%  d=4:50%  d=8:60%  d=16:60%  d=32:60%  d=64:70%  d=128:60%  d=256:70%  d=512:50%  d=1024:50%  d=1536:20%
gate=0.20  mean=49.2%  (6/12 >50%)  [0s]
  d=1:30%  d=2:30%  d=4:50%  d=8:60%  d=16:60%  d=32:60%  d=64:70%  d=128:60%  d=256:60%  d=512:50%  d=1024:40%  d=1536:20%
gate=0.25  mean=49.2%  (6/12 >50%)  [0s]
  d=1:30%  d=2:30%  d=4:50%  d=8:60%  d=16:60%  d=32:60%  d=64:70%  d=128:60%  d=256:60%  d=512:50%  d=1024:40%  d=1536:20%
gate=0.30  mean=48.3%  (6/12 >50%)  [0s]
  d=1:30%  d=2:30%  d=4:50%  d=8:60%  d=16:60%  d=32:60%  d=64:60%  d=128:60%  d=256:60%  d=512:50%  d=1024:40%  d=1536:20%
gate=0.40  mean=45.0%  (5/12 >50%)  [0s]
  d=1:30%  d=2:30%  d=4:50%  d=8:50%  d=16:60%  d=32:60%  d=64:60%  d=128:60%  d=256:60%  d=512:40%  d=1024:20%  d=1536:20%
gate=0.50  mean=38.3%  (2/12 >50%)  [0s]
  d=1:30%  d=2:30%  d=4:30%  d=8:50%  d=16:60%  d=32:50%  d=64:60%  d=128:50%  d=256:50%  d=512:20%  d=1024:20%  d=1536:10%
gate=0.60  mean=36.7%  (1/12 >50%)  [0s]
  d=1:30%  d=2:30%  d=4:30%  d=8:50%  d=16:50%  d=32:40%  d=64:60%  d=128:50%  d=256:50%  d=512:20%  d=1024:20%  d=1536:10%
gate=0.70  mean=31.7%  (0/12 >50%)  [0s]
  d=1:30%  d=2:30%  d=4:30%  d=8:50%  d=16:40%  d=32:40%  d=64:50%  d=128:30%  d=256:30%  d=512:20%  d=1024:20%  d=1536:10%
gate=0.80  mean=24.2%  (0/12 >50%)  [0s]
  d=1:20%  d=2:30%  d=4:30%  d=8:30%  d=16:30%  d=32:20%  d=64:40%  d=128:20%  d=256:20%  d=512:20%  d=1024:20%  d=1536:10%
gate=0.90  mean=20.8%  (0/12 >50%)  [0s]
  d=1:20%  d=2:30%  d=4:30%  d=8:30%  d=16:30%  d=32:20%  d=64:20%  d=128:20%  d=256:20%  d=512:10%  d=1024:10%  d=1536:10%
gate=1.00  mean=20.0%  (0/12 >50%)  [0s]
  d=1:20%  d=2:20%  d=4:30%  d=8:30%  d=16:30%  d=32:20%  d=64:20%  d=128:20%  d=256:20%  d=512:10%  d=1024:10%  d=1536:10%

Results → benchmarks/logs/probe_bypass_gate_condX_v2_results.json

Summary (gate → mean passkey):
  gate=0.00   54.2%  █████████████████████
  gate=0.02   54.2%  █████████████████████
  gate=0.05   54.2%  █████████████████████
  gate=0.08   52.5%  █████████████████████
  gate=0.10   51.7%  ████████████████████
  gate=0.12   51.7%  ████████████████████
  gate=0.15   51.7%  ████████████████████
  gate=0.20   49.2%  ███████████████████
  gate=0.25   49.2%  ███████████████████
  gate=0.30   48.3%  ███████████████████
  gate=0.40   45.0%  ██████████████████
  gate=0.50   38.3%  ███████████████
  gate=0.60   36.7%  ██████████████
  gate=0.70   31.7%  ████████████
  gate=0.80   24.2%  █████████
  gate=0.90   20.8%  ████████
  gate=1.00   20.0%  ███████
