======================================================================
  🔬 DWARF Autoresearch — J26D Full-Dataset + Physics
  V8 kernel (J=26) + condV: Kalman-EMA + KdV + AGC  [EMA dead-zone fix]
======================================================================
  GPU: NVIDIA GeForce RTX 4090
  D=512, H=8, L=6, FFN=2048
  IF interval=2, Full attn layer=5
  scale_embed init=0.1, LR mult=15.0
  EMA α₀=0.00035 (window≈2857t), floor=1e-05
  MAX_TRAIN_SEQS=121232, LR=0.0003, Epochs=3
  git=f52350c
Loading FineWeb-Edu from cache: benchmarks/logs/condm_fineweb_edu_doc_cache.json
  Loaded 100,000 docs from cache
Loaded tokenizer from results/2048_condI_tokenizer.json
Loading pre-encoded dataset from logs/fineweb_encoded_2048.pt
  train: 121,232  val: 5,582 seqs
  compiled FullAttnBlock at layer 5
  torch.compile applied to FullAttnBlock(s)
Parameters: 39,514,492 (39.5M)
  Step 200/3789 | Loss 6.2039
  Step 400/3789 | Loss 5.7386
  Step 600/3789 | Loss 5.3440
  Step 800/3789 | Loss 5.2583
  Step 1000/3789 | Loss 4.8723
  Step 1200/3789 | Loss 4.7582
  Step 1400/3789 | Loss 4.5783
  Step 1600/3789 | Loss 4.5054
  Step 1800/3789 | Loss 4.5281
  Step 2000/3789 | Loss 4.2840
  Step 2200/3789 | Loss 4.2650
  Step 2400/3789 | Loss 4.1677
  Step 2600/3789 | Loss 4.2662
  Step 2800/3789 | Loss 4.0881
  Step 3000/3789 | Loss 4.0163
  Step 3200/3789 | Loss 4.1691
  Step 3400/3789 | Loss 4.0899
  Step 3600/3789 | Loss 4.0230
Ep 1/3 | Val PPL 52.13 *
  scale_embed |mean|=0.3804 |max|=2.0302
  Physics: b1: α=0.0171(w≈59t) kdv=-0.0000  b3: α=-0.0015(w≈100000t) kdv=-0.0000
  Passkey mean=65.8%
  d=1:60%  d=2:70%  d=4:60%  d=8:60%  d=16:70%  d=32:70%  d=64:70%  d=128:70%  d=256:70%  d=512:70%  d=1024:70%  d=1536:50%
  Step 200/3789 | Loss 3.8962
  Step 400/3789 | Loss 3.9691
  Step 600/3789 | Loss 3.9379
  Step 800/3789 | Loss 4.1122
  Step 1000/3789 | Loss 4.3197
  Step 1200/3789 | Loss 3.9237
  Step 1400/3789 | Loss 3.7038
  Step 1600/3789 | Loss 3.9636
  Step 1800/3789 | Loss 3.7948
  Step 2000/3789 | Loss 4.0521
  Step 2200/3789 | Loss 3.8288
  Step 2400/3789 | Loss 3.7882
  Step 2600/3789 | Loss 3.8232
  Step 2800/3789 | Loss 3.9204
  Step 3000/3789 | Loss 3.6758
  Step 3200/3789 | Loss 3.7403
  Step 3400/3789 | Loss 3.9484
  Step 3600/3789 | Loss 3.8835
Ep 2/3 | Val PPL 42.43 *
  scale_embed |mean|=0.3555 |max|=2.0441
  Physics: b1: α=0.0156(w≈64t) kdv=-0.0000  b3: α=-0.0014(w≈100000t) kdv=-0.0000
  Passkey mean=85.0%
  d=1:100%  d=2:100%  d=4:100%  d=8:90%  d=16:100%  d=32:100%  d=64:70%  d=128:100%  d=256:60%  d=512:80%  d=1024:70%  d=1536:50%
  Step 200/3789 | Loss 3.8830
  Step 400/3789 | Loss 3.8897
  Step 600/3789 | Loss 3.9225
  Step 800/3789 | Loss 3.8980
  Step 1000/3789 | Loss 3.8910
  Step 1200/3789 | Loss 3.6993
  Step 1400/3789 | Loss 3.5570
  Step 1600/3789 | Loss 3.7721
  Step 1800/3789 | Loss 3.6427
  Step 2000/3789 | Loss 3.9931
  Step 2200/3789 | Loss 3.4743
  Step 2400/3789 | Loss 3.8363
  Step 2600/3789 | Loss 3.3608
  Step 2800/3789 | Loss 3.7903
  Step 3000/3789 | Loss 3.7173
