======================================================================
  🔬 DWARF Autoresearch — J20D V10 L12 Depth Experiment
  V10 kernel (J=20) + condV: Kalman-EMA + AGC  [tiled coalesced, 2.87x faster]
======================================================================
  GPU: NVIDIA GeForce RTX 4090
  D=512, H=8, L=12, FFN=2048
  IF interval=2, Full attn layer=11
  scale_embed init=0.1, LR mult=15.0
  EMA α₀=0.00035 (window≈2857t), floor=1e-05
  MAX_TRAIN_SEQS=121232, LR=0.000212, Epochs=3
  git=bf948d1
Loading FineWeb-Edu from cache: benchmarks/logs/condm_fineweb_edu_doc_cache.json
  Loaded 100,000 docs from cache
Loaded tokenizer from results/2048_condI_tokenizer.json
Loading pre-encoded dataset from logs/fineweb_encoded_2048.pt
  train: 121,232  val: 5,582 seqs
  compiled FullAttnBlock at layer 11
  torch.compile applied to FullAttnBlock(s)
Parameters: 62,375,997 (62.4M)
  Step 200/3789 | Loss 6.3016
  Step 400/3789 | Loss 5.9293
  Step 600/3789 | Loss 5.5134
  Step 800/3789 | Loss 5.4370
  Step 1000/3789 | Loss 5.2587
  Step 1200/3789 | Loss 5.1474
  Step 1400/3789 | Loss 4.9638
  Step 1600/3789 | Loss 4.9552
  Step 1800/3789 | Loss 4.7079
  Step 2000/3789 | Loss 4.4439
  Step 2200/3789 | Loss 4.4699
  Step 2400/3789 | Loss 4.1823
  Step 2600/3789 | Loss 4.1875
  Step 2800/3789 | Loss 4.1146
  Step 3000/3789 | Loss 4.0383
  Step 3200/3789 | Loss 4.2124
  Step 3400/3789 | Loss 4.1281
  Step 3600/3789 | Loss 4.0331
Ep 1/3 | Val PPL 55.60 *
  scale_embed |mean|=0.3576 |max|=1.8740
  Physics: b1: α=0.0097(w≈103t)  b3: α=-0.0010(w≈980t)  b5: α=0.0495(w≈20t)  b7: α=-0.0013(w≈743t)  b9: α=-0.0011(w≈887t)
  Passkey mean=25.0%
  d=1:30%  d=2:30%  d=4:30%  d=8:30%  d=16:30%  d=32:30%  d=64:30%  d=128:30%  d=256:30%  d=512:10%  d=1024:10%  d=1536:10%
  Step 200/3789 | Loss 3.8190
  Step 400/3789 | Loss 4.1389
  Step 600/3789 | Loss 4.1302
  Step 800/3789 | Loss 3.7990
  Step 1000/3789 | Loss 3.8564
  Step 1200/3789 | Loss 3.8617
  Step 1400/3789 | Loss 3.8959
  Step 1600/3789 | Loss 3.9328
  Step 1800/3789 | Loss 3.7153
  Step 2000/3789 | Loss 3.8460
  Step 2200/3789 | Loss 3.7786
  Step 2400/3789 | Loss 3.7465
  Step 2600/3789 | Loss 3.8748
  Step 2800/3789 | Loss 3.7142
  Step 3000/3789 | Loss 4.1129
  Step 3200/3789 | Loss 3.8397
  Step 3400/3789 | Loss 3.8383
  Step 3600/3789 | Loss 3.5052
Ep 2/3 | Val PPL 43.29 *
  scale_embed |mean|=0.3346 |max|=1.7099
  Physics: b1: α=0.0086(w≈117t)  b3: α=-0.0010(w≈1020t)  b5: α=0.0480(w≈21t)  b7: α=-0.0013(w≈774t)  b9: α=-0.0011(w≈924t)
  Passkey mean=47.5%
  d=1:40%  d=2:50%  d=4:50%  d=8:50%  d=16:40%  d=32:80%  d=64:60%  d=128:50%  d=256:50%  d=512:40%  d=1024:40%  d=1536:20%
  Step 200/3789 | Loss 3.8352
