======================================================================
  🔬 DWARF — J16D 12M Flagship
  V=8K + condV Physics (EMA + KdV + AGC)
======================================================================
  GPU: NVIDIA GeForce RTX 3090
  D=256, H=8, L=6, FFN=2048
  head_dim=32
  IF interval=3, Full attn layer=5
  scale_embed init=0.1, LR mult=15.0
  EMA α₀=0.003 (window≈333t), floor=0.0003
  MAX_TRAIN_SEQS=58600, LR=0.0003, Epochs=3
Loading V=8K tokenizer from /tmp/dwarf-j17d/results/fineweb_v8k_tokenizer.json
Tokenizer vocab: 8192
Loading FineWeb-Edu from cache: /home/dlewis3/Desktop/AI/DWARF/logs/condm_fineweb_edu_doc_cache.json
  100,000 docs
Loading pre-encoded dataset from /tmp/dwarf-j17d/logs/fineweb_encoded_2048_v8k.pt
  train: 58,600  val: 5,582 seqs
Parameters: 11,110,778 (11.1M)
  Step 200/1832 | Loss 6.1267
  Step 400/1832 | Loss 5.5831
  Step 600/1832 | Loss 5.3095
  Step 800/1832 | Loss 5.1522
  Step 1000/1832 | Loss 4.9602
  Step 1200/1832 | Loss 4.8025
  Step 1400/1832 | Loss 4.7162
  Step 1600/1832 | Loss 4.5337
  Step 1800/1832 | Loss 4.3246

Ep 1/3 | Val PPL 84.16 *
  scale_embed |mean|=0.5132 |max|=2.6759
  Physics: b2: α=0.0268(w≈37t) kdv=-0.0000
  Passkey mean=10.0%
  d=1:10%  d=2:10%  d=4:10%  d=8:10%  d=16:10%  d=32:10%  d=64:10%  d=128:10%  d=256:10%  d=512:10%  d=1024:10%  d=1536:10%
  Step 200/1832 | Loss 4.2701
  Step 400/1832 | Loss 4.5315
  Step 600/1832 | Loss 4.2108
  Step 800/1832 | Loss 4.1945
  Step 1000/1832 | Loss 4.3105
  Step 1200/1832 | Loss 4.0357
  Step 1400/1832 | Loss 4.0776
  Step 1600/1832 | Loss 4.1361
  Step 1800/1832 | Loss 4.1782

Ep 2/3 | Val PPL 52.01 *
  scale_embed |mean|=0.5114 |max|=2.4862
  Physics: b2: α=0.0603(w≈17t) kdv=-0.0000
  Passkey mean=19.2%
  d=1:30%  d=2:20%  d=4:20%  d=8:30%  d=16:30%  d=32:30%  d=64:20%  d=128:10%  d=256:10%  d=512:10%  d=1024:10%  d=1536:10%
  Step 200/1832 | Loss 3.9456
  Step 400/1832 | Loss 3.8844
  Step 600/1832 | Loss 4.2294
  Step 800/1832 | Loss 4.0617
  Step 1000/1832 | Loss 3.9069
  Step 1200/1832 | Loss 3.9309
  Step 1400/1832 | Loss 4.1108
  Step 1600/1832 | Loss 3.8616
  Step 1800/1832 | Loss 4.0848

Ep 3/3 | Val PPL 49.31 *
  scale_embed |mean|=0.5076 |max|=2.4490
  Physics: b2: α=0.0633(w≈16t) kdv=-0.0000
  Passkey mean=20.0%
  d=1:40%  d=2:20%  d=4:20%  d=8:30%  d=16:30%  d=32:30%  d=64:20%  d=128:10%  d=256:10%  d=512:10%  d=1024:10%  d=1536:10%

---
passkey_ep1:    10.0
passkey_ep2:    19.2
passkey_ep3:    20.0
ppl_ep1:        84.16
ppl_ep2:        52.01
ppl_ep3:        49.31
ar_score:       1.70
memory_mb:      4009.9
elapsed_s:      4541.6
num_params_M:   11.1
vocab_size:     8192
head_dim:       32
scale_embed_lr_mult: 15.0
scale_embed_init: 0.1
ema_init:       0.003
description:    J16D 12M flagship — D=256, V=8192, FFN=2048, L=6, condV physics
