======================================================================
  🔬 DWARF Autoresearch — J20D V10 L12 Depth Experiment
  V10 kernel (J=20) + condV: Kalman-EMA + AGC  [tiled coalesced, 2.87x faster]
======================================================================
  GPU: NVIDIA GeForce RTX 4090
  D=512, H=8, L=12, FFN=2048
  IF interval=2, Full attn layer=11
  scale_embed init=0.1, LR mult=15.0
  EMA α₀=0.00035 (window≈2857t), floor=1e-05
  MAX_TRAIN_SEQS=121232, LR=0.00015, Epochs=3
  git=bf948d1
Loading FineWeb-Edu from cache: benchmarks/logs/condm_fineweb_edu_doc_cache.json
  Loaded 100,000 docs from cache
Loaded tokenizer from results/2048_condI_tokenizer.json
Loading pre-encoded dataset from logs/fineweb_encoded_2048.pt
  train: 121,232  val: 5,582 seqs
  compiled FullAttnBlock at layer 11
  torch.compile applied to FullAttnBlock(s)
Parameters: 62,375,997 (62.4M)
  Step 200/3789 | Loss 6.6443
  Step 400/3789 | Loss 6.0412
  Step 600/3789 | Loss 5.7227
  Step 800/3789 | Loss 5.5490
  Step 1000/3789 | Loss 5.3567
  Step 1200/3789 | Loss 5.1768
  Step 1400/3789 | Loss 5.0384
  Step 1600/3789 | Loss 4.9365
  Step 1800/3789 | Loss 5.0453
  Step 2000/3789 | Loss 5.0913
  Step 2200/3789 | Loss 4.8899
  Step 2400/3789 | Loss 4.4975
  Step 2600/3789 | Loss 4.7955
  Step 2800/3789 | Loss 4.5198
  Step 3000/3789 | Loss 4.5508
  Step 3200/3789 | Loss 4.4559
  Step 3400/3789 | Loss 4.3539
  Step 3600/3789 | Loss 4.1442
Ep 1/3 | Val PPL 65.22 *
  scale_embed |mean|=0.3457 |max|=1.8710
  Physics: b1: α=0.0101(w≈99t)  b3: α=-0.0010(w≈960t)  b5: α=0.0757(w≈13t)  b7: α=0.0300(w≈33t)  b9: α=0.0047(w≈213t)
  Passkey mean=10.8%
  d=1:10%  d=2:10%  d=4:20%  d=8:10%  d=16:10%  d=32:10%  d=64:10%  d=128:10%  d=256:10%  d=512:10%  d=1024:10%  d=1536:10%
  Step 200/3789 | Loss 4.2683
  Step 400/3789 | Loss 4.2922
