======================================================================
  🔬 DWARF J13D v3 — L=8 Warm-Start from J13D v2 ep3
  J=13 offsets: [1,2,4,5,8,16,32,64,128,256,512,768,1024]
  Full warm-start: L0-5 from v2, L6-7 random-init, FA@L2 unfrozen.
======================================================================
  GPU: NVIDIA GeForce RTX 4090
  Kernel path: 4090 (sm89) (sm_89)
  D=512, H=8, L=8, FFN=2048
  J=13 offsets: [1, 2, 4, 5, 8, 16, 32, 64, 128, 256, 512, 768, 1024]
  FA@L2, preIF@L1 only, no pos_embed
  scale_embed init=0.15, LR mult=15.0
  EMA α₀=0.003 (window≈333t), floor=1e-05
  MAX_TRAIN_SEQS=121232, LR=0.0003, Epochs=3
  git=23a29a5
Loading FineWeb-Edu from cache: benchmarks/logs/condm_fineweb_edu_doc_cache.json
  Loaded 100,000 docs from cache
Loaded tokenizer from results/2048_condI_tokenizer.json
Loading pre-encoded dataset from logs/fineweb_encoded_2048.pt
  train: 121,232  val: 5,582 seqs

  Warm-starting from J13D v2: autoresearch/checkpoints/j13d_v2_30m_ep3_resume.pt
  Loaded — missing keys: 46 (L6-7 new layers), unexpected: 0
  FA@L2 UNFROZEN — all 8 layers trainable
  New random-init layers: ['6', '7']
  Checkpoint: j13d_v3_l8_best.pt

  compiled FullAttentionBlock at layer 2
  torch.compile applied to FullAttentionBlock(s) only
Parameters: 44,504,642 (44.5M)
  No resume checkpoint found — starting from warm-start

  Step 200/1516 | Loss 3.8692
  Step 400/1516 | Loss 3.9436
  Step 600/1516 | Loss 3.8651
  Step 800/1516 | Loss 3.8719
  Step 1000/1516 | Loss 3.9028
  Step 1200/1516 | Loss 3.5458
  Step 1400/1516 | Loss 3.8254
Ep 1/3 | Val PPL 40.43 *
  scale_embed |mean|=0.3265 |max|=2.1443
  Physics: b1: α=0.0477(w≈21t) kdv=-0.0000
  Saved FullAttn checkpoint: autoresearch/checkpoints/j13d_v3_l8_ep1_full_attn.pt
  Saved resume checkpoint: autoresearch/checkpoints/j13d_v3_l8_ep1_resume.pt
  Passkey mean=82.5%
  d=1:100%  d=2:100%  d=4:60%  d=8:60%  d=16:90%  d=32:100%  d=64:100%  d=128:100%  d=256:100%  d=512:60%  d=1024:70%  d=1536:50%
  Step 200/1516 | Loss 3.6467
  Step 400/1516 | Loss 3.5279
  Step 600/1516 | Loss 3.6992
  Step 800/1516 | Loss 3.6762
  Step 1000/1516 | Loss 3.6470
  Step 1200/1516 | Loss 3.7753
  Step 1400/1516 | Loss 3.7253
Ep 2/3 | Val PPL 37.55 *
  scale_embed |mean|=0.3268 |max|=2.1156
  Physics: b1: α=0.0479(w≈21t) kdv=-0.0000
  Saved FullAttn checkpoint: autoresearch/checkpoints/j13d_v3_l8_ep2_full_attn.pt
  Saved resume checkpoint: autoresearch/checkpoints/j13d_v3_l8_ep2_resume.pt
  Passkey mean=87.5%
  d=1:100%  d=2:100%  d=4:80%  d=8:90%  d=16:100%  d=32:100%  d=64:100%  d=128:90%  d=256:100%  d=512:60%  d=1024:70%  d=1536:60%
  Step 200/1516 | Loss 3.6731
  Step 400/1516 | Loss 3.6468
  Step 600/1516 | Loss 3.4002
  Step 800/1516 | Loss 3.5624
  Step 1000/1516 | Loss 3.6162
  Step 1200/1516 | Loss 3.7407
  Step 1400/1516 | Loss 3.5913
Ep 3/3 | Val PPL 36.77 *
  scale_embed |mean|=0.3257 |max|=2.0892
  Physics: b1: α=0.0477(w≈21t) kdv=-0.0000
  Saved FullAttn checkpoint: autoresearch/checkpoints/j13d_v3_l8_ep3_full_attn.pt
  Saved resume checkpoint: autoresearch/checkpoints/j13d_v3_l8_ep3_resume.pt
  Passkey mean=85.8%
  d=1:100%  d=2:100%  d=4:80%  d=8:80%  d=16:100%  d=32:100%  d=64:100%  d=128:90%  d=256:90%  d=512:60%  d=1024:70%  d=1536:60%

---
passkey_ep1:    82.5
passkey_ep2:    87.5
passkey_ep3:    85.8
ppl_ep1:        40.43
ppl_ep2:        37.55
ppl_ep3:        36.77
ar_score:       67.53
memory_mb:      17753.6
elapsed_s:      13599.8
num_params_M:   44.5
num_layers:     8
num_offsets:    13
scale_embed_lr_mult: 15.0
ema_init:       0.003
description:    J13D v3 L=8 warm-start — 44.5M, D=512, L=8, FA@L2, preIF@L1, J=13 offsets, warm-start from J13D v2 ep3, 4090-tuned kernel
