======================================================================
  🔬 DWARF Autoresearch — BORG MID-ATTN GEN2 (FA unfrozen)
  FullAttn at L2 of L=8, D=4096 Gen1 — FA trains from scratch, no warm-start
======================================================================
  GPU: NVIDIA H100 NVL
  D=4096, H=32, L=8, FFN=16384
  IF@L1 only (L1), pure DSQG elsewhere, no pos_embed
  scale_embed init=0.1, LR mult=15.0
  EMA α₀=0.00035 (window≈2857t), floor=1e-05
  MAX_TRAIN_SEQS=121232, LR=0.0003, Epochs=3
  FREEZE_FULL_ATTN_AFTER_EPOCH=None
  git=99437df
Loading FineWeb-Edu from cache: benchmarks/logs/condm_fineweb_edu_doc_cache.json
  Loaded 100,000 docs from cache
Loaded tokenizer from results/2048_condI_tokenizer.json
Loading pre-encoded dataset from logs/fineweb_encoded_2048.pt
  train: 121,232  val: 5,582 seqs
  WARNING:  not found — training from scratch
  compiled FullAttnBlock at layer 2
  torch.compile applied to FullAttnBlock(s)
Parameters: 1,926,761,634 (1926.8M)
  Step 200/3789 | Loss 6.2671
  Step 400/3789 | Loss 5.4878
  Step 600/3789 | Loss 4.9671
  Step 800/3789 | Loss 4.9613
  Step 1000/3789 | Loss 4.9081
  Step 1200/3789 | Loss 4.5557
  Step 1400/3789 | Loss 4.5271
  Step 1600/3789 | Loss 4.4078
  Step 1800/3789 | Loss 4.3558
  Step 2000/3789 | Loss 4.2010
  Step 2200/3789 | Loss 4.1644
  Step 2400/3789 | Loss 4.0027
  Step 2600/3789 | Loss 3.9771
  Step 2800/3789 | Loss 3.9636
  Step 3000/3789 | Loss 3.9032
  Step 3200/3789 | Loss 4.0427
  Step 3400/3789 | Loss 3.8474
  Step 3600/3789 | Loss 3.9102
/usr/local/lib/python3.11/dist-packages/torch/_inductor/compile_fx.py:194: UserWarning: TensorFloat32 tensor cores for float32 matrix multiplication available but not enabled. Consider setting `torch.set_float32_matmul_precision('high')` for better performance.
  warnings.warn(
Ep 1/3 | Val PPL 44.23 *
  scale_embed |mean|=0.5643 |max|=2.6633
  Physics: b1: α=0.0071(w≈141t) kdv=-0.0000
  Saved FullAttn checkpoint: autoresearch/checkpoints/dwarf_1b_d4096_ep1_full_attn.pt
  Passkey mean=32.0%
  d=1:70%  d=2:70%  d=4:50%  d=8:50%  d=16:20%  d=32:20%  d=64:10%  d=128:10%  d=256:10%  d=512:10%
  Step 200/3789 | Loss 3.5454
  Step 400/3789 | Loss 3.8580
  Step 600/3789 | Loss 3.6387
  Step 800/3789 | Loss 3.7256
  Step 1000/3789 | Loss 3.6535
  Step 1200/3789 | Loss 3.5827
  Step 1400/3789 | Loss 3.4715
  Step 1600/3789 | Loss 3.4767
  Step 1800/3789 | Loss 3.5829
  Step 2000/3789 | Loss 3.4616
  Step 2200/3789 | Loss 3.3803
  Step 2400/3789 | Loss 3.3844
  Step 2600/3789 | Loss 3.4386
  Step 2800/3789 | Loss 3.4250
  Step 3000/3789 | Loss 3.3483
  Step 3200/3789 | Loss 3.3292
  Step 3400/3789 | Loss 3.4300
  Step 3600/3789 | Loss 3.4528
Ep 2/3 | Val PPL 28.72 *
  scale_embed |mean|=0.4864 |max|=2.5467
  Physics: b1: α=0.0078(w≈129t) kdv=-0.0000
  Saved FullAttn checkpoint: autoresearch/checkpoints/dwarf_1b_d4096_ep2_full_attn.pt
  Passkey mean=86.0%
  d=1:100%  d=2:100%  d=4:100%  d=8:100%  d=16:100%  d=32:80%  d=64:80%  d=128:80%  d=256:70%  d=512:50%
  Step 200/3789 | Loss 3.3043
  Step 400/3789 | Loss 3.1036
  Step 600/3789 | Loss 3.2689
  Step 800/3789 | Loss 3.0881
