======================================================================
  🔬 DWARF Autoresearch — BORG MID-ATTN RUN
  FullAttn at L2 (middle), warm-started from J26D (2 DSQG blocks before FA)
======================================================================
  GPU: NVIDIA H100 NVL
  D=512, H=8, L=11, FFN=2048
  IF interval=2, Full attn layer=5 (MIDDLE, L5 of 11, Gen2 FA frozen)
  scale_embed init=0.1, LR mult=15.0
  EMA α₀=0.00035 (window≈2857t), floor=1e-05
  MAX_TRAIN_SEQS=121232, LR=0.0003, Epochs=2
  FREEZE_FULL_ATTN_AFTER_EPOCH=0
  git=99437df
Loading FineWeb-Edu from cache: benchmarks/logs/condm_fineweb_edu_doc_cache.json
  Loaded 100,000 docs from cache
Loaded tokenizer from results/2048_condI_tokenizer.json
Loading pre-encoded dataset from logs/fineweb_encoded_2048.pt
  train: 121,232  val: 5,582 seqs

  Loading J26D FullAttn weights from autoresearch/checkpoints/borg_midattn_gen2_ep3_full_attn.pt...
  Loaded 14 weights
  Missing (expected — DSQG blocks random init): 275
  compiled FullAttnBlock at layer 5
  torch.compile applied to FullAttnBlock(s)
Parameters: 58,179,320 (58.2M)

  ── Freezing FullAttn block (epoch 1) ──
  FullAttn frozen.
  Step 200/3789 | Loss 6.2855
  Step 400/3789 | Loss 5.8029
  Step 600/3789 | Loss 5.2445
  Step 800/3789 | Loss 4.9099
  Step 1000/3789 | Loss 4.7399
  Step 1200/3789 | Loss 4.5009
  Step 1400/3789 | Loss 4.4569
  Step 1600/3789 | Loss 4.4537
  Step 1800/3789 | Loss 4.3848
  Step 2000/3789 | Loss 4.2121
  Step 2200/3789 | Loss 4.3140
  Step 2400/3789 | Loss 4.1151
  Step 2600/3789 | Loss 4.0900
  Step 2800/3789 | Loss 4.1348
  Step 3000/3789 | Loss 4.1913
  Step 3200/3789 | Loss 4.0142
  Step 3400/3789 | Loss 4.1654
  Step 3600/3789 | Loss 4.0013
Ep 1/2 | Val PPL 49.96 *
  scale_embed |mean|=0.3678 |max|=2.0823
  Physics: b1: α=-0.0017(w≈100000t) kdv=-0.0000  b3: α=-0.0010(w≈100000t) kdv=-0.0000  b7: α=-0.0014(w≈100000t) kdv=-0.0000  b9: α=-0.0023(w≈100000t) kdv=-0.0000
  Saved FullAttn checkpoint: autoresearch/checkpoints/borg_L11_ep1_full_attn.pt
  Passkey mean=51.7%
  d=1:60%  d=2:60%  d=4:60%  d=8:60%  d=16:60%  d=32:60%  d=64:60%  d=128:50%  d=256:50%  d=512:50%  d=1024:40%  d=1536:10%
  Step 200/3789 | Loss 4.1444
  Step 400/3789 | Loss 3.9542
  Step 600/3789 | Loss 3.9383
  Step 800/3789 | Loss 3.8380
  Step 1000/3789 | Loss 3.8344
  Step 1200/3789 | Loss 3.8468
  Step 1400/3789 | Loss 3.9227
  Step 1600/3789 | Loss 3.8381
  Step 1800/3789 | Loss 3.9987
  Step 2000/3789 | Loss 3.8034
  Step 2200/3789 | Loss 3.7705
  Step 2400/3789 | Loss 3.8215
  Step 2600/3789 | Loss 3.8265
  Step 2800/3789 | Loss 3.8314
  Step 3000/3789 | Loss 3.8467
  Step 3200/3789 | Loss 3.9000
  Step 3400/3789 | Loss 3.9019
  Step 3600/3789 | Loss 3.7752
Ep 2/2 | Val PPL 43.72 *
  scale_embed |mean|=0.3491 |max|=1.9465
  Physics: b1: α=-0.0017(w≈100000t) kdv=-0.0000  b3: α=-0.0010(w≈100000t) kdv=-0.0000  b7: α=-0.0014(w≈100000t) kdv=-0.0000  b9: α=-0.0022(w≈100000t) kdv=-0.0000
  Saved FullAttn checkpoint: autoresearch/checkpoints/borg_L11_ep2_full_attn.pt
  Passkey mean=66.7%
  d=1:80%  d=2:100%  d=4:80%  d=8:80%  d=16:90%  d=32:100%  d=64:60%  d=128:50%  d=256:50%  d=512:40%  d=1024:40%  d=1536:30%

---
passkey_ep1:    51.7
passkey_ep2:    66.7
ppl_ep1:        49.96
ppl_ep2:        43.72
ar_score:       48.37
memory_mb:      55033.4
elapsed_s:      7875.3
num_params_M:   58.2
num_layers:     11
num_offsets:    24
scale_embed_lr_mult: 15.0
ema_init:       0.00035
description:    Borg L=11 — 58.2M, Gen2 FA frozen@L5 (mid), 10 fresh DSQG, D=512, L=11, 5 DSQG each side of FA
