======================================================================
  🔬 DWARF J=12 — 30M Science Experiment
  J=12 relay-optimal: [1,2,4,8,16,64,96,192,384,512,768,1024]
  Confirms relay mechanism with minimal confirmed-necessary offsets.
======================================================================
  GPU: NVIDIA GeForce RTX 4090
  Kernel path: 4090 (sm89) (sm_89)
  D=512, H=8, L=6, FFN=2048
  J=12 offsets: [1, 2, 4, 5, 8, 16, 32, 64, 128, 256, 512, 768, 1024]
  FA@L2, preIF@L1 only, no pos_embed
  scale_embed init=0.15, LR mult=15.0
  EMA α₀=0.003 (window≈333t), floor=1e-05
  MAX_TRAIN_SEQS=121232, LR=0.0003, Epochs=3
  git=6a61588
Loading FineWeb-Edu from cache: benchmarks/logs/condm_fineweb_edu_doc_cache.json
  Loaded 100,000 docs from cache
Loaded tokenizer from results/2048_condI_tokenizer.json
Loading pre-encoded dataset from logs/fineweb_encoded_2048.pt
  train: 121,232  val: 5,582 seqs

  No warm-start — J=12 trains from scratch
  Checkpoint: j13d_v2_30m_best.pt

  compiled FullAttnBlock at layer 2
  torch.compile applied to FullAttnBlock(s)
Parameters: 37,671,618 (37.7M)
  No resume checkpoint found — starting from scratch

  Step 200/3789 | Loss 6.3050
  Step 400/3789 | Loss 5.7470
  Step 600/3789 | Loss 5.3229
  Step 800/3789 | Loss 5.1278
  Step 1000/3789 | Loss 4.8571
  Step 1200/3789 | Loss 4.6606
  Step 1400/3789 | Loss 4.6761
  Step 1600/3789 | Loss 4.5295
  Step 1800/3789 | Loss 4.5323
  Step 2000/3789 | Loss 4.4555
  Step 2200/3789 | Loss 4.4781
  Step 2400/3789 | Loss 4.2005
  Step 2600/3789 | Loss 4.2588
  Step 2800/3789 | Loss 4.1843
  Step 3000/3789 | Loss 4.1949
  Step 3200/3789 | Loss 4.0532
  Step 3400/3789 | Loss 4.1042
  Step 3600/3789 | Loss 4.0715
Ep 1/3 | Val PPL 55.07 *
  scale_embed |mean|=0.4022 |max|=2.0326
  Physics: b1: α=0.0378(w≈26t) kdv=-0.0000
  Saved FullAttn checkpoint: autoresearch/checkpoints/j13d_v2_30m_ep1_full_attn.pt
  Saved resume checkpoint: autoresearch/checkpoints/j13d_v2_30m_ep1_resume.pt
  Passkey mean=49.2%
  d=1:70%  d=2:60%  d=4:40%  d=8:40%  d=16:40%  d=32:60%  d=64:50%  d=128:50%  d=256:50%  d=512:40%  d=1024:50%  d=1536:40%
  Step 200/3789 | Loss 4.1808
  Step 400/3789 | Loss 3.8705
  Step 600/3789 | Loss 3.9109
  Step 800/3789 | Loss 4.2317
  Step 1000/3789 | Loss 3.9280
  Step 1200/3789 | Loss 3.9520
  Step 1400/3789 | Loss 3.8768
  Step 1600/3789 | Loss 4.0284
  Step 1800/3789 | Loss 4.0044
  Step 2000/3789 | Loss 3.9284
  Step 2200/3789 | Loss 4.1044
  Step 2400/3789 | Loss 3.7586
  Step 2600/3789 | Loss 3.9173
  Step 2800/3789 | Loss 3.9457
  Step 3000/3789 | Loss 4.0055
  Step 3200/3789 | Loss 4.2157
  Step 3400/3789 | Loss 3.8532
  Step 3600/3789 | Loss 3.8543
Ep 2/3 | Val PPL 44.77 *
  scale_embed |mean|=0.3631 |max|=1.9935
  Physics: b1: α=0.0439(w≈23t) kdv=-0.0000
  Saved FullAttn checkpoint: autoresearch/checkpoints/j13d_v2_30m_ep2_full_attn.pt
  Saved resume checkpoint: autoresearch/checkpoints/j13d_v2_30m_ep2_resume.pt
  Passkey mean=72.5%
  d=1:100%  d=2:100%  d=4:50%  d=8:40%  d=16:60%  d=32:100%  d=64:70%  d=128:70%  d=256:100%  d=512:60%  d=1024:70%  d=1536:50%
  Step 200/3789 | Loss 3.9113
  Step 400/3789 | Loss 3.9540
  Step 600/3789 | Loss 3.9795
  Step 800/3789 | Loss 3.9508
  Step 1000/3789 | Loss 3.7933
  Step 1200/3789 | Loss 3.8591
  Step 1400/3789 | Loss 3.8980
  Step 1600/3789 | Loss 3.8416
  Step 1800/3789 | Loss 3.9254
  Step 2000/3789 | Loss 3.8201
  Step 2200/3789 | Loss 3.7668
  Step 2400/3789 | Loss 3.6028
  Step 2600/3789 | Loss 3.8764
  Step 2800/3789 | Loss 4.0633
  Step 3000/3789 | Loss 3.7616
  Step 3200/3789 | Loss 3.7692
  Step 3400/3789 | Loss 3.9586
  Step 3600/3789 | Loss 3.8694
Ep 3/3 | Val PPL 42.94 *
  scale_embed |mean|=0.3543 |max|=1.9352
  Physics: b1: α=0.0437(w≈23t) kdv=-0.0000
  Saved FullAttn checkpoint: autoresearch/checkpoints/j13d_v2_30m_ep3_full_attn.pt
  Saved resume checkpoint: autoresearch/checkpoints/j13d_v2_30m_ep3_resume.pt
  Passkey mean=72.5%
  d=1:100%  d=2:90%  d=4:50%  d=8:40%  d=16:50%  d=32:100%  d=64:80%  d=128:80%  d=256:100%  d=512:60%  d=1024:70%  d=1536:50%

---
passkey_ep1:    49.2
passkey_ep2:    72.5
passkey_ep3:    72.5
ppl_ep1:        55.07
ppl_ep2:        44.77
ppl_ep3:        42.94
ar_score:       54.20
memory_mb:      13750.0
elapsed_s:      10628.7
num_params_M:   37.7
num_layers:     6
num_offsets:    12
scale_embed_lr_mult: 15.0
ema_init:       0.003
description:    J=12 30M Science Experiment — 37.7M, D=512, L=6, FA@L2, preIF@L1, J=13D H1+Frobenius-optimal offsets, no pos_embed, 4090-tuned kernel
