Loading model...
  Loaded: checkpoints/d41_35m/best.pt  (val_ppl=?)
  Sequence length: 42 tokens
Extracting DSQG attention weights (pure Python reference)...
  Layer 0 DSQG: alpha shape torch.Size([1, 8, 42, 52]), max=1.0000, mean=0.0192
  Layer 1 DSQG: alpha shape torch.Size([1, 8, 42, 52]), max=1.0000, mean=0.0192
  Layer 2 DSQG: alpha shape torch.Size([1, 8, 42, 52]), max=1.0000, mean=0.0192
  Layer 3 DSQG: alpha shape torch.Size([1, 8, 42, 52]), max=1.0000, mean=0.0192
  Layer 4 DSQG: alpha shape torch.Size([1, 8, 42, 52]), max=1.0000, mean=0.0192

Generating visualizations in /home/dlewis3/Desktop/AI/DWARF/tools/viz_output/d41_35m/
  Saved: /home/dlewis3/Desktop/AI/DWARF/tools/viz_output/d41_35m/d41_35m_best_comparison.png
  Saved: /home/dlewis3/Desktop/AI/DWARF/tools/viz_output/d41_35m/d41_35m_best_dsqg_layer0.png
  Saved: /home/dlewis3/Desktop/AI/DWARF/tools/viz_output/d41_35m/d41_35m_best_dsqg_layer1.png
  Saved: /home/dlewis3/Desktop/AI/DWARF/tools/viz_output/d41_35m/d41_35m_best_dsqg_layer2.png
  Saved: /home/dlewis3/Desktop/AI/DWARF/tools/viz_output/d41_35m/d41_35m_best_dsqg_layer3.png
  Saved: /home/dlewis3/Desktop/AI/DWARF/tools/viz_output/d41_35m/d41_35m_best_dsqg_layer4.png
  Saved: /home/dlewis3/Desktop/AI/DWARF/tools/viz_output/d41_35m/d41_35m_best_full_attn.png
  Saved: /home/dlewis3/Desktop/AI/DWARF/tools/viz_output/d41_35m/d41_35m_best_pos_bias.png
  Saved: /home/dlewis3/Desktop/AI/DWARF/tools/viz_output/d41_35m/d41_35m_best_if_gains.png

Done. Files in /home/dlewis3/Desktop/AI/DWARF/tools/viz_output/d41_35m/
Key file: *_comparison.png — the DSQG comb vs full attention side-by-side
