======================================================================
  🔬 DWARF Autoresearch — V6J16D-35M
======================================================================
  GPU: NVIDIA GeForce RTX 4090
  D=512, H=8, L=6, FFN=2048
  IF interval=3, Full attn layer=5
  scale_embed init=0.0, LR mult=15.0
  LR=0.0003, Epochs=3
  git=0c03284
Loading FineWeb-Edu from cache: benchmarks/logs/condm_fineweb_edu_doc_cache.json
  Loaded 100,000 docs from cache
Loaded tokenizer from results/2048_condI_tokenizer.json
Loading pre-encoded dataset from logs/fineweb_encoded_2048.pt
  train: 52,716  val: 5,582 seqs
Parameters: 38,722,296 (38.7M)
  Step 200/1648 | Loss 6.1807
  Step 400/1648 | Loss 5.8643
  Step 600/1648 | Loss 5.3986
  Step 800/1648 | Loss 5.4130
  Step 1000/1648 | Loss 4.9801
  Step 1200/1648 | Loss 4.7393
  Step 1400/1648 | Loss 4.9262
  Step 1600/1648 | Loss 4.6266
Ep 1/3 | Val PPL 89.49 *
  scale_embed |mean|=0.3937 |max|=2.0124
  Passkey mean=15.0%
  d=1:20%  d=2:20%  d=4:20%  d=8:20%  d=16:20%  d=32:20%  d=64:20%  d=128:20%  d=256:20%  d=512:0%  d=1024:0%  d=1536:0%
  Step 200/1648 | Loss 4.6036
  Step 400/1648 | Loss 4.4127
  Step 600/1648 | Loss 4.4516
  Step 800/1648 | Loss 4.5197
  Step 1000/1648 | Loss 4.1954
  Step 1200/1648 | Loss 4.1411
  Step 1400/1648 | Loss 4.2890
  Step 1600/1648 | Loss 4.3535
Ep 2/3 | Val PPL 64.54 *
  scale_embed |mean|=0.3898 |max|=1.8667
  Passkey mean=11.7%
  d=1:0%  d=2:20%  d=4:20%  d=8:20%  d=16:20%  d=32:20%  d=64:20%  d=128:20%  d=256:0%  d=512:0%  d=1024:0%  d=1536:0%
  Step 200/1648 | Loss 4.2336
  Step 400/1648 | Loss 4.2891
  Step 600/1648 | Loss 4.0833
  Step 800/1648 | Loss 4.2653
  Step 1000/1648 | Loss 4.1203
  Step 1200/1648 | Loss 4.3241
  Step 1400/1648 | Loss 4.1653
  Step 1600/1648 | Loss 4.3830
Ep 3/3 | Val PPL 61.18 *
  scale_embed |mean|=0.3861 |max|=1.8569
  Passkey mean=13.3%
  d=1:0%  d=2:20%  d=4:20%  d=8:20%  d=16:20%  d=32:20%  d=64:20%  d=128:20%  d=256:0%  d=512:0%  d=1024:20%  d=1536:0%

---
passkey_ep1:    15.0
passkey_ep2:    11.7
passkey_ep3:    13.3
ppl_ep1:        89.49
ppl_ep2:        64.54
ppl_ep3:        61.18
ar_score:       10.24
memory_mb:      10204.2
elapsed_s:      4638.6
num_params_M:   38.7
num_layers:     6
num_offsets:    16
scale_embed_lr_mult: 15.0
