======================================================================
  ­¤ö¼ d41-J16D-14M ŌĆö condV physics + J16D relay-optimal offsets
======================================================================
  GPU: NVIDIA GeForce RTX 4090
  D=512, H=8, L=6, FFN=2048
  IF interval=3, Full attn layer=5
  condV physics: Kalman-EMA (╬▒ŌéĆ=0.03, floor=0.001) + KdV (╬▒ŌéĆ=0.0) + AGC
  scale_embed LR mult=15.0
  LR=0.0003, Epochs=3
  Kernel: dsqg_attention_d41j16d (V3 + J16D + NaN guards)
  git=43655f4
Loading FineWeb-Edu from cache: benchmarks/logs/condm_fineweb_edu_doc_cache.json
  Loaded 100,000 docs from cache
Loaded tokenizer from results/2048_condI_tokenizer.json
Loading pre-encoded dataset from logs/fineweb_encoded_2048.pt
  train: 52,716  val: 5,582 seqs
Parameters: 38,719,658 (38.7M)
  Step 200/1648 | Loss 6.0924
  Step 400/1648 | Loss 5.8914
  Step 600/1648 | Loss 5.5670
  Step 800/1648 | Loss 5.3318
  Step 1000/1648 | Loss 4.9557
  Step 1200/1648 | Loss 4.8264
  Step 1400/1648 | Loss 4.7186
  Step 1600/1648 | Loss 4.6245
Ep 1/3 | Val PPL 89.34 *
  scale_embed |mean|=0.3966 |max|=1.7458
  IF gains: h0:0.98  h1:0.97  h2:0.98  h3:0.98  h4:0.98  h5:0.96  h6:0.98  h7:0.97
  EMA ╬▒: b0:0.1004   (windowŌēł10t)
  KdV ╬▒: b0:-0.0004
  Passkey mean=1.7%
  d=1:0%  d=2:0%  d=4:0%  d=8:0%  d=16:0%  d=32:20%  d=64:0%  d=128:0%  d=256:0%  d=512:0%  d=1024:0%  d=1536:0%
  Step 200/1648 | Loss 4.3659
  Step 400/1648 | Loss 4.3488
  Step 600/1648 | Loss 4.2127
  Step 800/1648 | Loss 4.3148
  Step 1000/1648 | Loss 4.3975
  Step 1200/1648 | Loss 4.3626
  Step 1400/1648 | Loss 4.3480
  Step 1600/1648 | Loss 4.3097
Ep 2/3 | Val PPL 64.06 *
  scale_embed |mean|=0.3936 |max|=1.7013
  IF gains: h0:0.97  h1:0.97  h2:0.97  h3:0.97  h4:0.97  h5:0.94  h6:0.95  h7:0.95
  EMA ╬▒: b0:0.1112   (windowŌēł9t)
  KdV ╬▒: b0:-0.0004
  Passkey mean=5.0%
  d=1:0%  d=2:0%  d=4:0%  d=8:0%  d=16:0%  d=32:20%  d=64:20%  d=128:0%  d=256:20%  d=512:0%  d=1024:0%  d=1536:0%
  Step 200/1648 | Loss 4.2832
  Step 400/1648 | Loss 4.2777
  Step 600/1648 | Loss 4.1972
  Step 800/1648 | Loss 4.1068
  Step 1000/1648 | Loss 4.1951
  Step 1200/1648 | Loss 4.0896
  Step 1400/1648 | Loss 4.1485
  Step 1600/1648 | Loss 4.2481
Ep 3/3 | Val PPL 60.65 *
  scale_embed |mean|=0.3875 |max|=1.6911
  IF gains: h0:0.97  h1:0.97  h2:0.97  h3:0.97  h4:0.97  h5:0.94  h6:0.95  h7:0.95
  EMA ╬▒: b0:0.1115   (windowŌēł9t)
  KdV ╬▒: b0:-0.0004
  Passkey mean=6.7%
  d=1:0%  d=2:0%  d=4:0%  d=8:0%  d=16:0%  d=32:20%  d=64:20%  d=128:20%  d=256:20%  d=512:0%  d=1024:0%  d=1536:0%

---
passkey_ep1:    1.7
passkey_ep2:    5.0
passkey_ep3:    6.7
ppl_ep1:        89.34
ppl_ep2:        64.06
ppl_ep3:        60.65
ar_score:       3.84
memory_mb:      9869.5
elapsed_s:      3344.5
num_params_M:   38.7
num_layers:     6
num_offsets:    16
scale_embed_lr_mult: 15.0

Results appended to autoresearch/results.tsv
